TN:
SF:src/App.tsx
FN:9,(anonymous_10)
FN:9,(anonymous_11)
FN:10,(anonymous_12)
FN:10,(anonymous_13)
FN:11,(anonymous_14)
FN:11,(anonymous_15)
FN:12,(anonymous_16)
FN:12,(anonymous_17)
FN:13,(anonymous_18)
FN:13,(anonymous_19)
FN:16,(anonymous_20)
FN:18,(anonymous_21)
FN:32,App
FN:37,(anonymous_23)
FN:40,(anonymous_24)
FN:43,(anonymous_25)
FN:44,(anonymous_26)
FNF:17
FNH:7
FNDA:1,(anonymous_10)
FNDA:1,(anonymous_11)
FNDA:0,(anonymous_12)
FNDA:0,(anonymous_13)
FNDA:0,(anonymous_14)
FNDA:0,(anonymous_15)
FNDA:0,(anonymous_16)
FNDA:0,(anonymous_17)
FNDA:0,(anonymous_18)
FNDA:0,(anonymous_19)
FNDA:0,(anonymous_20)
FNDA:0,(anonymous_21)
FNDA:18,App
FNDA:18,(anonymous_23)
FNDA:18,(anonymous_24)
FNDA:18,(anonymous_25)
FNDA:1,(anonymous_26)
DA:1,1
DA:2,1
DA:3,1
DA:4,1
DA:5,1
DA:9,2
DA:10,1
DA:11,1
DA:12,1
DA:13,1
DA:16,1
DA:18,0
DA:21,1
DA:33,18
DA:34,18
DA:37,18
DA:39,18
DA:40,18
DA:43,18
DA:44,18
DA:45,1
DA:50,18
DA:52,18
DA:58,0
DA:64,0
DA:70,0
DA:76,0
DA:82,0
DA:90,18
DA:108,1
LF:30
LH:24
BRDA:50,0,0,18
BRDA:50,0,1,0
BRDA:50,0,2,0
BRDA:50,0,3,0
BRDA:50,0,4,0
BRDA:50,0,5,0
BRDA:95,1,0,18
BRDA:95,1,1,18
BRDA:95,1,2,18
BRF:9
BRH:4
end_of_record
TN:
SF:src/components/ConduitFillCalculator.tsx
FN:49,ConduitFillCalculator
FN:51,(anonymous_1)
FN:55,(anonymous_2)
FN:78,(anonymous_3)
FN:89,(anonymous_4)
FN:95,(anonymous_5)
FN:119,(anonymous_6)
FN:125,(anonymous_7)
FN:159,(anonymous_8)
FN:168,(anonymous_9)
FN:169,(anonymous_10)
FN:172,(anonymous_11)
FN:173,(anonymous_12)
FN:182,(anonymous_13)
FN:184,(anonymous_14)
FN:189,(anonymous_15)
FN:197,(anonymous_16)
FN:215,(anonymous_17)
FN:264,(anonymous_18)
FN:266,(anonymous_19)
FN:280,(anonymous_20)
FN:305,(anonymous_21)
FN:324,(anonymous_22)
FN:341,(anonymous_23)
FN:352,(anonymous_24)
FN:368,(anonymous_25)
FN:402,(anonymous_26)
FN:408,(anonymous_27)
FN:411,(anonymous_28)
FN:424,(anonymous_29)
FN:433,(anonymous_30)
FN:436,(anonymous_31)
FN:447,(anonymous_32)
FN:575,(anonymous_33)
FNF:34
FNH:23
FNDA:52,ConduitFillCalculator
FNDA:56,(anonymous_1)
FNDA:54,(anonymous_2)
FNDA:35,(anonymous_3)
FNDA:4,(anonymous_4)
FNDA:4,(anonymous_5)
FNDA:10,(anonymous_6)
FNDA:10,(anonymous_7)
FNDA:2,(anonymous_8)
FNDA:1,(anonymous_9)
FNDA:2,(anonymous_10)
FNDA:0,(anonymous_11)
FNDA:0,(anonymous_12)
FNDA:54,(anonymous_13)
FNDA:204,(anonymous_14)
FNDA:630,(anonymous_15)
FNDA:52,(anonymous_16)
FNDA:54,(anonymous_17)
FNDA:0,(anonymous_18)
FNDA:196,(anonymous_19)
FNDA:0,(anonymous_20)
FNDA:0,(anonymous_21)
FNDA:4,(anonymous_22)
FNDA:0,(anonymous_23)
FNDA:0,(anonymous_24)
FNDA:0,(anonymous_25)
FNDA:54,(anonymous_26)
FNDA:0,(anonymous_27)
FNDA:834,(anonymous_28)
FNDA:0,(anonymous_29)
FNDA:0,(anonymous_30)
FNDA:192,(anonymous_31)
FNDA:1,(anonymous_32)
FNDA:7,(anonymous_33)
DA:1,1
DA:2,1
DA:23,1
DA:24,1
DA:25,1
DA:34,1
DA:35,1
DA:36,1
DA:49,1
DA:51,52
DA:52,56
DA:55,54
DA:62,52
DA:63,52
DA:64,52
DA:65,52
DA:66,52
DA:67,52
DA:70,52
DA:71,52
DA:72,52
DA:73,52
DA:74,52
DA:75,52
DA:78,52
DA:79,35
DA:81,4
DA:82,4
DA:83,4
DA:86,4
DA:89,4
DA:90,4
DA:92,0
DA:95,4
DA:96,4
DA:97,4
DA:99,4
DA:101,3
DA:102,3
DA:103,3
DA:104,1
DA:106,1
DA:107,1
DA:108,1
DA:111,4
DA:115,4
DA:119,52
DA:120,10
DA:121,10
DA:124,10
DA:125,10
DA:139,10
DA:140,8
DA:143,8
DA:150,8
DA:152,2
DA:153,2
DA:154,2
DA:155,2
DA:159,52
DA:160,2
DA:165,2
DA:168,52
DA:169,2
DA:172,52
DA:173,0
DA:174,0
DA:177,0
DA:178,0
DA:182,52
DA:183,54
DA:184,204
DA:189,630
DA:197,52
DA:198,52
DA:199,12
DA:205,40
DA:215,52
DA:216,54
DA:217,12
DA:222,42
DA:231,52
DA:233,52
DA:264,0
DA:267,196
DA:280,0
DA:305,0
DA:324,4
DA:341,0
DA:352,0
DA:368,0
DA:403,54
DA:408,0
DA:412,834
DA:424,0
DA:433,0
DA:437,192
DA:447,1
DA:576,7
LF:99
LH:85
BRDA:49,0,0,0
BRDA:52,1,0,15
BRDA:52,1,1,41
BRDA:57,2,0,12
BRDA:57,2,1,42
BRDA:59,3,0,12
BRDA:59,3,1,42
BRDA:79,4,0,4
BRDA:79,4,1,31
BRDA:90,5,0,0
BRDA:90,5,1,4
BRDA:99,6,0,3
BRDA:99,6,1,1
BRDA:99,7,0,4
BRDA:99,7,1,3
BRDA:102,8,0,3
BRDA:102,8,1,0
BRDA:104,9,0,1
BRDA:104,9,1,0
BRDA:104,10,0,1
BRDA:104,10,1,1
BRDA:107,11,0,1
BRDA:107,11,1,0
BRDA:131,12,0,1
BRDA:131,12,1,9
BRDA:152,13,0,2
BRDA:152,13,1,0
BRDA:174,14,0,0
BRDA:174,14,1,0
BRDA:183,15,0,12
BRDA:183,15,1,42
BRDA:198,16,0,12
BRDA:198,16,1,40
BRDA:216,17,0,12
BRDA:216,17,1,42
BRDA:231,18,0,12
BRDA:231,18,1,40
BRDA:328,19,0,4
BRDA:328,19,1,48
BRDA:333,20,0,52
BRDA:333,20,1,4
BRDA:482,21,0,52
BRDA:482,21,1,3
BRDA:488,22,0,52
BRDA:488,22,1,8
BRDA:494,23,0,1
BRDA:494,23,1,7
BRDA:497,24,0,8
BRDA:497,24,1,0
BRDA:498,25,0,8
BRDA:498,25,1,0
BRDA:499,26,0,8
BRDA:499,26,1,0
BRDA:514,27,0,8
BRDA:514,27,1,8
BRDA:527,28,0,1
BRDA:527,28,1,7
BRDA:532,29,0,8
BRDA:532,29,1,8
BRDA:541,30,0,8
BRDA:541,30,1,0
BRDA:542,31,0,8
BRDA:542,31,1,0
BRDA:543,32,0,8
BRDA:543,32,1,0
BRDA:549,33,0,8
BRDA:549,33,1,0
BRDA:550,34,0,8
BRDA:550,34,1,0
BRDA:551,35,0,8
BRDA:551,35,1,0
BRDA:557,36,0,8
BRDA:557,36,1,0
BRDA:558,37,0,8
BRDA:558,37,1,0
BRDA:559,38,0,8
BRDA:559,38,1,0
BRDA:569,39,0,8
BRDA:569,39,1,8
BRDA:569,39,2,7
BRDA:590,40,0,8
BRDA:590,40,1,0
BRDA:593,41,0,8
BRDA:593,41,1,0
BRDA:600,42,0,1
BRDA:600,42,1,7
BRF:86
BRH:64
end_of_record
TN:
SF:src/components/DCApplicationSelector.tsx
FN:54,DCApplicationSelector
FN:61,(anonymous_1)
FN:74,(anonymous_2)
FN:95,(anonymous_3)
FN:131,(anonymous_4)
FN:278,(anonymous_5)
FNF:6
FNH:4
FNDA:189,DCApplicationSelector
FNDA:0,(anonymous_1)
FNDA:189,(anonymous_2)
FNDA:189,(anonymous_3)
FNDA:0,(anonymous_4)
FNDA:567,(anonymous_5)
DA:1,8
DA:14,8
DA:24,8
DA:25,8
DA:34,8
DA:44,8
DA:54,8
DA:61,189
DA:62,0
DA:64,0
DA:65,0
DA:66,0
DA:70,189
DA:71,189
DA:72,189
DA:74,189
DA:75,189
DA:77,187
DA:79,0
DA:81,1
DA:83,1
DA:85,0
DA:87,0
DA:89,0
DA:91,0
DA:95,189
DA:96,189
DA:98,187
DA:100,0
DA:102,1
DA:104,1
DA:106,0
DA:108,0
DA:110,0
DA:112,0
DA:116,189
DA:131,0
DA:279,567
LF:38
LH:23
BRDA:65,0,0,0
BRDA:65,0,1,0
BRDA:75,1,0,187
BRDA:75,1,1,0
BRDA:75,1,2,1
BRDA:75,1,3,1
BRDA:75,1,4,0
BRDA:75,1,5,0
BRDA:75,1,6,0
BRDA:75,1,7,0
BRDA:96,2,0,187
BRDA:96,2,1,0
BRDA:96,2,2,1
BRDA:96,2,3,1
BRDA:96,2,4,0
BRDA:96,2,5,0
BRDA:96,2,6,0
BRDA:96,2,7,0
BRF:18
BRH:6
end_of_record
TN:
SF:src/components/DCBreakerCalculator.tsx
FN:55,DCBreakerCalculator
FN:91,(anonymous_2)
FN:97,(anonymous_3)
FN:106,(anonymous_4)
FN:113,(anonymous_5)
FN:115,(anonymous_6)
FN:122,(anonymous_7)
FN:157,(anonymous_8)
FN:171,(anonymous_9)
FN:189,(anonymous_10)
FN:209,(anonymous_11)
FN:227,(anonymous_12)
FN:247,(anonymous_13)
FN:262,(anonymous_14)
FN:283,(anonymous_15)
FN:299,(anonymous_16)
FN:314,(anonymous_17)
FN:329,(anonymous_18)
FN:346,(anonymous_19)
FN:364,(anonymous_20)
FN:379,(anonymous_21)
FN:379,(anonymous_22)
FN:392,(anonymous_23)
FN:405,(anonymous_24)
FNF:24
FNH:11
FNDA:41,DCBreakerCalculator
FNDA:0,(anonymous_2)
FNDA:2,(anonymous_3)
FNDA:2,(anonymous_4)
FNDA:0,(anonymous_5)
FNDA:0,(anonymous_6)
FNDA:5,(anonymous_7)
FNDA:5,(anonymous_8)
FNDA:16,(anonymous_9)
FNDA:0,(anonymous_10)
FNDA:0,(anonymous_11)
FNDA:1,(anonymous_12)
FNDA:0,(anonymous_13)
FNDA:0,(anonymous_14)
FNDA:0,(anonymous_15)
FNDA:0,(anonymous_16)
FNDA:0,(anonymous_17)
FNDA:0,(anonymous_18)
FNDA:1,(anonymous_19)
FNDA:0,(anonymous_20)
FNDA:1,(anonymous_21)
FNDA:1,(anonymous_22)
FNDA:0,(anonymous_23)
FNDA:1,(anonymous_24)
DA:1,1
DA:2,1
DA:3,1
DA:21,1
DA:22,1
DA:36,1
DA:37,1
DA:55,1
DA:56,41
DA:57,41
DA:58,41
DA:59,41
DA:60,41
DA:61,41
DA:63,41
DA:75,41
DA:86,41
DA:87,41
DA:88,41
DA:91,41
DA:92,0
DA:93,0
DA:97,41
DA:98,2
DA:105,2
DA:106,2
DA:113,41
DA:114,0
DA:115,0
DA:119,0
DA:122,41
DA:123,5
DA:124,5
DA:125,5
DA:128,5
DA:149,5
DA:150,5
DA:151,0
DA:152,0
DA:153,0
DA:157,5
DA:159,5
DA:160,4
DA:162,1
DA:163,1
DA:164,1
DA:166,5
DA:171,41
DA:172,16
DA:175,41
DA:210,0
DA:211,0
DA:227,1
DA:247,0
DA:262,0
DA:283,0
DA:299,0
DA:314,0
DA:329,0
DA:346,1
DA:364,0
DA:379,1
DA:392,0
DA:405,1
LF:64
LH:46
BRDA:105,0,0,2
BRDA:105,0,1,0
BRDA:131,1,0,5
BRDA:131,1,1,0
BRDA:132,2,0,0
BRDA:132,2,1,5
BRDA:133,3,0,0
BRDA:133,3,1,5
BRDA:134,4,0,0
BRDA:134,4,1,5
BRDA:136,5,0,0
BRDA:136,5,1,5
BRDA:138,6,0,0
BRDA:138,6,1,5
BRDA:141,7,0,5
BRDA:141,7,1,5
BRDA:150,8,0,0
BRDA:150,8,1,5
BRDA:162,9,0,1
BRDA:162,9,1,0
BRDA:172,10,0,16
BRDA:172,10,1,0
BRDA:221,11,0,41
BRDA:221,11,1,41
BRDA:240,12,0,41
BRDA:240,12,1,0
BRDA:292,13,0,41
BRDA:292,13,1,0
BRDA:417,14,0,5
BRDA:417,14,1,36
BRDA:422,15,0,5
BRDA:422,15,1,36
BRDA:443,16,0,41
BRDA:443,16,1,0
BRDA:449,17,0,41
BRDA:449,17,1,4
BRDA:458,18,0,4
BRDA:458,18,1,0
BRDA:458,19,0,4
BRDA:458,19,1,4
BRDA:460,20,0,4
BRDA:460,20,1,0
BRDA:460,21,0,4
BRDA:460,21,1,4
BRDA:462,22,0,4
BRDA:462,22,1,0
BRDA:462,23,0,4
BRDA:462,23,1,4
BRDA:508,24,0,4
BRDA:508,24,1,0
BRDA:524,25,0,4
BRDA:524,25,1,4
BRDA:585,26,0,4
BRDA:585,26,1,0
BRDA:585,27,0,4
BRDA:585,27,1,4
BRDA:585,27,2,4
BRDA:585,27,3,4
BRDA:633,28,0,4
BRDA:633,28,1,0
BRF:60
BRH:41
end_of_record
TN:
SF:src/components/DCWireCalculator.tsx
FN:43,DCWireCalculator
FN:49,(anonymous_2)
FN:79,(anonymous_3)
FN:80,(anonymous_4)
FN:90,(anonymous_5)
FN:99,(anonymous_6)
FN:106,(anonymous_7)
FN:108,(anonymous_8)
FN:116,(anonymous_9)
FN:123,(anonymous_10)
FN:129,(anonymous_11)
FN:139,(anonymous_12)
FN:146,(anonymous_13)
FN:170,(anonymous_14)
FN:187,(anonymous_15)
FN:213,(anonymous_16)
FN:251,(anonymous_17)
FN:267,(anonymous_18)
FN:284,(anonymous_19)
FN:289,(anonymous_20)
FN:296,(anonymous_21)
FN:311,(anonymous_22)
FN:324,(anonymous_23)
FN:340,(anonymous_24)
FNF:24
FNH:11
FNDA:143,DCWireCalculator
FNDA:143,(anonymous_2)
FNDA:0,(anonymous_3)
FNDA:0,(anonymous_4)
FNDA:27,(anonymous_5)
FNDA:27,(anonymous_6)
FNDA:0,(anonymous_7)
FNDA:0,(anonymous_8)
FNDA:0,(anonymous_9)
FNDA:0,(anonymous_10)
FNDA:0,(anonymous_11)
FNDA:0,(anonymous_12)
FNDA:17,(anonymous_13)
FNDA:17,(anonymous_14)
FNDA:32,(anonymous_15)
FNDA:0,(anonymous_16)
FNDA:14,(anonymous_17)
FNDA:8,(anonymous_18)
FNDA:0,(anonymous_19)
FNDA:0,(anonymous_20)
FNDA:300,(anonymous_21)
FNDA:0,(anonymous_22)
FNDA:5,(anonymous_23)
FNDA:0,(anonymous_24)
DA:1,7
DA:2,7
DA:3,7
DA:19,7
DA:20,7
DA:27,7
DA:28,7
DA:29,7
DA:43,7
DA:44,143
DA:45,143
DA:46,143
DA:49,143
DA:50,143
DA:51,143
DA:54,143
DA:56,143
DA:68,143
DA:75,143
DA:76,143
DA:77,143
DA:79,143
DA:80,0
DA:85,0
DA:86,0
DA:90,143
DA:91,27
DA:98,27
DA:99,27
DA:106,143
DA:107,0
DA:108,0
DA:112,0
DA:113,0
DA:116,143
DA:117,0
DA:120,0
DA:121,0
DA:122,0
DA:123,0
DA:129,0
DA:135,0
DA:136,0
DA:139,143
DA:140,0
DA:142,0
DA:143,0
DA:146,143
DA:147,17
DA:148,17
DA:149,17
DA:152,17
DA:162,17
DA:163,17
DA:164,0
DA:165,0
DA:166,0
DA:170,17
DA:172,17
DA:173,17
DA:175,0
DA:176,0
DA:177,0
DA:179,17
DA:184,143
DA:187,143
DA:188,32
DA:189,0
DA:190,0
DA:193,143
DA:213,0
DA:251,14
DA:267,8
DA:285,0
DA:286,0
DA:287,0
DA:289,0
DA:297,300
DA:311,0
DA:324,5
DA:340,0
LF:81
LH:48
BRDA:43,0,0,100
BRDA:51,1,0,143
BRDA:51,1,1,0
BRDA:92,2,0,14
BRDA:92,2,1,13
BRDA:92,3,0,8
BRDA:92,3,1,5
BRDA:98,4,0,27
BRDA:98,4,1,0
BRDA:121,5,0,0
BRDA:121,5,1,0
BRDA:121,6,0,0
BRDA:121,6,1,0
BRDA:163,7,0,0
BRDA:163,7,1,17
BRDA:175,8,0,0
BRDA:175,8,1,0
BRDA:188,9,0,32
BRDA:188,9,1,0
BRDA:189,10,0,0
BRDA:189,10,1,0
BRDA:221,11,0,143
BRDA:221,11,1,0
BRDA:264,12,0,143
BRDA:264,12,1,0
BRDA:274,13,0,0
BRDA:274,13,1,143
BRDA:353,14,0,17
BRDA:353,14,1,126
BRDA:358,15,0,17
BRDA:358,15,1,126
BRDA:379,16,0,143
BRDA:379,16,1,0
BRDA:385,17,0,143
BRDA:385,17,1,16
BRDA:391,18,0,16
BRDA:391,18,1,0
BRDA:394,19,0,14
BRDA:394,19,1,2
BRDA:394,20,0,16
BRDA:394,20,1,16
BRDA:396,21,0,14
BRDA:396,21,1,2
BRDA:396,22,0,16
BRDA:396,22,1,16
BRDA:398,23,0,14
BRDA:398,23,1,2
BRDA:398,24,0,16
BRDA:398,24,1,16
BRDA:473,25,0,14
BRDA:473,25,1,2
BRDA:473,26,0,16
BRDA:473,26,1,16
BRDA:480,27,0,16
BRDA:480,27,1,0
BRDA:481,28,0,14
BRDA:481,28,1,2
BRDA:482,29,0,16
BRDA:482,29,1,0
BRDA:483,30,0,14
BRDA:483,30,1,2
BRDA:491,31,0,0
BRDA:491,31,1,16
BRF:63
BRH:43
end_of_record
TN:
SF:src/components/Layout.tsx
FN:42,Layout
FN:78,(anonymous_1)
FN:82,(anonymous_2)
FNF:3
FNH:2
FNDA:18,Layout
FNDA:90,(anonymous_1)
FNDA:0,(anonymous_2)
DA:2,1
DA:18,1
DA:26,1
DA:34,1
DA:42,1
DA:43,18
DA:44,18
DA:46,18
DA:79,90
DA:82,0
LF:10
LH:9
BRDA:65,0,0,0
BRDA:65,0,1,18
BRF:2
BRH:1
end_of_record
TN:
SF:src/components/StandardSelector.tsx
FN:22,StandardSelector
FN:25,(anonymous_1)
FN:28,(anonymous_2)
FN:53,(anonymous_3)
FN:61,(anonymous_4)
FN:86,(anonymous_5)
FNF:6
FNH:5
FNDA:18,StandardSelector
FNDA:18,(anonymous_1)
FNDA:126,(anonymous_2)
FNDA:0,(anonymous_3)
FNDA:54,(anonymous_4)
FNDA:72,(anonymous_5)
DA:1,1
DA:13,1
DA:14,1
DA:22,1
DA:23,18
DA:24,18
DA:25,18
DA:26,18
DA:28,18
DA:29,126
DA:30,18
DA:31,18
DA:32,18
DA:33,18
DA:34,54
DA:38,18
DA:53,0
DA:62,54
DA:63,54
DA:87,72
DA:88,72
LF:21
LH:20
BRDA:29,0,0,18
BRDA:29,0,1,18
BRDA:29,0,2,18
BRDA:29,0,3,18
BRDA:29,0,4,54
BRDA:107,1,0,18
BRDA:107,1,1,18
BRDA:116,2,0,18
BRDA:116,2,1,0
BRDA:119,3,0,0
BRDA:119,3,1,18
BRDA:126,4,0,0
BRDA:126,4,1,18
BRDA:128,5,0,18
BRDA:128,5,1,0
BRDA:130,6,0,0
BRDA:130,6,1,0
BRDA:140,7,0,0
BRDA:140,7,1,18
BRDA:158,8,0,0
BRDA:158,8,1,0
BRDA:164,9,0,0
BRDA:164,9,1,0
BRDA:166,10,0,0
BRDA:166,10,1,0
BRDA:168,11,0,0
BRDA:168,11,1,0
BRDA:170,12,0,0
BRDA:170,12,1,0
BRF:29
BRH:12
end_of_record
TN:
SF:src/components/UniversalWireCalculator.tsx
FN:41,UniversalWireCalculator
FN:73,(anonymous_1)
FN:90,(anonymous_2)
FN:99,(anonymous_3)
FN:144,(anonymous_4)
FN:145,(anonymous_5)
FN:152,(anonymous_6)
FN:161,(anonymous_7)
FN:193,(anonymous_8)
FN:210,(anonymous_9)
FN:229,(anonymous_10)
FN:249,(anonymous_11)
FN:253,(anonymous_12)
FN:258,(anonymous_13)
FN:272,(anonymous_14)
FN:286,(anonymous_15)
FN:288,(anonymous_16)
FN:302,(anonymous_17)
FN:316,(anonymous_18)
FN:331,(anonymous_19)
FN:347,(anonymous_20)
FN:405,(anonymous_21)
FN:424,(anonymous_22)
FN:443,(anonymous_23)
FN:509,(anonymous_24)
FN:541,(anonymous_25)
FNF:26
FNH:13
FNDA:112,UniversalWireCalculator
FNDA:50,(anonymous_1)
FNDA:50,(anonymous_2)
FNDA:0,(anonymous_3)
FNDA:0,(anonymous_4)
FNDA:0,(anonymous_5)
FNDA:11,(anonymous_6)
FNDA:11,(anonymous_7)
FNDA:7,(anonymous_8)
FNDA:2,(anonymous_9)
FNDA:0,(anonymous_10)
FNDA:0,(anonymous_11)
FNDA:85,(anonymous_12)
FNDA:154,(anonymous_13)
FNDA:0,(anonymous_14)
FNDA:0,(anonymous_15)
FNDA:393,(anonymous_16)
FNDA:1,(anonymous_17)
FNDA:1,(anonymous_18)
FNDA:1,(anonymous_19)
FNDA:0,(anonymous_20)
FNDA:0,(anonymous_21)
FNDA:0,(anonymous_22)
FNDA:0,(anonymous_23)
FNDA:0,(anonymous_24)
FNDA:0,(anonymous_25)
DA:1,4
DA:2,4
DA:3,4
DA:20,4
DA:21,4
DA:22,4
DA:23,4
DA:24,4
DA:41,4
DA:42,112
DA:56,112
DA:64,112
DA:65,112
DA:66,112
DA:68,112
DA:69,112
DA:70,112
DA:73,112
DA:74,50
DA:75,50
DA:80,50
DA:82,16
DA:83,16
DA:86,34
DA:87,34
DA:90,50
DA:99,112
DA:100,0
DA:101,0
DA:104,0
DA:134,0
DA:135,0
DA:138,0
DA:139,0
DA:140,0
DA:144,112
DA:145,0
DA:152,112
DA:153,11
DA:160,11
DA:161,11
DA:168,112
DA:170,112
DA:193,7
DA:210,2
DA:230,0
DA:231,0
DA:232,0
DA:233,0
DA:249,0
DA:254,85
DA:259,154
DA:272,0
DA:286,0
DA:289,393
DA:302,1
DA:316,1
DA:331,1
DA:347,0
DA:406,0
DA:409,0
DA:410,0
DA:414,0
DA:415,0
DA:417,0
DA:418,0
DA:420,0
DA:422,0
DA:425,0
DA:428,0
DA:429,0
DA:433,0
DA:434,0
DA:436,0
DA:437,0
DA:439,0
DA:441,0
DA:444,0
DA:447,0
DA:448,0
DA:452,0
DA:453,0
DA:455,0
DA:456,0
DA:458,0
DA:460,0
DA:509,0
DA:541,0
LF:88
LH:42
BRDA:46,0,0,77
BRDA:46,0,1,35
BRDA:48,1,0,77
BRDA:48,1,1,35
BRDA:80,2,0,16
BRDA:80,2,1,34
BRDA:82,3,0,16
BRDA:82,3,1,0
BRDA:86,4,0,34
BRDA:86,4,1,0
BRDA:95,5,0,34
BRDA:95,5,1,16
BRDA:117,6,0,0
BRDA:117,6,1,0
BRDA:125,7,0,0
BRDA:125,7,1,0
BRDA:138,8,0,0
BRDA:138,8,1,0
BRDA:154,9,0,7
BRDA:154,9,1,4
BRDA:154,10,0,2
BRDA:154,10,1,2
BRDA:160,11,0,11
BRDA:160,11,1,0
BRDA:168,12,0,112
BRDA:168,12,1,112
BRDA:207,13,0,77
BRDA:207,13,1,35
BRDA:222,14,0,112
BRDA:222,14,1,77
BRDA:233,15,0,0
BRDA:233,15,1,0
BRDA:245,16,0,35
BRDA:245,16,1,77
BRDA:248,17,0,35
BRDA:248,17,1,77
BRDA:251,18,0,35
BRDA:251,18,1,77
BRDA:253,19,0,35
BRDA:253,19,1,0
BRDA:258,20,0,77
BRDA:258,20,1,0
BRDA:309,21,0,112
BRDA:309,21,1,3
BRDA:341,22,0,3
BRDA:341,22,1,0
BRDA:383,23,0,112
BRDA:383,23,1,0
BRDA:389,24,0,112
BRDA:389,24,1,0
BRDA:396,25,0,0
BRDA:396,25,1,0
BRDA:398,26,0,0
BRDA:398,26,1,0
BRDA:406,27,0,0
BRDA:406,27,1,0
BRDA:409,28,0,0
BRDA:409,28,1,0
BRDA:410,29,0,0
BRDA:410,29,1,0
BRDA:414,30,0,0
BRDA:414,30,1,0
BRDA:414,31,0,0
BRDA:414,31,1,0
BRDA:415,32,0,0
BRDA:415,32,1,0
BRDA:418,33,0,0
BRDA:418,33,1,0
BRDA:418,33,2,0
BRDA:418,33,3,0
BRDA:420,34,0,0
BRDA:420,34,1,0
BRDA:425,35,0,0
BRDA:425,35,1,0
BRDA:428,36,0,0
BRDA:428,36,1,0
BRDA:429,37,0,0
BRDA:429,37,1,0
BRDA:433,38,0,0
BRDA:433,38,1,0
BRDA:433,39,0,0
BRDA:433,39,1,0
BRDA:434,40,0,0
BRDA:434,40,1,0
BRDA:437,41,0,0
BRDA:437,41,1,0
BRDA:437,41,2,0
BRDA:437,41,3,0
BRDA:439,42,0,0
BRDA:439,42,1,0
BRDA:444,43,0,0
BRDA:444,43,1,0
BRDA:447,44,0,0
BRDA:447,44,1,0
BRDA:448,45,0,0
BRDA:448,45,1,0
BRDA:452,46,0,0
BRDA:452,46,1,0
BRDA:452,47,0,0
BRDA:452,47,1,0
BRDA:453,48,0,0
BRDA:453,48,1,0
BRDA:456,49,0,0
BRDA:456,49,1,0
BRDA:456,49,2,0
BRDA:456,49,3,0
BRDA:458,50,0,0
BRDA:458,50,1,0
BRDA:476,51,0,0
BRDA:476,51,1,0
BRDA:478,52,0,0
BRDA:478,52,1,0
BRDA:480,53,0,0
BRDA:480,53,1,0
BRDA:503,54,0,0
BRDA:503,54,1,0
BRDA:503,54,2,0
BRDA:509,55,0,0
BRDA:509,55,1,0
BRDA:509,56,0,0
BRDA:509,56,1,0
BRDA:521,57,0,0
BRDA:521,57,1,0
BRDA:521,58,0,0
BRDA:521,58,1,0
BRDA:521,59,0,0
BRDA:521,59,1,0
BRDA:523,60,0,0
BRDA:523,60,1,0
BRDA:523,61,0,0
BRDA:523,61,1,0
BRDA:523,62,0,0
BRDA:523,62,1,0
BRDA:527,63,0,0
BRDA:527,63,1,0
BRDA:527,64,0,0
BRDA:527,64,1,0
BRDA:529,65,0,0
BRDA:529,65,1,0
BRDA:529,66,0,0
BRDA:529,66,1,0
BRDA:535,67,0,0
BRDA:535,67,1,0
BRDA:535,67,2,0
BRDA:535,67,3,0
BRDA:541,68,0,0
BRDA:541,68,1,0
BRF:147
BRH:34
end_of_record
TN:
SF:src/components/VoltageDropCalculator.tsx
FN:30,VoltageDropCalculator
FN:45,(anonymous_1)
FN:52,(anonymous_2)
FN:89,(anonymous_3)
FN:124,(anonymous_4)
FN:125,(anonymous_5)
FN:135,(anonymous_6)
FN:137,(anonymous_7)
FN:142,(anonymous_8)
FN:189,(anonymous_9)
FN:191,(anonymous_10)
FN:205,(anonymous_11)
FN:216,(anonymous_12)
FN:229,(anonymous_13)
FN:231,(anonymous_14)
FN:246,(anonymous_15)
FN:260,(anonymous_16)
FNF:17
FNH:9
FNDA:22,VoltageDropCalculator
FNDA:19,(anonymous_1)
FNDA:1,(anonymous_2)
FNDA:3,(anonymous_3)
FNDA:0,(anonymous_4)
FNDA:0,(anonymous_5)
FNDA:22,(anonymous_6)
FNDA:180,(anonymous_7)
FNDA:216,(anonymous_8)
FNDA:0,(anonymous_9)
FNDA:396,(anonymous_10)
FNDA:0,(anonymous_11)
FNDA:0,(anonymous_12)
FNDA:0,(anonymous_13)
FNDA:102,(anonymous_14)
FNDA:0,(anonymous_15)
FNDA:0,(anonymous_16)
DA:1,1
DA:2,1
DA:17,1
DA:18,1
DA:19,1
DA:22,1
DA:23,1
DA:24,1
DA:30,1
DA:31,22
DA:40,22
DA:41,22
DA:42,22
DA:45,22
DA:46,19
DA:48,1
DA:49,1
DA:52,1
DA:53,1
DA:56,1
DA:57,1
DA:59,1
DA:60,1
DA:61,0
DA:62,0
DA:63,0
DA:65,1
DA:66,0
DA:67,0
DA:68,0
DA:69,0
DA:70,0
DA:72,0
DA:73,0
DA:74,0
DA:75,0
DA:76,0
DA:78,0
DA:79,0
DA:82,1
DA:85,1
DA:89,22
DA:90,3
DA:91,3
DA:94,3
DA:109,0
DA:116,0
DA:118,3
DA:119,3
DA:120,3
DA:124,22
DA:125,0
DA:130,0
DA:131,0
DA:135,22
DA:136,22
DA:137,180
DA:142,216
DA:150,22
DA:151,22
DA:154,22
DA:155,22
DA:156,22
DA:158,22
DA:189,0
DA:192,396
DA:205,0
DA:216,0
DA:229,0
DA:232,102
DA:246,0
DA:260,0
LF:72
LH:46
BRDA:30,0,0,0
BRDA:32,1,0,10
BRDA:32,1,1,12
BRDA:34,2,0,10
BRDA:34,2,1,12
BRDA:35,3,0,10
BRDA:35,3,1,12
BRDA:46,4,0,1
BRDA:46,4,1,18
BRDA:56,5,0,1
BRDA:56,5,1,0
BRDA:56,6,0,1
BRDA:56,6,1,1
BRDA:59,7,0,0
BRDA:59,7,1,1
BRDA:60,8,0,1
BRDA:60,8,1,0
BRDA:61,9,0,0
BRDA:61,9,1,0
BRDA:62,10,0,0
BRDA:62,10,1,0
BRDA:65,11,0,1
BRDA:65,11,1,0
BRDA:66,12,0,0
BRDA:66,12,1,0
BRDA:67,13,0,0
BRDA:67,13,1,0
BRDA:68,14,0,0
BRDA:68,14,1,0
BRDA:69,15,0,0
BRDA:69,15,1,0
BRDA:69,16,0,0
BRDA:69,16,1,0
BRDA:72,17,0,0
BRDA:72,17,1,0
BRDA:73,18,0,0
BRDA:73,18,1,0
BRDA:74,19,0,0
BRDA:74,19,1,0
BRDA:75,20,0,0
BRDA:75,20,1,0
BRDA:78,21,0,0
BRDA:78,21,1,0
BRDA:79,22,0,0
BRDA:79,22,1,0
BRDA:95,23,0,3
BRDA:95,23,1,0
BRDA:99,24,0,0
BRDA:99,24,1,3
BRDA:103,25,0,1
BRDA:103,25,1,2
BRDA:103,26,0,0
BRDA:103,26,1,2
BRDA:104,27,0,2
BRDA:104,27,1,1
BRDA:118,28,0,3
BRDA:118,28,1,0
BRDA:136,29,0,10
BRDA:136,29,1,12
BRDA:150,30,0,10
BRDA:150,30,1,12
BRDA:154,31,0,10
BRDA:154,31,1,12
BRDA:155,32,0,10
BRDA:155,32,1,12
BRDA:156,33,0,10
BRDA:156,33,1,12
BRDA:219,34,0,10
BRDA:219,34,1,12
BRDA:291,35,0,22
BRDA:291,35,1,4
BRDA:297,36,0,22
BRDA:297,36,1,0
BRDA:306,37,0,0
BRDA:306,37,1,0
BRDA:307,38,0,0
BRDA:307,38,1,0
BRDA:308,39,0,0
BRDA:308,39,1,0
BRDA:338,40,0,0
BRDA:338,40,1,0
BRDA:341,41,0,0
BRDA:341,41,1,0
BRDA:348,42,0,0
BRDA:348,42,1,0
BRF:85
BRH:37
end_of_record
TN:
SF:src/components/charts/ConduitFillChart.tsx
FN:43,(anonymous_9)
FN:52,(anonymous_10)
FN:57,(anonymous_11)
FN:58,(anonymous_12)
FN:65,(anonymous_13)
FN:88,(anonymous_14)
FN:106,(anonymous_15)
FN:131,(anonymous_16)
FN:132,(anonymous_17)
FN:149,(anonymous_18)
FN:163,(anonymous_19)
FN:168,(anonymous_20)
FN:173,(anonymous_21)
FN:187,(anonymous_22)
FN:209,(anonymous_23)
FN:210,(anonymous_24)
FN:255,(anonymous_25)
FN:256,(anonymous_26)
FNF:18
FNH:0
FNDA:0,(anonymous_9)
FNDA:0,(anonymous_10)
FNDA:0,(anonymous_11)
FNDA:0,(anonymous_12)
FNDA:0,(anonymous_13)
FNDA:0,(anonymous_14)
FNDA:0,(anonymous_15)
FNDA:0,(anonymous_16)
FNDA:0,(anonymous_17)
FNDA:0,(anonymous_18)
FNDA:0,(anonymous_19)
FNDA:0,(anonymous_20)
FNDA:0,(anonymous_21)
FNDA:0,(anonymous_22)
FNDA:0,(anonymous_23)
FNDA:0,(anonymous_24)
FNDA:0,(anonymous_25)
FNDA:0,(anonymous_26)
DA:1,0
DA:2,0
DA:16,0
DA:28,0
DA:30,0
DA:43,0
DA:49,0
DA:52,0
DA:53,0
DA:57,0
DA:58,0
DA:61,0
DA:62,0
DA:65,0
DA:66,0
DA:67,0
DA:68,0
DA:80,0
DA:86,0
DA:88,0
DA:89,0
DA:90,0
DA:92,0
DA:95,0
DA:106,0
DA:131,0
DA:132,0
DA:150,0
DA:163,0
DA:169,0
DA:173,0
DA:188,0
DA:210,0
DA:211,0
DA:212,0
DA:226,0
DA:256,0
DA:257,0
DA:258,0
DA:259,0
DA:265,0
DA:279,0
LF:42
LH:0
BRDA:45,0,0,0
BRDA:47,1,0,0
BRDA:61,2,0,0
BRDA:61,2,1,0
BRDA:66,3,0,0
BRDA:66,3,1,0
BRDA:89,4,0,0
BRDA:89,4,1,0
BRDA:89,5,0,0
BRDA:89,5,1,0
BRDA:92,6,0,0
BRDA:92,6,1,0
BRDA:118,7,0,0
BRDA:118,7,1,0
BRDA:118,8,0,0
BRDA:118,8,1,0
BRDA:201,9,0,0
BRDA:201,9,1,0
BRDA:211,10,0,0
BRDA:211,10,1,0
BRDA:218,11,0,0
BRDA:218,11,1,0
BRDA:219,12,0,0
BRDA:219,12,1,0
BRDA:250,13,0,0
BRDA:250,13,1,0
BRDA:257,14,0,0
BRDA:257,14,1,0
BRF:28
BRH:0
end_of_record
TN:
SF:src/components/charts/WireAreaChart.tsx
FN:48,(anonymous_9)
FN:56,(anonymous_10)
FN:57,(anonymous_11)
FN:62,(anonymous_12)
FN:63,(anonymous_13)
FN:96,(anonymous_14)
FN:106,(anonymous_15)
FN:107,(anonymous_16)
FN:116,(anonymous_17)
FN:119,(anonymous_18)
FN:126,(anonymous_19)
FN:135,(anonymous_20)
FN:146,(anonymous_21)
FN:159,(anonymous_22)
FN:164,(anonymous_23)
FN:169,(anonymous_24)
FN:195,(anonymous_25)
FN:199,(anonymous_26)
FN:210,(anonymous_27)
FN:238,(anonymous_28)
FN:281,(anonymous_29)
FN:282,(anonymous_30)
FN:313,(anonymous_31)
FN:350,(anonymous_32)
FNF:24
FNH:0
FNDA:0,(anonymous_9)
FNDA:0,(anonymous_10)
FNDA:0,(anonymous_11)
FNDA:0,(anonymous_12)
FNDA:0,(anonymous_13)
FNDA:0,(anonymous_14)
FNDA:0,(anonymous_15)
FNDA:0,(anonymous_16)
FNDA:0,(anonymous_17)
FNDA:0,(anonymous_18)
FNDA:0,(anonymous_19)
FNDA:0,(anonymous_20)
FNDA:0,(anonymous_21)
FNDA:0,(anonymous_22)
FNDA:0,(anonymous_23)
FNDA:0,(anonymous_24)
FNDA:0,(anonymous_25)
FNDA:0,(anonymous_26)
FNDA:0,(anonymous_27)
FNDA:0,(anonymous_28)
FNDA:0,(anonymous_29)
FNDA:0,(anonymous_30)
FNDA:0,(anonymous_31)
FNDA:0,(anonymous_32)
DA:1,0
DA:2,0
DA:17,0
DA:35,0
DA:36,0
DA:48,0
DA:53,0
DA:56,0
DA:57,0
DA:58,0
DA:59,0
DA:61,0
DA:62,0
DA:63,0
DA:65,0
DA:67,0
DA:68,0
DA:69,0
DA:81,0
DA:83,0
DA:96,0
DA:100,0
DA:106,0
DA:107,0
DA:116,0
DA:117,0
DA:119,0
DA:126,0
DA:135,0
DA:146,0
DA:147,0
DA:149,0
DA:151,0
DA:159,0
DA:165,0
DA:169,0
DA:177,0
DA:195,0
DA:200,0
DA:201,0
DA:202,0
DA:204,0
DA:211,0
DA:212,0
DA:213,0
DA:222,0
DA:239,0
DA:272,0
DA:281,0
DA:282,0
DA:302,0
DA:313,0
DA:351,0
DA:372,0
LF:54
LH:0
BRDA:50,0,0,0
BRDA:51,1,0,0
BRDA:61,2,0,0
BRDA:61,2,1,0
BRDA:65,3,0,0
BRDA:65,3,1,0
BRDA:67,4,0,0
BRDA:67,4,1,0
BRDA:77,5,0,0
BRDA:77,5,1,0
BRDA:92,6,0,0
BRDA:92,6,1,0
BRDA:117,7,0,0
BRDA:117,7,1,0
BRDA:117,7,2,0
BRDA:149,8,0,0
BRDA:149,8,1,0
BRDA:149,8,2,0
BRDA:149,8,3,0
BRDA:196,9,0,0
BRDA:196,9,1,0
BRDA:197,10,0,0
BRDA:197,10,1,0
BRDA:200,11,0,0
BRDA:200,11,1,0
BRDA:200,12,0,0
BRDA:200,12,1,0
BRDA:212,13,0,0
BRDA:212,13,1,0
BRDA:248,14,0,0
BRDA:248,14,1,0
BRDA:286,15,0,0
BRDA:286,15,1,0
BRDA:293,16,0,0
BRDA:293,16,1,0
BRF:35
BRH:0
end_of_record
TN:
SF:src/standards/index.ts
FN:126,(anonymous_0)
FN:134,(anonymous_1)
FN:139,(anonymous_2)
FN:140,(anonymous_3)
FN:145,(anonymous_4)
FN:146,(anonymous_5)
FN:151,(anonymous_6)
FN:152,(anonymous_7)
FN:157,(anonymous_8)
FN:162,(anonymous_9)
FNF:10
FNH:7
FNDA:0,(anonymous_0)
FNDA:18,(anonymous_1)
FNDA:18,(anonymous_2)
FNDA:126,(anonymous_3)
FNDA:18,(anonymous_4)
FNDA:126,(anonymous_5)
FNDA:0,(anonymous_6)
FNDA:0,(anonymous_7)
FNDA:180,(anonymous_8)
FNDA:475,(anonymous_9)
DA:3,10
DA:126,10
DA:127,0
DA:128,0
DA:129,0
DA:131,0
DA:134,10
DA:135,18
DA:139,10
DA:140,18
DA:141,126
DA:145,10
DA:146,18
DA:147,126
DA:151,10
DA:152,0
DA:153,0
DA:157,10
DA:158,180
DA:159,180
DA:162,10
DA:163,475
DA:164,475
LF:23
LH:17
BRDA:128,0,0,0
BRDA:128,0,1,0
BRDA:159,1,0,180
BRDA:159,1,1,0
BRDA:164,2,0,475
BRDA:164,2,1,0
BRF:6
BRH:2
end_of_record
TN:
SF:src/standards/dc/applications.ts
FN:140,(anonymous_0)
FN:151,(anonymous_1)
FN:158,(anonymous_2)
FN:169,(anonymous_3)
FNF:4
FNH:2
FNDA:227,(anonymous_0)
FNDA:0,(anonymous_1)
FNDA:17,(anonymous_2)
FNDA:0,(anonymous_3)
DA:9,15
DA:140,15
DA:141,227
DA:142,227
DA:143,0
DA:145,227
DA:151,15
DA:152,0
DA:158,15
DA:162,17
DA:163,17
DA:169,15
DA:174,0
DA:178,0
DA:179,0
DA:180,0
DA:181,0
DA:182,0
DA:183,0
DA:186,0
LF:20
LH:10
BRDA:142,0,0,0
BRDA:142,0,1,227
BRDA:160,1,0,0
BRDA:163,2,0,17
BRDA:163,2,1,0
BRDA:178,3,0,0
BRDA:178,3,1,0
BRDA:179,4,0,0
BRDA:179,4,1,0
BRDA:180,5,0,0
BRDA:180,5,1,0
BRDA:181,6,0,0
BRDA:181,6,1,0
BRDA:182,7,0,0
BRDA:182,7,1,0
BRDA:183,8,0,0
BRDA:183,8,1,0
BRF:17
BRH:2
end_of_record
TN:
SF:src/standards/dc/wireTables.ts
FN:182,(anonymous_0)
FN:182,(anonymous_1)
FN:198,(anonymous_2)
FN:198,(anonymous_3)
FN:238,(anonymous_4)
FN:240,(anonymous_5)
FN:251,(anonymous_6)
FN:251,(anonymous_7)
FN:267,(anonymous_8)
FN:269,(anonymous_9)
FN:281,getWireTableByApplication
FN:303,getWireByGauge
FN:305,(anonymous_12)
FN:311,getSuitableWires
FN:318,(anonymous_14)
FN:324,(anonymous_15)
FN:361,getTemperatureCorrectionFactor
FN:369,(anonymous_17)
FNF:18
FNH:13
FNDA:140,(anonymous_0)
FNDA:130,(anonymous_1)
FNDA:140,(anonymous_2)
FNDA:110,(anonymous_3)
FNDA:140,(anonymous_4)
FNDA:20,(anonymous_5)
FNDA:140,(anonymous_6)
FNDA:110,(anonymous_7)
FNDA:140,(anonymous_8)
FNDA:30,(anonymous_9)
FNDA:21,getWireTableByApplication
FNDA:0,getWireByGauge
FNDA:0,(anonymous_12)
FNDA:0,getSuitableWires
FNDA:0,(anonymous_14)
FNDA:0,(anonymous_15)
FNDA:21,getTemperatureCorrectionFactor
FNDA:248,(anonymous_17)
DA:9,10
DA:181,10
DA:182,140
DA:197,10
DA:198,140
DA:213,10
DA:239,140
DA:240,20
DA:250,10
DA:251,140
DA:266,10
DA:268,140
DA:269,30
DA:281,10
DA:282,21
DA:284,11
DA:286,2
DA:288,4
DA:290,2
DA:292,2
DA:294,0
DA:296,0
DA:303,10
DA:304,0
DA:305,0
DA:311,10
DA:316,0
DA:318,0
DA:319,0
DA:323,0
DA:326,0
DA:327,0
DA:328,0
DA:335,10
DA:361,10
DA:365,21
DA:366,21
DA:369,248
DA:371,21
DA:372,21
DA:375,21
DA:376,78
DA:377,21
DA:378,21
DA:379,21
DA:380,21
DA:383,21
DA:384,21
DA:388,0
LF:49
LH:37
BRDA:190,0,0,130
BRDA:190,0,1,0
BRDA:206,1,0,110
BRDA:206,1,1,0
BRDA:239,2,0,140
BRDA:239,2,1,20
BRDA:239,2,2,20
BRDA:259,3,0,110
BRDA:259,3,1,0
BRDA:268,4,0,140
BRDA:268,4,1,30
BRDA:268,4,2,30
BRDA:282,5,0,11
BRDA:282,5,1,2
BRDA:282,5,2,4
BRDA:282,5,3,2
BRDA:282,5,4,2
BRDA:282,5,5,0
BRDA:282,5,6,0
BRDA:314,6,0,0
BRDA:319,7,0,0
BRDA:319,7,1,0
BRDA:321,8,0,0
BRDA:321,8,1,0
BRDA:326,9,0,0
BRDA:326,9,1,0
BRDA:326,10,0,0
BRDA:326,10,1,0
BRDA:327,11,0,0
BRDA:327,11,1,0
BRDA:327,12,0,0
BRDA:327,12,1,0
BRDA:366,13,0,0
BRDA:366,13,1,21
BRDA:371,14,0,0
BRDA:371,14,1,21
BRDA:372,15,0,0
BRDA:372,15,1,21
BRDA:376,16,0,21
BRDA:376,16,1,57
BRDA:376,17,0,78
BRDA:376,17,1,78
BRF:42
BRH:21
end_of_record
TN:
SF:src/standards/dc/automotive/automotiveVoltages.ts
FN:208,getAutomotiveVoltageSystem
FN:209,(anonymous_1)
FN:219,getAutomotiveEfficiency
FN:226,getAutomotiveSafetyFactors
FN:236,calculateAutomotiveCurrent
FN:248,getTypicalAutomotiveLoads
FN:260,getAutomotiveVoltageRecommendations
FN:292,compareAutomotiveVoltageSystems
FN:300,(anonymous_8)
FN:313,calculateFuseRating
FN:324,(anonymous_10)
FNF:11
FNH:11
FNDA:278,getAutomotiveVoltageSystem
FNDA:537,(anonymous_1)
FNDA:103,getAutomotiveEfficiency
FNDA:96,getAutomotiveSafetyFactors
FNDA:72,calculateAutomotiveCurrent
FNDA:5,getTypicalAutomotiveLoads
FNDA:6,getAutomotiveVoltageRecommendations
FNDA:5,compareAutomotiveVoltageSystems
FNDA:20,(anonymous_8)
FNDA:20,calculateFuseRating
FNDA:182,(anonymous_10)
DA:31,4
DA:208,4
DA:209,537
DA:210,278
DA:211,2
DA:213,276
DA:219,4
DA:220,103
DA:226,4
DA:230,96
DA:236,4
DA:241,72
DA:242,72
DA:248,4
DA:254,5
DA:260,4
DA:264,6
DA:267,6
DA:268,4
DA:272,6
DA:273,5
DA:277,6
DA:278,4
DA:282,6
DA:283,5
DA:286,6
DA:292,4
DA:300,20
DA:314,20
DA:315,20
DA:316,20
DA:318,20
DA:319,4
DA:323,16
DA:324,182
DA:326,16
LF:36
LH:36
BRDA:210,0,0,2
BRDA:210,0,1,276
BRDA:241,1,0,72
BRDA:241,1,1,48
BRDA:267,2,0,4
BRDA:267,2,1,2
BRDA:267,3,0,6
BRDA:267,3,1,5
BRDA:272,4,0,5
BRDA:272,4,1,1
BRDA:272,5,0,6
BRDA:272,5,1,5
BRDA:277,6,0,4
BRDA:277,6,1,2
BRDA:277,7,0,6
BRDA:277,7,1,5
BRDA:282,8,0,5
BRDA:282,8,1,1
BRDA:282,9,0,6
BRDA:282,9,1,6
BRDA:318,10,0,4
BRDA:318,10,1,16
BRDA:326,11,0,16
BRDA:326,11,1,0
BRF:24
BRH:23
end_of_record
TN:
SF:src/standards/dc/automotive/iso8820Standards.ts
FN:466,getAutomotiveFuseSpecifications
FN:472,(anonymous_1)
FN:481,getPrimaryAutomotiveFuseRecommendation
FN:491,(anonymous_3)
FN:511,getAvailableAutomotiveFuseRatings
FN:516,(anonymous_5)
FN:519,(anonymous_6)
FN:519,(anonymous_7)
FN:525,getNextAutomotiveFuseRating
FN:531,(anonymous_9)
FN:538,getAutomotiveFuseColor
FN:539,(anonymous_11)
FNF:12
FNH:12
FNDA:147,getAutomotiveFuseSpecifications
FNDA:5145,(anonymous_1)
FNDA:75,getPrimaryAutomotiveFuseRecommendation
FNDA:141,(anonymous_3)
FNDA:149,getAvailableAutomotiveFuseRatings
FNDA:5215,(anonymous_5)
FNDA:4773,(anonymous_6)
FNDA:2519,(anonymous_7)
FNDA:74,getNextAutomotiveFuseRating
FNDA:628,(anonymous_9)
FNDA:12,getAutomotiveFuseColor
FNDA:203,(anonymous_11)
DA:33,4
DA:466,4
DA:471,147
DA:472,5145
DA:481,4
DA:486,75
DA:488,75
DA:491,74
DA:493,141
DA:494,126
DA:497,126
DA:498,126
DA:501,66
DA:502,66
DA:504,66
DA:511,4
DA:515,149
DA:516,5215
DA:519,4773
DA:525,4
DA:530,74
DA:531,628
DA:532,74
DA:538,4
DA:539,203
DA:540,12
LF:26
LH:26
BRDA:472,0,0,5145
BRDA:472,0,1,440
BRDA:472,0,2,440
BRDA:488,1,0,1
BRDA:488,1,1,74
BRDA:493,2,0,15
BRDA:493,2,1,126
BRDA:493,3,0,141
BRDA:493,3,1,20
BRDA:493,3,2,15
BRDA:494,4,0,0
BRDA:494,4,1,126
BRDA:494,5,0,126
BRDA:494,5,1,5
BRDA:494,5,2,5
BRDA:497,6,0,0
BRDA:497,6,1,126
BRDA:497,7,0,126
BRDA:497,7,1,126
BRDA:497,7,2,0
BRDA:498,8,0,60
BRDA:498,8,1,66
BRDA:498,9,0,126
BRDA:498,9,1,126
BRDA:498,9,2,126
BRDA:501,10,0,0
BRDA:501,10,1,66
BRDA:501,11,0,66
BRDA:501,11,1,0
BRDA:501,11,2,0
BRDA:502,12,0,0
BRDA:502,12,1,66
BRDA:502,13,0,66
BRDA:502,13,1,0
BRDA:502,13,2,0
BRDA:516,14,0,5215
BRDA:516,14,1,5215
BRDA:532,15,0,74
BRDA:532,15,1,1
BRDA:539,16,0,203
BRDA:539,16,1,15
BRDA:540,17,0,12
BRDA:540,17,1,1
BRF:43
BRH:34
end_of_record
TN:
SF:src/standards/dc/common/applicationTypes.ts
FN:44,isValidVoltageForApplication
FN:52,isValidTemperatureForApplication
FNF:2
FNH:0
FNDA:0,isValidVoltageForApplication
FNDA:0,isValidTemperatureForApplication
DA:9,0
DA:20,0
DA:31,0
DA:44,0
DA:45,0
DA:46,0
DA:52,0
DA:53,0
DA:54,0
LF:9
LH:0
BRDA:46,0,0,0
BRDA:46,0,1,0
BRDA:54,1,0,0
BRDA:54,1,1,0
BRF:4
BRH:0
end_of_record
TN:
SF:src/standards/dc/common/standardBreakerRatings.ts
FN:20,getNextStandardBreakerSize
FN:23,(anonymous_1)
FN:30,isStandardBreakerSize
FNF:3
FNH:2
FNDA:46,getNextStandardBreakerSize
FNDA:757,(anonymous_1)
FNDA:0,isStandardBreakerSize
DA:7,3
DA:13,3
DA:20,3
DA:21,46
DA:23,757
DA:24,46
DA:30,3
DA:31,0
LF:8
LH:7
BRDA:21,0,0,0
BRDA:21,0,1,46
BRDA:24,1,0,46
BRDA:24,1,1,2
BRF:4
BRH:3
end_of_record
TN:
SF:src/standards/dc/iec/iecBreakerStandards.ts
FN:619,getIECBreakerSpecifications
FN:624,(anonymous_1)
FN:631,getPrimaryIECBreakerRecommendation
FN:640,(anonymous_3)
FN:660,getAvailableIECBreakerRatings
FN:662,(anonymous_5)
FN:665,(anonymous_6)
FN:665,(anonymous_7)
FNF:8
FNH:8
FNDA:69,getIECBreakerSpecifications
FNDA:3381,(anonymous_1)
FNDA:31,getPrimaryIECBreakerRecommendation
FNDA:24,(anonymous_3)
FNDA:35,getAvailableIECBreakerRatings
FNDA:1715,(anonymous_5)
FNDA:801,(anonymous_6)
FNDA:911,(anonymous_7)
DA:9,3
DA:619,3
DA:623,69
DA:624,3381
DA:631,3
DA:635,31
DA:637,31
DA:640,28
DA:641,24
DA:642,22
DA:644,20
DA:645,20
DA:647,14
DA:648,9
DA:650,9
DA:651,9
DA:653,9
DA:660,3
DA:661,35
DA:662,1715
DA:665,911
LF:21
LH:21
BRDA:624,0,0,3381
BRDA:624,0,1,176
BRDA:637,1,0,3
BRDA:637,1,1,28
BRDA:641,2,0,2
BRDA:641,2,1,22
BRDA:641,3,0,24
BRDA:641,3,1,6
BRDA:641,3,2,2
BRDA:642,4,0,2
BRDA:642,4,1,20
BRDA:642,5,0,22
BRDA:642,5,1,4
BRDA:642,5,2,4
BRDA:644,6,0,0
BRDA:644,6,1,20
BRDA:644,7,0,20
BRDA:644,7,1,11
BRDA:644,7,2,0
BRDA:645,8,0,6
BRDA:645,8,1,14
BRDA:645,9,0,20
BRDA:645,9,1,11
BRDA:645,9,2,11
BRDA:647,10,0,5
BRDA:647,10,1,9
BRDA:647,11,0,14
BRDA:647,11,1,5
BRDA:647,11,2,5
BRDA:648,12,0,0
BRDA:648,12,1,9
BRDA:648,13,0,9
BRDA:648,13,1,0
BRDA:648,13,2,0
BRDA:650,14,0,0
BRDA:650,14,1,9
BRDA:650,15,0,9
BRDA:650,15,1,9
BRDA:651,16,0,0
BRDA:651,16,1,9
BRDA:651,17,0,9
BRDA:651,17,1,0
BRF:42
BRH:34
end_of_record
TN:
SF:src/standards/dc/iec/iecSafetyFactors.ts
FN:95,getIECSafetyFactor
FN:109,getIECStandardReference
FN:117,calculateIECSolarProtectionCurrent
FN:131,calculateIECBatteryProtectionCurrent
FN:148,getIECTemperatureDerating
FN:152,(anonymous_5)
FN:153,(anonymous_6)
FNF:7
FNH:5
FNDA:24,getIECSafetyFactor
FNDA:0,getIECStandardReference
FNDA:2,calculateIECSolarProtectionCurrent
FNDA:0,calculateIECBatteryProtectionCurrent
FNDA:3,getIECTemperatureDerating
FNDA:30,(anonymous_5)
FNDA:16,(anonymous_6)
DA:9,2
DA:60,2
DA:70,2
DA:78,2
DA:95,2
DA:99,24
DA:100,24
DA:101,0
DA:103,24
DA:109,2
DA:110,0
DA:111,0
DA:117,2
DA:121,2
DA:125,2
DA:131,2
DA:136,0
DA:138,0
DA:139,0
DA:142,0
DA:148,2
DA:149,3
DA:152,30
DA:153,16
DA:155,3
LF:25
LH:18
BRDA:100,0,0,0
BRDA:100,0,1,24
BRDA:103,1,0,23
BRDA:103,1,1,1
BRDA:111,2,0,0
BRDA:111,2,1,0
BRDA:119,3,0,0
BRDA:121,4,0,2
BRDA:121,4,1,0
BRDA:134,5,0,0
BRDA:138,6,0,0
BRDA:138,6,1,0
BRDA:149,7,0,0
BRDA:149,7,1,3
BRDA:153,8,0,3
BRDA:153,8,1,0
BRDA:155,9,0,3
BRDA:155,9,1,0
BRF:18
BRH:7
end_of_record
TN:
SF:src/standards/dc/nec/necBreakerStandards.ts
FN:368,getNECBreakerSpecifications
FN:373,(anonymous_1)
FN:380,getPrimaryNECBreakerRecommendation
FN:389,(anonymous_3)
FN:409,getAvailableNECBreakerRatings
FN:411,(anonymous_5)
FN:414,(anonymous_6)
FN:414,(anonymous_7)
FNF:8
FNH:8
FNDA:67,getNECBreakerSpecifications
FNDA:1943,(anonymous_1)
FNDA:31,getPrimaryNECBreakerRecommendation
FNDA:13,(anonymous_3)
FNDA:34,getAvailableNECBreakerRatings
FNDA:986,(anonymous_5)
FNDA:539,(anonymous_6)
FNDA:718,(anonymous_7)
DA:9,3
DA:368,3
DA:372,67
DA:373,1943
DA:380,3
DA:384,31
DA:386,31
DA:389,28
DA:390,13
DA:391,11
DA:393,11
DA:394,0
DA:396,0
DA:397,0
DA:399,0
DA:400,0
DA:402,0
DA:409,3
DA:410,34
DA:411,986
DA:414,718
LF:21
LH:15
BRDA:373,0,0,1943
BRDA:373,0,1,121
BRDA:386,1,0,3
BRDA:386,1,1,28
BRDA:390,2,0,2
BRDA:390,2,1,11
BRDA:390,3,0,13
BRDA:390,3,1,2
BRDA:390,3,2,2
BRDA:391,4,0,0
BRDA:391,4,1,11
BRDA:391,5,0,11
BRDA:391,5,1,0
BRDA:391,5,2,0
BRDA:393,6,0,11
BRDA:393,6,1,0
BRDA:393,7,0,11
BRDA:393,7,1,11
BRDA:393,7,2,11
BRDA:394,8,0,0
BRDA:394,8,1,0
BRDA:394,9,0,0
BRDA:394,9,1,0
BRDA:394,9,2,0
BRDA:396,10,0,0
BRDA:396,10,1,0
BRDA:396,11,0,0
BRDA:396,11,1,0
BRDA:397,12,0,0
BRDA:397,12,1,0
BRDA:397,13,0,0
BRDA:397,13,1,0
BRDA:399,14,0,0
BRDA:399,14,1,0
BRDA:399,15,0,0
BRDA:399,15,1,0
BRDA:400,16,0,0
BRDA:400,16,1,0
BRDA:400,17,0,0
BRDA:400,17,1,0
BRF:40
BRH:15
end_of_record
TN:
SF:src/standards/dc/nec/necSafetyFactors.ts
FN:78,getNECSafetyFactor
FN:92,getNECStandardReference
FN:100,calculateNECSolarProtectionCurrent
FNF:3
FNH:2
FNDA:24,getNECSafetyFactor
FNDA:0,getNECStandardReference
FNDA:2,calculateNECSolarProtectionCurrent
DA:9,2
DA:60,2
DA:68,2
DA:78,2
DA:82,24
DA:83,24
DA:84,0
DA:86,24
DA:92,2
DA:93,0
DA:94,0
DA:100,2
DA:101,2
LF:13
LH:10
BRDA:83,0,0,0
BRDA:83,0,1,24
BRDA:86,1,0,23
BRDA:86,1,1,1
BRDA:94,2,0,0
BRDA:94,2,1,0
BRF:6
BRH:3
end_of_record
TN:
SF:src/standards/iec/applicationStandards.ts
FNF:0
FNH:0
DA:9,2
DA:201,2
DA:333,2
DA:344,2
LF:4
LH:4
BRF:0
BRH:0
end_of_record
TN:
SF:src/standards/iec/cableTables.ts
FNF:0
FNH:0
DA:3,1
DA:24,1
DA:40,1
DA:49,1
DA:67,1
LF:5
LH:5
BRF:0
BRH:0
end_of_record
TN:
SF:src/standards/iec/conduitFillTables.ts
FNF:0
FNH:0
DA:9,2
DA:40,2
DA:49,2
LF:3
LH:3
BRF:0
BRH:0
end_of_record
TN:
SF:src/standards/iec/conduitTables.ts
FN:8,(anonymous_0)
FN:9,(anonymous_1)
FN:10,(anonymous_2)
FN:11,(anonymous_3)
FN:12,(anonymous_4)
FN:13,(anonymous_5)
FN:17,(anonymous_6)
FN:18,(anonymous_7)
FN:19,(anonymous_8)
FN:20,(anonymous_9)
FN:21,(anonymous_10)
FNF:11
FNH:0
FNDA:0,(anonymous_0)
FNDA:0,(anonymous_1)
FNDA:0,(anonymous_2)
FNDA:0,(anonymous_3)
FNDA:0,(anonymous_4)
FNDA:0,(anonymous_5)
FNDA:0,(anonymous_6)
FNDA:0,(anonymous_7)
FNDA:0,(anonymous_8)
FNDA:0,(anonymous_9)
FNDA:0,(anonymous_10)
DA:7,0
DA:8,0
DA:9,0
DA:10,0
DA:11,0
DA:12,0
DA:13,0
DA:17,0
DA:18,0
DA:19,0
DA:20,0
DA:21,0
LF:12
LH:0
BRF:0
BRH:0
end_of_record
TN:
SF:src/standards/iec/index.ts
FN:8,(anonymous_0)
FN:9,(anonymous_1)
FN:10,(anonymous_2)
FN:15,(anonymous_3)
FN:16,(anonymous_4)
FN:17,(anonymous_5)
FN:22,(anonymous_6)
FN:23,(anonymous_7)
FN:24,(anonymous_8)
FN:25,(anonymous_9)
FN:29,(anonymous_10)
FN:30,(anonymous_11)
FN:31,(anonymous_12)
FN:32,(anonymous_13)
FN:33,(anonymous_14)
FNF:15
FNH:7
FNDA:25,(anonymous_0)
FNDA:224,(anonymous_1)
FNDA:0,(anonymous_2)
FNDA:27,(anonymous_3)
FNDA:4,(anonymous_4)
FNDA:12,(anonymous_5)
FNDA:12,(anonymous_6)
FNDA:14,(anonymous_7)
FNDA:0,(anonymous_8)
FNDA:0,(anonymous_9)
FNDA:0,(anonymous_10)
FNDA:0,(anonymous_11)
FNDA:0,(anonymous_12)
FNDA:0,(anonymous_13)
FNDA:0,(anonymous_14)
DA:7,2
DA:8,27
DA:9,226
DA:10,2
DA:14,2
DA:15,29
DA:16,6
DA:17,14
DA:21,2
DA:22,14
DA:23,16
DA:24,2
DA:25,2
DA:29,2
DA:30,2
DA:31,2
DA:32,2
DA:33,2
LF:18
LH:18
BRF:0
BRH:0
end_of_record
TN:
SF:src/standards/iec/wireTables.ts
FNF:0
FNH:0
DA:9,2
DA:34,2
DA:56,2
LF:3
LH:3
BRF:0
BRH:0
end_of_record
TN:
SF:src/standards/nec/applicationStandards.ts
FNF:0
FNH:0
DA:9,3
DA:202,3
DA:336,3
DA:344,3
DA:353,3
LF:5
LH:5
BRF:0
BRH:0
end_of_record
TN:
SF:src/standards/nec/conduitFillTables.ts
FNF:0
FNH:0
DA:9,3
DA:72,3
DA:81,3
LF:3
LH:3
BRF:0
BRH:0
end_of_record
TN:
SF:src/standards/nec/index.ts
FN:8,(anonymous_0)
FN:9,(anonymous_1)
FN:10,(anonymous_2)
FN:15,(anonymous_3)
FN:16,(anonymous_4)
FN:17,(anonymous_5)
FN:18,(anonymous_6)
FN:19,(anonymous_7)
FN:24,(anonymous_8)
FN:25,(anonymous_9)
FN:26,(anonymous_10)
FN:27,(anonymous_11)
FN:28,(anonymous_12)
FN:33,(anonymous_13)
FN:37,(anonymous_14)
FN:38,(anonymous_15)
FN:39,(anonymous_16)
FNF:17
FNH:4
FNDA:6,(anonymous_0)
FNDA:0,(anonymous_1)
FNDA:0,(anonymous_2)
FNDA:28,(anonymous_3)
FNDA:0,(anonymous_4)
FNDA:0,(anonymous_5)
FNDA:0,(anonymous_6)
FNDA:0,(anonymous_7)
FNDA:16,(anonymous_8)
FNDA:12,(anonymous_9)
FNDA:0,(anonymous_10)
FNDA:0,(anonymous_11)
FNDA:0,(anonymous_12)
FNDA:0,(anonymous_13)
FNDA:0,(anonymous_14)
FNDA:0,(anonymous_15)
FNDA:0,(anonymous_16)
DA:7,3
DA:8,9
DA:9,3
DA:10,3
DA:14,3
DA:15,31
DA:16,3
DA:17,3
DA:18,3
DA:19,3
DA:23,3
DA:24,19
DA:25,15
DA:26,3
DA:27,3
DA:28,3
DA:32,3
DA:33,3
DA:36,3
DA:37,3
DA:38,3
DA:39,3
LF:22
LH:22
BRF:0
BRH:0
end_of_record
TN:
SF:src/standards/nec/tables.ts
FN:7,(anonymous_0)
FN:7,(anonymous_1)
FN:8,(anonymous_2)
FN:9,(anonymous_3)
FN:10,(anonymous_4)
FNF:5
FNH:1
FNDA:12,(anonymous_0)
FNDA:0,(anonymous_1)
FNDA:0,(anonymous_2)
FNDA:0,(anonymous_3)
FNDA:0,(anonymous_4)
DA:7,13
DA:8,1
DA:9,1
DA:10,1
DA:13,1
DA:14,1
LF:6
LH:6
BRF:0
BRH:0
end_of_record
TN:
SF:src/standards/nec/wireTables.ts
FNF:0
FNH:0
DA:9,3
DA:31,3
DA:46,3
DA:54,3
DA:68,3
LF:5
LH:5
BRF:0
BRH:0
end_of_record
TN:
SF:src/test-utils/mui-testing.ts
FN:12,(anonymous_0)
FN:19,(anonymous_1)
FN:30,(anonymous_2)
FN:37,(anonymous_3)
FN:46,(anonymous_4)
FN:56,(anonymous_5)
FN:64,(anonymous_6)
FN:72,(anonymous_7)
FN:84,(anonymous_8)
FN:91,(anonymous_9)
FN:105,(anonymous_10)
FN:106,(anonymous_11)
FNF:12
FNH:2
FNDA:0,(anonymous_0)
FNDA:0,(anonymous_1)
FNDA:0,(anonymous_2)
FNDA:0,(anonymous_3)
FNDA:30,(anonymous_4)
FNDA:30,(anonymous_5)
FNDA:0,(anonymous_6)
FNDA:0,(anonymous_7)
FNDA:0,(anonymous_8)
FNDA:0,(anonymous_9)
FNDA:0,(anonymous_10)
FNDA:0,(anonymous_11)
DA:6,4
DA:12,4
DA:13,0
DA:16,0
DA:19,0
DA:21,0
DA:22,0
DA:30,4
DA:31,0
DA:34,0
DA:37,0
DA:38,0
DA:39,0
DA:46,4
DA:47,30
DA:49,30
DA:50,30
DA:56,4
DA:57,30
DA:58,30
DA:64,4
DA:65,0
DA:68,0
DA:71,0
DA:72,0
DA:73,0
DA:78,0
DA:84,4
DA:85,0
DA:88,0
DA:91,0
DA:93,0
DA:94,0
DA:99,0
DA:105,4
DA:106,0
DA:107,0
DA:108,0
DA:109,0
DA:110,0
DA:111,0
DA:113,0
LF:42
LH:13
BRDA:49,0,0,30
BRDA:49,0,1,30
BRDA:50,1,0,30
BRDA:50,1,1,0
BRDA:107,2,0,0
BRDA:107,2,1,0
BRDA:109,3,0,0
BRDA:109,3,1,0
BRDA:110,4,0,0
BRDA:110,4,1,0
BRF:10
BRH:3
end_of_record
TN:
SF:src/utils/calculations.ts
FNF:0
FNH:0
DA:2,0
LF:1
LH:0
BRF:0
BRH:0
end_of_record
TN:
SF:src/utils/conversions.ts
FN:36,awgToMm2
FN:37,(anonymous_1)
FN:44,mm2ToAwg
FN:45,(anonymous_3)
FN:52,getClosestMm2
FN:59,getClosestAwg
FN:78,feetToMeters
FN:85,metersToFeet
FN:92,fahrenheitToCelsius
FN:99,celsiusToFahrenheit
FN:106,formatWireSize
FN:117,getVoltageOptions
FN:166,getTemperatureOptions
FN:186,getInstallationMethods
FNF:14
FNH:3
FNDA:0,awgToMm2
FNDA:0,(anonymous_1)
FNDA:0,mm2ToAwg
FNDA:0,(anonymous_3)
FNDA:0,getClosestMm2
FNDA:0,getClosestAwg
FNDA:1,feetToMeters
FNDA:0,metersToFeet
FNDA:0,fahrenheitToCelsius
FNDA:0,celsiusToFahrenheit
FNDA:0,formatWireSize
FNDA:184,getVoltageOptions
FNDA:0,getTemperatureOptions
FNDA:112,getInstallationMethods
DA:12,5
DA:36,5
DA:37,0
DA:38,0
DA:44,5
DA:45,0
DA:46,0
DA:52,5
DA:53,0
DA:59,5
DA:61,0
DA:62,0
DA:64,0
DA:65,0
DA:66,0
DA:67,0
DA:68,0
DA:72,0
DA:78,5
DA:79,1
DA:85,5
DA:86,0
DA:92,5
DA:93,0
DA:99,5
DA:100,0
DA:106,5
DA:107,0
DA:108,0
DA:110,0
DA:117,5
DA:118,184
DA:120,123
DA:125,10
DA:130,0
DA:135,20
DA:141,16
DA:147,6
DA:153,9
DA:159,0
DA:166,5
DA:167,0
DA:169,0
DA:172,0
DA:177,0
DA:179,0
DA:186,5
DA:187,112
DA:189,77
DA:197,0
DA:210,14
DA:215,11
DA:221,4
DA:227,6
DA:232,0
LF:55
LH:27
BRDA:38,0,0,0
BRDA:38,0,1,0
BRDA:46,1,0,0
BRDA:46,1,1,0
BRDA:66,2,0,0
BRDA:66,2,1,0
BRDA:107,3,0,0
BRDA:107,3,1,0
BRDA:107,4,0,0
BRDA:107,4,1,0
BRDA:118,5,0,123
BRDA:118,5,1,10
BRDA:118,5,2,0
BRDA:118,5,3,20
BRDA:118,5,4,16
BRDA:118,5,5,6
BRDA:118,5,6,9
BRDA:118,5,7,0
BRDA:167,6,0,0
BRDA:167,6,1,0
BRDA:167,6,2,0
BRDA:167,6,3,0
BRDA:167,6,4,0
BRDA:167,6,5,0
BRDA:167,6,6,0
BRDA:167,6,7,0
BRDA:187,7,0,77
BRDA:187,7,1,0
BRDA:187,7,2,0
BRDA:187,7,3,14
BRDA:187,7,4,11
BRDA:187,7,5,4
BRDA:187,7,6,6
BRDA:187,7,7,0
BRF:34
BRH:11
end_of_record
TN:
SF:src/utils/inputHelpers.ts
FN:20,handleNumberInput
FN:103,getNumericValue
FN:122,createNumberInputHandler
FN:126,(anonymous_3)
FN:138,validateNumberInput
FN:182,formatDisplayValue
FNF:6
FNH:6
FNDA:83,handleNumberInput
FNDA:93,getNumericValue
FNDA:2,createNumberInputHandler
FNDA:2,(anonymous_3)
FNDA:8,validateNumberInput
FNDA:8,formatDisplayValue
DA:20,11
DA:30,83
DA:33,83
DA:34,7
DA:38,76
DA:41,76
DA:42,0
DA:46,76
DA:47,2
DA:51,74
DA:54,74
DA:55,12
DA:59,74
DA:60,7
DA:64,74
DA:66,2
DA:70,74
DA:71,74
DA:72,5
DA:76,69
DA:79,69
DA:80,0
DA:84,69
DA:85,7
DA:88,62
DA:89,1
DA:94,61
DA:103,11
DA:104,93
DA:105,2
DA:108,91
DA:109,87
DA:110,87
DA:113,4
DA:122,11
DA:126,2
DA:127,2
DA:128,2
DA:138,11
DA:142,8
DA:144,8
DA:145,2
DA:146,1
DA:148,1
DA:152,6
DA:153,6
DA:154,6
DA:155,1
DA:159,5
DA:161,5
DA:162,0
DA:165,5
DA:166,1
DA:169,4
DA:170,1
DA:173,3
DA:182,11
DA:186,8
DA:188,8
DA:189,3
DA:192,5
DA:193,2
DA:196,3
DA:197,3
DA:198,1
DA:200,2
DA:203,0
LF:67
LH:63
BRDA:22,0,0,26
BRDA:27,1,0,35
BRDA:28,2,0,39
BRDA:29,3,0,42
BRDA:33,4,0,7
BRDA:33,4,1,76
BRDA:33,5,0,83
BRDA:33,5,1,76
BRDA:33,5,2,76
BRDA:34,6,0,6
BRDA:34,6,1,1
BRDA:41,7,0,0
BRDA:41,7,1,76
BRDA:42,8,0,0
BRDA:42,8,1,0
BRDA:46,9,0,2
BRDA:46,9,1,74
BRDA:46,10,0,76
BRDA:46,10,1,75
BRDA:54,11,0,12
BRDA:54,11,1,62
BRDA:59,12,0,7
BRDA:59,12,1,67
BRDA:64,13,0,2
BRDA:64,13,1,72
BRDA:64,14,0,74
BRDA:64,14,1,4
BRDA:71,15,0,5
BRDA:71,15,1,69
BRDA:79,16,0,0
BRDA:79,16,1,69
BRDA:84,17,0,7
BRDA:84,17,1,62
BRDA:84,18,0,69
BRDA:84,18,1,47
BRDA:88,19,0,1
BRDA:88,19,1,61
BRDA:88,20,0,62
BRDA:88,20,1,2
BRDA:103,21,0,12
BRDA:104,22,0,2
BRDA:104,22,1,91
BRDA:108,23,0,87
BRDA:108,23,1,4
BRDA:108,24,0,91
BRDA:108,24,1,89
BRDA:110,25,0,1
BRDA:110,25,1,86
BRDA:124,26,0,0
BRDA:140,27,0,3
BRDA:142,28,0,6
BRDA:144,29,0,2
BRDA:144,29,1,6
BRDA:144,30,0,8
BRDA:144,30,1,6
BRDA:144,30,2,6
BRDA:145,31,0,1
BRDA:145,31,1,1
BRDA:152,32,0,6
BRDA:152,32,1,0
BRDA:152,33,0,6
BRDA:152,33,1,6
BRDA:154,34,0,1
BRDA:154,34,1,5
BRDA:161,35,0,0
BRDA:161,35,1,5
BRDA:165,36,0,1
BRDA:165,36,1,4
BRDA:165,37,0,5
BRDA:165,37,1,2
BRDA:169,38,0,1
BRDA:169,38,1,3
BRDA:169,39,0,4
BRDA:169,39,1,2
BRDA:184,40,0,6
BRDA:186,41,0,7
BRDA:188,42,0,3
BRDA:188,42,1,5
BRDA:188,43,0,8
BRDA:188,43,1,6
BRDA:188,43,2,6
BRDA:189,44,0,1
BRDA:189,44,1,2
BRDA:192,45,0,2
BRDA:192,45,1,3
BRDA:196,46,0,3
BRDA:196,46,1,0
BRDA:197,47,0,1
BRDA:197,47,1,2
BRF:89
BRH:81
end_of_record
TN:
SF:src/utils/necTables.ts
FNF:0
FNH:0
DA:2,1
LF:1
LH:1
BRF:0
BRH:0
end_of_record
TN:
SF:src/utils/wireConversion.ts
FN:34,(anonymous_0)
FN:41,awgToMm2
FN:48,mm2ToAwg
FN:53,(anonymous_3)
FN:67,getMetricWireSizes
FN:74,findMinimumMetricWireSize
FN:76,(anonymous_6)
FN:82,convertAwgWireToMetric
FN:97,formatWireSize
FNF:9
FNH:1
FNDA:230,(anonymous_0)
FNDA:0,awgToMm2
FNDA:0,mm2ToAwg
FNDA:0,(anonymous_3)
FNDA:0,getMetricWireSizes
FNDA:0,findMinimumMetricWireSize
FNDA:0,(anonymous_6)
FNDA:0,convertAwgWireToMetric
FNDA:0,formatWireSize
DA:6,10
DA:33,10
DA:34,10
DA:35,230
DA:41,10
DA:42,0
DA:48,10
DA:50,0
DA:51,0
DA:53,0
DA:54,0
DA:55,0
DA:56,0
DA:57,0
DA:61,0
DA:67,10
DA:68,0
DA:74,10
DA:75,0
DA:76,0
DA:82,10
DA:83,0
DA:84,0
DA:86,0
DA:97,10
DA:98,0
LF:26
LH:10
BRDA:42,0,0,0
BRDA:42,0,1,0
BRDA:55,1,0,0
BRDA:55,1,1,0
BRDA:76,2,0,0
BRDA:76,2,1,0
BRDA:98,3,0,0
BRDA:98,3,1,0
BRF:8
BRH:0
end_of_record
TN:
SF:src/utils/calculations/bs7671WireCalculations.ts
FN:179,calculateBS7671WireSize
FN:230,(anonymous_1)
FN:282,(anonymous_2)
FN:349,calculateBS7671CorrectionFactors
FN:369,(anonymous_4)
FN:387,(anonymous_5)
FN:426,calculateBS7671VoltageDropForCable
FN:468,calculatePowerLoss
FN:488,getBS7671CableCostFactor
FN:501,applyUKDiversityFactor
FN:509,getBS7671CableSpecifications
FN:516,getBS7671CableData
FN:517,(anonymous_12)
FN:523,getBS7671CableSizes
FN:524,(anonymous_14)
FN:530,getBS7671TemperatureCorrectionFactors
FN:537,getBS7671GroupingFactors
FN:544,getBS7671InstallationMethodFactors
FN:551,getUKDiversityFactors
FNF:19
FNH:17
FNDA:36,calculateBS7671WireSize
FNDA:720,(anonymous_1)
FNDA:180,(anonymous_2)
FNDA:36,calculateBS7671CorrectionFactors
FNDA:432,(anonymous_4)
FNDA:684,(anonymous_5)
FNDA:266,calculateBS7671VoltageDropForCable
FNDA:36,calculatePowerLoss
FNDA:180,getBS7671CableCostFactor
FNDA:0,applyUKDiversityFactor
FNDA:1,getBS7671CableSpecifications
FNDA:1,getBS7671CableData
FNDA:5,(anonymous_12)
FNDA:1,getBS7671CableSizes
FNDA:20,(anonymous_14)
FNDA:1,getBS7671TemperatureCorrectionFactors
FNDA:1,getBS7671GroupingFactors
FNDA:1,getBS7671InstallationMethodFactors
FNDA:0,getUKDiversityFactors
DA:9,8
DA:48,8
DA:73,8
DA:83,8
DA:89,8
DA:163,8
DA:174,8
DA:179,8
DA:193,36
DA:195,36
DA:196,36
DA:199,36
DA:200,36
DA:203,36
DA:204,1
DA:208,36
DA:209,4
DA:213,36
DA:222,36
DA:230,36
DA:231,720
DA:232,720
DA:235,36
DA:236,0
DA:240,36
DA:241,36
DA:242,36
DA:252,36
DA:253,50
DA:262,50
DA:263,36
DA:264,36
DA:265,36
DA:270,36
DA:279,36
DA:282,36
DA:283,180
DA:292,180
DA:302,36
DA:303,36
DA:304,36
DA:305,36
DA:306,36
DA:309,36
DA:310,1
DA:313,36
DA:368,36
DA:369,432
DA:370,36
DA:372,36
DA:373,129
DA:374,36
DA:375,36
DA:380,36
DA:381,0
DA:385,36
DA:386,36
DA:387,684
DA:388,36
DA:390,36
DA:391,124
DA:392,36
DA:393,36
DA:398,36
DA:399,0
DA:404,36
DA:407,36
DA:408,36
DA:410,0
DA:411,0
DA:415,36
DA:437,266
DA:440,266
DA:447,266
DA:449,230
DA:450,230
DA:453,36
DA:454,36
DA:457,266
DA:459,266
DA:476,36
DA:481,36
DA:482,36
DA:489,180
DA:495,180
DA:501,8
DA:502,0
DA:503,0
DA:509,8
DA:510,1
DA:516,8
DA:517,5
DA:523,8
DA:524,20
DA:530,8
DA:531,1
DA:537,8
DA:538,1
DA:544,8
DA:545,1
DA:551,8
DA:552,0
LF:102
LH:94
BRDA:187,0,0,29
BRDA:188,1,0,31
BRDA:189,2,0,36
BRDA:191,3,0,36
BRDA:203,4,0,1
BRDA:203,4,1,35
BRDA:208,5,0,4
BRDA:208,5,1,32
BRDA:208,6,0,36
BRDA:208,6,1,6
BRDA:235,7,0,0
BRDA:235,7,1,36
BRDA:262,8,0,36
BRDA:262,8,1,14
BRDA:305,9,0,36
BRDA:305,9,1,36
BRDA:309,10,0,1
BRDA:309,10,1,35
BRDA:309,11,0,36
BRDA:309,11,1,36
BRDA:324,12,0,36
BRDA:324,12,1,36
BRDA:324,12,2,36
BRDA:324,12,3,36
BRDA:373,13,0,36
BRDA:373,13,1,93
BRDA:380,14,0,0
BRDA:380,14,1,36
BRDA:386,15,0,36
BRDA:386,15,1,0
BRDA:391,16,0,36
BRDA:391,16,1,88
BRDA:398,17,0,0
BRDA:398,17,1,36
BRDA:404,18,0,36
BRDA:404,18,1,0
BRDA:408,19,0,0
BRDA:408,19,1,36
BRDA:408,20,0,36
BRDA:408,20,1,36
BRDA:410,21,0,0
BRDA:410,21,1,0
BRDA:440,22,0,0
BRDA:440,22,1,266
BRDA:447,23,0,230
BRDA:447,23,1,36
BRDA:476,24,0,0
BRDA:476,24,1,36
BRDA:481,25,0,31
BRDA:481,25,1,5
BRDA:495,26,0,180
BRDA:495,26,1,0
BRDA:502,27,0,0
BRDA:502,27,1,0
BRF:54
BRH:41
end_of_record
TN:
SF:src/utils/calculations/conduitFillRouter.ts
FN:23,calculateConduitFill
FN:45,validateConduitFillInput
FN:67,(anonymous_2)
FN:128,validateNECSpecificConstraints
FN:139,(anonymous_4)
FN:147,(anonymous_5)
FN:159,validateIECSpecificConstraints
FN:170,(anonymous_7)
FN:178,(anonymous_8)
FN:190,getApplicationRequirements
FN:224,getInstallationMethodFactors
FN:256,calculateEnvironmentalCompliance
FN:291,(anonymous_12)
FN:310,(anonymous_13)
FN:312,(anonymous_14)
FN:336,getConduitFillRecommendations
FN:347,(anonymous_16)
FN:362,findOptimalConduitSize
FNF:18
FNH:18
FNDA:13,calculateConduitFill
FNDA:35,validateConduitFillInput
FNDA:44,(anonymous_2)
FNDA:24,validateNECSpecificConstraints
FNDA:33,(anonymous_4)
FNDA:33,(anonymous_5)
FNDA:9,validateIECSpecificConstraints
FNDA:9,(anonymous_7)
FNDA:9,(anonymous_8)
FNDA:28,getApplicationRequirements
FNDA:26,getInstallationMethodFactors
FNDA:11,calculateEnvironmentalCompliance
FNDA:21,(anonymous_12)
FNDA:24,(anonymous_13)
FNDA:15,(anonymous_14)
FNDA:2,getConduitFillRecommendations
FNDA:3,(anonymous_16)
FNDA:3,findOptimalConduitSize
DA:14,2
DA:15,2
DA:16,2
DA:17,2
DA:23,2
DA:24,13
DA:27,13
DA:28,13
DA:29,1
DA:33,12
DA:34,6
DA:35,6
DA:36,5
DA:38,1
DA:45,2
DA:46,35
DA:49,35
DA:50,2
DA:53,35
DA:54,1
DA:57,35
DA:58,1
DA:61,35
DA:62,1
DA:66,35
DA:67,35
DA:68,44
DA:69,1
DA:71,44
DA:72,1
DA:74,44
DA:75,1
DA:77,44
DA:78,1
DA:84,35
DA:85,24
DA:86,11
DA:87,9
DA:91,35
DA:92,2
DA:93,1
DA:98,35
DA:99,2
DA:100,1
DA:105,35
DA:109,35
DA:110,2
DA:114,35
DA:118,35
DA:119,2
DA:122,35
DA:129,24
DA:132,24
DA:133,24
DA:134,2
DA:138,24
DA:139,24
DA:140,33
DA:141,2
DA:146,24
DA:147,24
DA:148,33
DA:149,2
DA:153,24
DA:160,9
DA:163,9
DA:164,9
DA:165,1
DA:169,9
DA:170,9
DA:171,9
DA:172,1
DA:177,9
DA:178,9
DA:179,9
DA:180,1
DA:184,9
DA:190,2
DA:201,28
DA:205,28
DA:207,28
DA:209,0
DA:218,28
DA:224,2
DA:234,26
DA:238,26
DA:240,26
DA:242,0
DA:250,26
DA:256,2
DA:275,11
DA:276,11
DA:278,11
DA:279,11
DA:282,11
DA:283,11
DA:285,11
DA:286,0
DA:287,0
DA:291,11
DA:292,21
DA:295,11
DA:296,0
DA:297,0
DA:301,11
DA:304,11
DA:305,11
DA:306,11
DA:309,11
DA:310,24
DA:312,15
DA:315,11
DA:317,11
DA:336,2
DA:347,2
DA:348,3
DA:355,3
DA:362,2
DA:372,3
DA:380,3
LF:120
LH:114
BRDA:24,0,0,13
BRDA:24,0,1,1
BRDA:28,1,0,1
BRDA:28,1,1,12
BRDA:33,2,0,6
BRDA:33,2,1,6
BRDA:35,3,0,5
BRDA:35,3,1,1
BRDA:49,4,0,2
BRDA:49,4,1,33
BRDA:49,5,0,35
BRDA:49,5,1,35
BRDA:53,6,0,1
BRDA:53,6,1,34
BRDA:57,7,0,1
BRDA:57,7,1,34
BRDA:61,8,0,1
BRDA:61,8,1,34
BRDA:66,9,0,35
BRDA:66,9,1,0
BRDA:68,10,0,1
BRDA:68,10,1,43
BRDA:71,11,0,1
BRDA:71,11,1,43
BRDA:71,12,0,44
BRDA:71,12,1,43
BRDA:74,13,0,1
BRDA:74,13,1,43
BRDA:77,14,0,1
BRDA:77,14,1,43
BRDA:84,15,0,24
BRDA:84,15,1,11
BRDA:86,16,0,9
BRDA:86,16,1,2
BRDA:91,17,0,2
BRDA:91,17,1,33
BRDA:92,18,0,1
BRDA:92,18,1,1
BRDA:92,19,0,2
BRDA:92,19,1,2
BRDA:98,20,0,2
BRDA:98,20,1,33
BRDA:99,21,0,1
BRDA:99,21,1,1
BRDA:99,22,0,2
BRDA:99,22,1,2
BRDA:109,23,0,2
BRDA:109,23,1,33
BRDA:118,24,0,2
BRDA:118,24,1,33
BRDA:133,25,0,2
BRDA:133,25,1,22
BRDA:140,26,0,2
BRDA:140,26,1,31
BRDA:148,27,0,2
BRDA:148,27,1,31
BRDA:164,28,0,1
BRDA:164,28,1,8
BRDA:171,29,0,1
BRDA:171,29,1,8
BRDA:179,30,0,1
BRDA:179,30,1,8
BRDA:192,31,0,0
BRDA:201,32,0,16
BRDA:201,32,1,12
BRDA:207,33,0,0
BRDA:207,33,1,28
BRDA:214,34,0,0
BRDA:214,34,1,0
BRDA:226,35,0,4
BRDA:234,36,0,12
BRDA:234,36,1,14
BRDA:240,37,0,0
BRDA:240,37,1,26
BRDA:246,38,0,0
BRDA:246,38,1,0
BRDA:259,39,0,0
BRDA:260,40,0,0
BRDA:261,41,0,0
BRDA:283,42,0,11
BRDA:283,42,1,11
BRDA:285,43,0,0
BRDA:285,43,1,11
BRDA:291,44,0,11
BRDA:291,44,1,5
BRDA:295,45,0,0
BRDA:295,45,1,11
BRDA:306,46,0,11
BRDA:306,46,1,0
BRDA:309,47,0,6
BRDA:309,47,1,5
BRDA:315,48,0,11
BRDA:315,48,1,11
BRDA:315,48,2,11
BRDA:344,49,0,1
BRDA:345,50,0,1
BRDA:370,51,0,1
BRF:97
BRH:83
end_of_record
TN:
SF:src/utils/calculations/dc.ts
FN:22,calculateDCVoltageDrop
FN:64,calculateDCWireSize
FN:99,(anonymous_2)
FN:183,calculateBatteryChargingWire
FN:210,calculateSolarWire
FN:245,validateDCInput
FNF:6
FNH:6
FNDA:130,calculateDCVoltageDrop
FNDA:21,calculateDCWireSize
FNDA:254,(anonymous_2)
FNDA:2,calculateBatteryChargingWire
FNDA:2,calculateSolarWire
FNDA:12,validateDCInput
DA:5,10
DA:6,10
DA:7,10
DA:22,10
DA:35,130
DA:38,130
DA:44,130
DA:45,130
DA:48,130
DA:51,130
DA:53,130
DA:64,10
DA:75,21
DA:78,21
DA:83,21
DA:86,21
DA:90,21
DA:93,21
DA:96,21
DA:99,21
DA:100,254
DA:101,254
DA:104,21
DA:105,0
DA:109,21
DA:110,21
DA:112,21
DA:113,105
DA:122,105
DA:123,16
DA:124,16
DA:125,16
DA:128,89
DA:129,89
DA:130,89
DA:135,21
DA:144,21
DA:147,21
DA:148,21
DA:149,21
DA:150,21
DA:153,21
DA:154,21
DA:155,0
DA:156,0
DA:157,0
DA:160,21
DA:183,10
DA:193,2
DA:204,2
DA:210,10
DA:220,2
DA:222,2
DA:234,2
DA:245,10
DA:246,12
DA:248,12
DA:249,1
DA:252,12
DA:253,1
DA:256,12
DA:257,0
DA:260,12
DA:261,1
DA:264,12
DA:265,12
DA:266,1
DA:269,12
LF:68
LH:63
BRDA:38,0,0,1
BRDA:38,0,1,129
BRDA:71,1,0,4
BRDA:73,2,0,0
BRDA:74,3,0,12
BRDA:86,4,0,21
BRDA:86,4,1,17
BRDA:104,5,0,0
BRDA:104,5,1,21
BRDA:122,6,0,16
BRDA:122,6,1,89
BRDA:128,7,0,89
BRDA:128,7,1,0
BRDA:154,8,0,0
BRDA:154,8,1,21
BRDA:175,9,0,13
BRDA:175,9,1,8
BRDA:248,10,0,1
BRDA:248,10,1,11
BRDA:252,11,0,1
BRDA:252,11,1,11
BRDA:256,12,0,0
BRDA:256,12,1,12
BRDA:260,13,0,1
BRDA:260,13,1,11
BRDA:260,14,0,12
BRDA:260,14,1,8
BRDA:260,14,2,8
BRDA:265,15,0,1
BRDA:265,15,1,11
BRF:30
BRH:25
end_of_record
TN:
SF:src/utils/calculations/dcBreakerRouter.ts
FN:19,calculateDCBreakerSize
FN:39,shouldUseAutomotiveFuse
FN:80,getAutomotiveEfficiencyEstimate
FN:94,validateDCBreakerInput
FN:172,calculateSolarBreakerFromPanels
FN:201,getBreakerRecommendations
FN:207,(anonymous_6)
FNF:7
FNH:7
FNDA:43,calculateDCBreakerSize
FNDA:64,shouldUseAutomotiveFuse
FNDA:17,getAutomotiveEfficiencyEstimate
FNDA:21,validateDCBreakerInput
FNDA:5,calculateSolarBreakerFromPanels
FNDA:3,getBreakerRecommendations
FNDA:6,(anonymous_6)
DA:11,2
DA:12,2
DA:13,2
DA:19,2
DA:20,43
DA:23,43
DA:24,35
DA:27,8
DA:28,7
DA:29,1
DA:30,1
DA:32,0
DA:41,64
DA:42,64
DA:43,4
DA:47,60
DA:48,60
DA:49,60
DA:50,3
DA:55,57
DA:56,37
DA:57,20
DA:59,17
DA:60,17
DA:62,3
DA:66,54
DA:67,54
DA:68,54
DA:70,54
DA:71,54
DA:74,54
DA:82,17
DA:88,17
DA:94,2
DA:95,21
DA:98,21
DA:99,7
DA:103,14
DA:104,6
DA:105,0
DA:107,6
DA:108,1
DA:110,8
DA:111,7
DA:112,1
DA:114,7
DA:115,1
DA:117,7
DA:118,1
DA:120,7
DA:121,1
DA:124,7
DA:125,5
DA:126,5
DA:127,2
DA:131,1
DA:135,14
DA:136,0
DA:137,0
DA:138,0
DA:139,0
DA:140,0
DA:142,0
DA:148,14
DA:149,2
DA:150,2
DA:155,14
DA:156,14
DA:157,1
DA:161,14
DA:162,0
DA:165,14
DA:172,2
DA:178,5
DA:180,4
DA:182,4
DA:183,1
DA:185,3
DA:189,1
DA:190,1
DA:192,0
DA:201,2
DA:207,3
DA:208,6
DA:215,6
LF:85
LH:75
BRDA:20,0,0,43
BRDA:20,0,1,1
BRDA:23,1,0,35
BRDA:23,1,1,8
BRDA:27,2,0,7
BRDA:27,2,1,1
BRDA:29,3,0,1
BRDA:29,3,1,0
BRDA:42,4,0,4
BRDA:42,4,1,60
BRDA:48,5,0,60
BRDA:48,5,1,19
BRDA:49,6,0,3
BRDA:49,6,1,57
BRDA:55,7,0,37
BRDA:55,7,1,20
BRDA:56,8,0,37
BRDA:56,8,1,2
BRDA:57,9,0,17
BRDA:57,9,1,3
BRDA:57,10,0,20
BRDA:57,10,1,19
BRDA:57,10,2,18
BRDA:66,11,0,52
BRDA:66,11,1,2
BRDA:67,12,0,6
BRDA:67,12,1,48
BRDA:68,13,0,2
BRDA:68,13,1,52
BRDA:68,14,0,54
BRDA:68,14,1,2
BRDA:98,15,0,7
BRDA:98,15,1,14
BRDA:103,16,0,6
BRDA:103,16,1,8
BRDA:104,17,0,0
BRDA:104,17,1,6
BRDA:104,18,0,6
BRDA:104,18,1,6
BRDA:107,19,0,1
BRDA:107,19,1,5
BRDA:107,20,0,6
BRDA:107,20,1,6
BRDA:110,21,0,7
BRDA:110,21,1,1
BRDA:111,22,0,1
BRDA:111,22,1,6
BRDA:111,23,0,7
BRDA:111,23,1,6
BRDA:114,24,0,1
BRDA:114,24,1,6
BRDA:114,25,0,7
BRDA:114,25,1,6
BRDA:117,26,0,1
BRDA:117,26,1,6
BRDA:117,27,0,7
BRDA:117,27,1,6
BRDA:120,28,0,1
BRDA:120,28,1,6
BRDA:120,29,0,7
BRDA:120,29,1,6
BRDA:124,30,0,5
BRDA:124,30,1,2
BRDA:124,31,0,7
BRDA:124,31,1,6
BRDA:126,32,0,2
BRDA:126,32,1,3
BRDA:135,33,0,0
BRDA:135,33,1,14
BRDA:137,34,0,0
BRDA:137,34,1,0
BRDA:138,35,0,0
BRDA:138,35,1,0
BRDA:138,36,0,0
BRDA:138,36,1,0
BRDA:139,37,0,0
BRDA:139,37,1,0
BRDA:148,38,0,2
BRDA:148,38,1,12
BRDA:149,39,0,2
BRDA:149,39,1,0
BRDA:149,40,0,2
BRDA:149,40,1,2
BRDA:149,40,2,0
BRDA:156,41,0,1
BRDA:156,41,1,13
BRDA:161,42,0,0
BRDA:161,42,1,14
BRDA:161,43,0,14
BRDA:161,43,1,4
BRDA:175,44,0,1
BRDA:176,45,0,2
BRDA:178,46,0,4
BRDA:178,46,1,1
BRDA:182,47,0,1
BRDA:182,47,1,3
BRDA:189,48,0,1
BRDA:189,48,1,0
BRDA:204,49,0,1
BRDA:205,50,0,1
BRF:100
BRH:85
end_of_record
TN:
SF:src/utils/calculations/dcPowerUtils.ts
FN:32,calculateCurrentFromPower
FN:56,calculatePowerFromCurrent
FN:80,getApplicationEfficiency
FN:87,getLoadPowerFactor
FN:94,calculateSolarArrayCurrent
FN:115,calculateBatteryChargingCurrent
FN:143,validatePowerInputs
FN:174,calculatePowerLoss
FN:214,getRecommendedWireGauge
FNF:9
FNH:9
FNDA:31,calculateCurrentFromPower
FNDA:9,calculatePowerFromCurrent
FNDA:55,getApplicationEfficiency
FNDA:9,getLoadPowerFactor
FNDA:4,calculateSolarArrayCurrent
FNDA:3,calculateBatteryChargingCurrent
FNDA:11,validatePowerInputs
FNDA:3,calculatePowerLoss
FNDA:26,getRecommendedWireGauge
DA:9,4
DA:20,4
DA:32,4
DA:38,31
DA:39,2
DA:42,29
DA:43,1
DA:47,28
DA:50,28
DA:56,4
DA:62,9
DA:63,2
DA:66,7
DA:67,1
DA:71,6
DA:74,6
DA:80,4
DA:81,55
DA:87,4
DA:88,9
DA:94,4
DA:100,4
DA:102,4
DA:104,3
DA:107,1
DA:108,1
DA:115,4
DA:122,3
DA:125,3
DA:131,4
DA:136,3
DA:137,3
DA:143,4
DA:144,11
DA:146,11
DA:147,3
DA:150,11
DA:151,1
DA:154,11
DA:155,3
DA:158,11
DA:159,1
DA:163,11
DA:164,11
DA:165,3
DA:168,11
DA:174,4
DA:184,3
DA:187,3
DA:190,3
DA:192,3
DA:202,4
DA:207,4
DA:208,4
DA:214,4
DA:218,26
DA:220,14
DA:221,13
DA:222,12
DA:223,9
DA:224,8
DA:225,7
DA:226,6
DA:227,5
DA:228,4
DA:229,3
DA:230,2
DA:231,1
DA:234,12
DA:235,11
DA:236,10
DA:237,9
DA:238,8
DA:239,7
DA:240,6
DA:241,5
DA:242,4
DA:243,3
DA:244,2
DA:245,1
LF:80
LH:80
BRDA:35,0,0,17
BRDA:36,1,0,23
BRDA:38,2,0,2
BRDA:38,2,1,29
BRDA:42,3,0,1
BRDA:42,3,1,28
BRDA:59,4,0,7
BRDA:60,5,0,8
BRDA:62,6,0,2
BRDA:62,6,1,7
BRDA:66,7,0,1
BRDA:66,7,1,6
BRDA:81,8,0,55
BRDA:81,8,1,1
BRDA:88,9,0,9
BRDA:88,9,1,1
BRDA:98,10,0,1
BRDA:102,11,0,3
BRDA:102,11,1,1
BRDA:117,12,0,0
BRDA:119,13,0,2
BRDA:133,14,0,1
BRDA:134,15,0,2
BRDA:146,16,0,3
BRDA:146,16,1,8
BRDA:150,17,0,1
BRDA:150,17,1,10
BRDA:154,18,0,3
BRDA:154,18,1,8
BRDA:158,19,0,1
BRDA:158,19,1,10
BRDA:164,20,0,3
BRDA:164,20,1,8
BRDA:205,21,0,3
BRDA:216,22,0,1
BRDA:218,23,0,14
BRDA:218,23,1,12
BRDA:220,24,0,1
BRDA:220,24,1,13
BRDA:221,25,0,1
BRDA:221,25,1,12
BRDA:222,26,0,3
BRDA:222,26,1,9
BRDA:223,27,0,1
BRDA:223,27,1,8
BRDA:224,28,0,1
BRDA:224,28,1,7
BRDA:225,29,0,1
BRDA:225,29,1,6
BRDA:226,30,0,1
BRDA:226,30,1,5
BRDA:227,31,0,1
BRDA:227,31,1,4
BRDA:228,32,0,1
BRDA:228,32,1,3
BRDA:229,33,0,1
BRDA:229,33,1,2
BRDA:230,34,0,1
BRDA:230,34,1,1
BRDA:234,35,0,1
BRDA:234,35,1,11
BRDA:235,36,0,1
BRDA:235,36,1,10
BRDA:236,37,0,1
BRDA:236,37,1,9
BRDA:237,38,0,1
BRDA:237,38,1,8
BRDA:238,39,0,1
BRDA:238,39,1,7
BRDA:239,40,0,1
BRDA:239,40,1,6
BRDA:240,41,0,1
BRDA:240,41,1,5
BRDA:241,42,0,1
BRDA:241,42,1,4
BRDA:242,43,0,1
BRDA:242,43,1,3
BRDA:243,44,0,1
BRDA:243,44,1,2
BRDA:244,45,0,1
BRDA:244,45,1,1
BRF:81
BRH:80
end_of_record
TN:
SF:src/utils/calculations/iecBreakerCalculations.ts
FN:29,calculateIECBreakerSize
FN:145,(anonymous_1)
FN:185,checkIECCompliance
FN:227,checkIECWireCompatibility
FNF:4
FNH:4
FNDA:24,calculateIECBreakerSize
FNDA:32,(anonymous_1)
FNDA:21,checkIECCompliance
FNDA:2,checkIECWireCompatibility
DA:13,2
DA:14,2
DA:19,2
DA:24,2
DA:29,2
DA:47,24
DA:50,24
DA:53,24
DA:60,24
DA:62,2
DA:63,2
DA:65,2
DA:74,22
DA:76,21
DA:77,21
DA:79,1
DA:83,23
DA:84,23
DA:87,23
DA:89,2
DA:91,2
DA:92,1
DA:93,1
DA:94,1
DA:95,1
DA:96,1
DA:97,1
DA:98,0
DA:99,0
DA:100,0
DA:101,0
DA:102,0
DA:107,23
DA:108,23
DA:109,3
DA:110,3
DA:111,3
DA:115,23
DA:116,1
DA:117,1
DA:121,23
DA:122,4
DA:124,4
DA:125,4
DA:127,0
DA:128,0
DA:133,23
DA:134,23
DA:137,23
DA:140,23
DA:143,23
DA:144,23
DA:145,32
DA:147,23
DA:148,2
DA:152,21
DA:153,21
DA:154,21
DA:155,21
DA:157,21
DA:190,21
DA:193,2
DA:197,3
DA:201,10
DA:205,0
DA:209,4
DA:213,1
DA:217,1
DA:220,0
DA:229,2
DA:249,2
DA:250,2
DA:251,2
DA:253,1
LF:74
LH:65
BRDA:37,0,0,20
BRDA:42,1,0,22
BRDA:44,2,0,23
BRDA:46,3,0,24
BRDA:53,4,0,24
BRDA:53,4,1,24
BRDA:60,5,0,2
BRDA:60,5,1,22
BRDA:60,6,0,24
BRDA:60,6,1,3
BRDA:60,6,2,3
BRDA:74,7,0,21
BRDA:74,7,1,1
BRDA:74,8,0,22
BRDA:74,8,1,21
BRDA:87,9,0,2
BRDA:87,9,1,21
BRDA:91,10,0,1
BRDA:91,10,1,1
BRDA:94,11,0,1
BRDA:94,11,1,0
BRDA:94,12,0,1
BRDA:94,12,1,1
BRDA:98,13,0,0
BRDA:98,13,1,0
BRDA:98,14,0,0
BRDA:98,14,1,0
BRDA:98,14,2,0
BRDA:108,15,0,3
BRDA:108,15,1,20
BRDA:115,16,0,1
BRDA:115,16,1,22
BRDA:115,17,0,23
BRDA:115,17,1,3
BRDA:121,18,0,4
BRDA:121,18,1,19
BRDA:122,19,0,4
BRDA:122,19,1,0
BRDA:147,20,0,2
BRDA:147,20,1,21
BRDA:155,21,0,2
BRDA:155,21,1,19
BRDA:164,22,0,3
BRDA:164,22,1,18
BRDA:190,23,0,2
BRDA:190,23,1,3
BRDA:190,23,2,10
BRDA:190,23,3,0
BRDA:190,23,4,4
BRDA:190,23,5,1
BRDA:190,23,6,1
BRDA:190,23,7,0
BRDA:197,24,0,3
BRDA:197,24,1,3
BRDA:201,25,0,10
BRDA:201,25,1,10
BRDA:205,26,0,0
BRDA:205,26,1,0
BRDA:213,27,0,1
BRDA:213,27,1,1
BRDA:251,28,0,1
BRDA:251,28,1,1
BRF:62
BRH:51
end_of_record
TN:
SF:src/utils/calculations/iecConduitFill.ts
FN:36,calculateIECConduitFill
FN:52,calculateIECConduitFill_New
FN:66,(anonymous_2)
FN:67,(anonymous_3)
FN:74,(anonymous_4)
FN:75,(anonymous_5)
FN:79,(anonymous_6)
FN:121,(anonymous_7)
FN:195,calculateIECWireBreakdown
FN:217,(anonymous_9)
FN:227,getIECWireSpecification
FN:232,(anonymous_11)
FN:238,calculateIECFillData
FN:278,calculateSpecificIECConduitFill
FN:339,calculateCostFactor
FN:370,getIECConduitSpecifications
FN:372,(anonymous_16)
FN:380,getIECWireSpecifications
FN:387,findMinimumIECConduitSize
FN:393,(anonymous_19)
FN:394,(anonymous_20)
FN:409,getIECBundlingFactor
FN:410,(anonymous_22)
FN:425,generateIECConduitFillComparisonData
FN:437,(anonymous_24)
FN:438,(anonymous_25)
FN:450,(anonymous_26)
FN:452,(anonymous_27)
FN:501,calculateIECConduitFill_Legacy
FN:504,(anonymous_29)
FN:516,(anonymous_30)
FN:520,(anonymous_31)
FN:521,(anonymous_32)
FN:537,(anonymous_33)
FN:556,(anonymous_34)
FN:565,(anonymous_35)
FN:571,findRecommendedConduitSize
FN:573,(anonymous_37)
FN:579,calculateSpecificConduitFill
FN:590,(anonymous_39)
FN:596,generateConduitFillComparisonData
FN:607,(anonymous_41)
FNF:42
FNH:37
FNDA:14,calculateIECConduitFill
FNDA:5,calculateIECConduitFill_New
FNDA:6,(anonymous_2)
FNDA:6,(anonymous_3)
FNDA:120,(anonymous_4)
FNDA:55,(anonymous_5)
FNDA:0,(anonymous_6)
FNDA:60,(anonymous_7)
FNDA:22,calculateIECWireBreakdown
FNDA:26,(anonymous_9)
FNDA:27,getIECWireSpecification
FNDA:148,(anonymous_11)
FNDA:222,calculateIECFillData
FNDA:0,calculateSpecificIECConduitFill
FNDA:60,calculateCostFactor
FNDA:3,getIECConduitSpecifications
FNDA:48,(anonymous_16)
FNDA:4,getIECWireSpecifications
FNDA:0,findMinimumIECConduitSize
FNDA:0,(anonymous_19)
FNDA:0,(anonymous_20)
FNDA:6,getIECBundlingFactor
FNDA:84,(anonymous_22)
FNDA:2,generateIECConduitFillComparisonData
FNDA:2,(anonymous_24)
FNDA:2,(anonymous_25)
FNDA:48,(anonymous_26)
FNDA:24,(anonymous_27)
FNDA:15,calculateIECConduitFill_Legacy
FNDA:19,(anonymous_29)
FNDA:360,(anonymous_30)
FNDA:18,(anonymous_31)
FNDA:19,(anonymous_32)
FNDA:22,(anonymous_33)
FNDA:204,(anonymous_34)
FNDA:143,(anonymous_35)
FNDA:4,findRecommendedConduitSize
FNDA:20,(anonymous_37)
FNDA:2,calculateSpecificConduitFill
FNDA:15,(anonymous_39)
FNDA:2,generateConduitFillComparisonData
FNDA:2,(anonymous_41)
DA:12,2
DA:20,2
DA:36,2
DA:38,14
DA:42,9
DA:46,5
DA:62,5
DA:65,5
DA:66,6
DA:67,6
DA:70,5
DA:73,5
DA:74,120
DA:75,55
DA:78,5
DA:79,0
DA:80,0
DA:81,0
DA:89,0
DA:94,5
DA:95,5
DA:96,5
DA:97,5
DA:99,5
DA:100,6
DA:102,6
DA:103,5
DA:104,5
DA:105,5
DA:106,5
DA:107,5
DA:112,5
DA:113,0
DA:114,0
DA:115,0
DA:116,0
DA:117,0
DA:121,5
DA:122,60
DA:123,60
DA:133,5
DA:134,5
DA:137,5
DA:145,5
DA:196,22
DA:197,22
DA:199,22
DA:200,27
DA:201,27
DA:202,26
DA:203,26
DA:205,26
DA:217,22
DA:218,26
DA:221,22
DA:228,27
DA:232,148
DA:252,222
DA:253,36
DA:254,36
DA:255,186
DA:256,0
DA:257,0
DA:259,186
DA:260,186
DA:263,222
DA:264,222
DA:265,222
DA:267,222
DA:285,0
DA:286,0
DA:287,0
DA:289,0
DA:341,60
DA:356,60
DA:361,60
DA:362,60
DA:364,60
DA:370,2
DA:371,3
DA:372,48
DA:374,1
DA:380,2
DA:381,4
DA:387,2
DA:392,0
DA:393,0
DA:394,0
DA:396,0
DA:397,0
DA:398,0
DA:399,0
DA:403,0
DA:409,2
DA:410,84
DA:412,6
DA:413,46
DA:414,5
DA:419,1
DA:425,2
DA:436,2
DA:437,2
DA:438,2
DA:442,2
DA:443,0
DA:444,2
DA:445,0
DA:447,2
DA:450,48
DA:452,2
DA:453,24
DA:454,24
DA:455,24
DA:457,24
DA:501,2
DA:503,15
DA:504,19
DA:516,360
DA:518,15
DA:519,15
DA:520,18
DA:521,19
DA:524,15
DA:525,2
DA:526,24
DA:537,22
DA:540,13
DA:541,156
DA:544,156
DA:548,156
DA:556,204
DA:565,143
DA:571,2
DA:572,4
DA:573,20
DA:579,2
DA:584,2
DA:589,2
DA:590,15
DA:596,2
DA:607,2
DA:613,2
LF:142
LH:117
BRDA:38,0,0,9
BRDA:38,0,1,5
BRDA:38,1,0,14
BRDA:38,1,1,14
BRDA:38,1,2,13
BRDA:38,1,3,9
BRDA:38,1,4,9
BRDA:59,2,0,5
BRDA:60,3,0,5
BRDA:61,4,0,5
BRDA:78,5,0,0
BRDA:78,5,1,5
BRDA:80,6,0,0
BRDA:80,6,1,0
BRDA:102,7,0,5
BRDA:102,7,1,1
BRDA:112,8,0,0
BRDA:112,8,1,5
BRDA:201,9,0,26
BRDA:201,9,1,1
BRDA:228,10,0,3
BRDA:228,10,1,24
BRDA:252,11,0,36
BRDA:252,11,1,186
BRDA:255,12,0,0
BRDA:255,12,1,186
BRDA:324,13,0,0
BRDA:324,13,1,0
BRDA:325,14,0,0
BRDA:325,14,1,0
BRDA:361,15,0,60
BRDA:361,15,1,0
BRDA:362,16,0,60
BRDA:362,16,1,0
BRDA:371,17,0,2
BRDA:371,17,1,1
BRDA:380,18,0,1
BRDA:381,19,0,1
BRDA:381,19,1,3
BRDA:398,20,0,0
BRDA:398,20,1,0
BRDA:413,21,0,5
BRDA:413,21,1,41
BRDA:427,22,0,0
BRDA:442,23,0,0
BRDA:442,23,1,2
BRDA:444,24,0,0
BRDA:444,24,1,2
BRDA:524,25,0,2
BRDA:524,25,1,13
BRDA:544,26,0,156
BRDA:544,26,1,0
BRDA:573,27,0,4
BRDA:573,27,1,1
BRDA:590,28,0,2
BRDA:590,28,1,1
BRDA:598,29,0,0
BRF:57
BRH:39
end_of_record
TN:
SF:src/utils/calculations/iecWireCalculations.ts
FN:162,calculateIECWireSize
FN:203,(anonymous_1)
FN:255,(anonymous_2)
FN:316,calculateIECCorrectionFactors
FN:336,(anonymous_4)
FN:354,(anonymous_5)
FN:393,calculateIECVoltageDropForCable
FN:435,calculatePowerLoss
FN:455,getIECCableCostFactor
FN:468,getIECCableSpecifications
FN:475,getIECCableData
FN:476,(anonymous_11)
FN:482,getIECCableSizes
FN:483,(anonymous_13)
FN:489,getIECTemperatureCorrectionFactors
FN:496,getIECGroupingFactors
FN:503,getIECInstallationMethodFactors
FNF:17
FNH:17
FNDA:46,calculateIECWireSize
FNDA:1058,(anonymous_1)
FNDA:227,(anonymous_2)
FNDA:46,calculateIECCorrectionFactors
FNDA:736,(anonymous_4)
FNDA:874,(anonymous_5)
FNDA:400,calculateIECVoltageDropForCable
FNDA:46,calculatePowerLoss
FNDA:227,getIECCableCostFactor
FNDA:1,getIECCableSpecifications
FNDA:1,getIECCableData
FNDA:6,(anonymous_11)
FNDA:3,getIECCableSizes
FNDA:69,(anonymous_13)
FNDA:1,getIECTemperatureCorrectionFactors
FNDA:1,getIECGroupingFactors
FNDA:1,getIECInstallationMethodFactors
DA:9,7
DA:46,7
DA:74,7
DA:87,7
DA:93,7
DA:157,7
DA:162,7
DA:176,46
DA:178,46
DA:179,46
DA:182,46
DA:183,46
DA:186,46
DA:195,46
DA:203,46
DA:204,1058
DA:205,1058
DA:208,46
DA:209,0
DA:213,46
DA:214,46
DA:215,46
DA:225,46
DA:226,127
DA:235,127
DA:236,45
DA:237,45
DA:238,45
DA:243,46
DA:252,46
DA:255,46
DA:256,227
DA:265,227
DA:275,46
DA:276,46
DA:277,46
DA:278,46
DA:279,46
DA:281,46
DA:335,46
DA:336,736
DA:337,46
DA:339,46
DA:340,247
DA:341,46
DA:342,46
DA:347,46
DA:348,0
DA:352,46
DA:353,46
DA:354,874
DA:355,46
DA:357,46
DA:358,159
DA:359,46
DA:360,46
DA:365,46
DA:366,0
DA:371,46
DA:374,46
DA:375,46
DA:377,0
DA:378,0
DA:382,46
DA:404,400
DA:407,400
DA:414,400
DA:416,352
DA:417,352
DA:420,48
DA:421,48
DA:424,400
DA:426,400
DA:443,46
DA:448,46
DA:449,46
DA:456,227
DA:462,227
DA:468,7
DA:469,1
DA:475,7
DA:476,6
DA:482,7
DA:483,69
DA:489,7
DA:490,1
DA:496,7
DA:497,1
DA:503,7
DA:504,1
LF:90
LH:85
BRDA:170,0,0,38
BRDA:171,1,0,41
BRDA:172,2,0,40
BRDA:174,3,0,46
BRDA:208,4,0,0
BRDA:208,4,1,46
BRDA:235,5,0,45
BRDA:235,5,1,82
BRDA:278,6,0,46
BRDA:278,6,1,46
BRDA:292,7,0,46
BRDA:292,7,1,46
BRDA:292,7,2,45
BRDA:292,7,3,45
BRDA:340,8,0,46
BRDA:340,8,1,201
BRDA:347,9,0,0
BRDA:347,9,1,46
BRDA:353,10,0,46
BRDA:353,10,1,0
BRDA:358,11,0,46
BRDA:358,11,1,113
BRDA:365,12,0,0
BRDA:365,12,1,46
BRDA:371,13,0,46
BRDA:371,13,1,0
BRDA:375,14,0,0
BRDA:375,14,1,46
BRDA:375,15,0,46
BRDA:375,15,1,46
BRDA:377,16,0,0
BRDA:377,16,1,0
BRDA:407,17,0,20
BRDA:407,17,1,380
BRDA:414,18,0,352
BRDA:414,18,1,48
BRDA:443,19,0,2
BRDA:443,19,1,44
BRDA:448,20,0,39
BRDA:448,20,1,7
BRDA:462,21,0,227
BRDA:462,21,1,0
BRF:42
BRH:33
end_of_record
TN:
SF:src/utils/calculations/necBreakerCalculations.ts
FN:29,calculateNECBreakerSize
FN:136,(anonymous_1)
FN:176,checkNECCompliance
FN:212,checkNECWireCompatibility
FNF:4
FNH:4
FNDA:24,calculateNECBreakerSize
FNDA:29,(anonymous_1)
FNDA:21,checkNECCompliance
FNDA:1,checkNECWireCompatibility
DA:13,2
DA:14,2
DA:19,2
DA:24,2
DA:29,2
DA:47,24
DA:50,24
DA:53,24
DA:60,24
DA:62,3
DA:63,3
DA:65,3
DA:74,21
DA:76,20
DA:77,20
DA:79,1
DA:83,23
DA:84,23
DA:87,23
DA:88,3
DA:89,1
DA:90,1
DA:91,2
DA:92,1
DA:93,1
DA:94,1
DA:95,1
DA:96,0
DA:97,0
DA:98,0
DA:99,0
DA:104,23
DA:105,23
DA:106,1
DA:107,1
DA:108,1
DA:112,23
DA:113,1
DA:114,1
DA:118,23
DA:119,2
DA:120,2
DA:124,23
DA:125,23
DA:128,23
DA:131,23
DA:134,23
DA:135,23
DA:136,29
DA:138,23
DA:139,2
DA:143,21
DA:144,21
DA:145,21
DA:146,21
DA:148,21
DA:181,21
DA:184,2
DA:188,3
DA:192,13
DA:196,0
DA:202,3
DA:205,0
DA:214,1
DA:229,1
DA:230,1
DA:232,1
LF:67
LH:61
BRDA:37,0,0,22
BRDA:42,1,0,23
BRDA:44,2,0,23
BRDA:46,3,0,24
BRDA:53,4,0,24
BRDA:53,4,1,24
BRDA:60,5,0,3
BRDA:60,5,1,21
BRDA:60,6,0,24
BRDA:60,6,1,4
BRDA:60,6,2,4
BRDA:74,7,0,20
BRDA:74,7,1,1
BRDA:74,8,0,21
BRDA:74,8,1,20
BRDA:87,9,0,3
BRDA:87,9,1,20
BRDA:88,10,0,1
BRDA:88,10,1,2
BRDA:91,11,0,1
BRDA:91,11,1,1
BRDA:91,12,0,2
BRDA:91,12,1,1
BRDA:95,13,0,0
BRDA:95,13,1,1
BRDA:95,14,0,1
BRDA:95,14,1,0
BRDA:95,14,2,0
BRDA:105,15,0,1
BRDA:105,15,1,22
BRDA:112,16,0,1
BRDA:112,16,1,22
BRDA:112,17,0,23
BRDA:112,17,1,3
BRDA:118,18,0,2
BRDA:118,18,1,21
BRDA:118,19,0,23
BRDA:118,19,1,2
BRDA:138,20,0,2
BRDA:138,20,1,21
BRDA:146,21,0,1
BRDA:146,21,1,20
BRDA:155,22,0,1
BRDA:155,22,1,20
BRDA:181,23,0,2
BRDA:181,23,1,3
BRDA:181,23,2,13
BRDA:181,23,3,0
BRDA:181,23,4,2
BRDA:181,23,5,3
BRDA:181,23,6,3
BRDA:181,23,7,0
BRDA:188,24,0,3
BRDA:188,24,1,3
BRDA:192,25,0,13
BRDA:192,25,1,13
BRDA:196,26,0,0
BRDA:196,26,1,0
BRDA:230,27,0,0
BRDA:230,27,1,1
BRF:60
BRH:52
end_of_record
TN:
SF:src/utils/calculations/necConduitFill.ts
FN:18,calculateNECConduitFill
FN:32,(anonymous_1)
FN:33,(anonymous_2)
FN:40,(anonymous_3)
FN:41,(anonymous_4)
FN:45,(anonymous_5)
FN:87,(anonymous_6)
FN:161,calculateNECWireBreakdown
FN:166,(anonymous_8)
FN:183,(anonymous_9)
FN:193,calculateNECFillData
FN:233,calculateSpecificNECConduitFill
FN:294,calculateCostFactor
FN:326,getNECConduitSpecifications
FN:328,(anonymous_14)
FN:336,getNECWireSpecifications
FN:343,findMinimumNECConduitSize
FN:349,(anonymous_17)
FN:350,(anonymous_18)
FNF:19
FNH:11
FNDA:6,calculateNECConduitFill
FNDA:16,(anonymous_1)
FNDA:16,(anonymous_2)
FNDA:300,(anonymous_3)
FNDA:54,(anonymous_4)
FNDA:0,(anonymous_5)
FNDA:60,(anonymous_6)
FNDA:6,calculateNECWireBreakdown
FNDA:30,(anonymous_8)
FNDA:16,(anonymous_9)
FNDA:76,calculateNECFillData
FNDA:0,calculateSpecificNECConduitFill
FNDA:60,calculateCostFactor
FNDA:0,getNECConduitSpecifications
FNDA:0,(anonymous_14)
FNDA:0,getNECWireSpecifications
FNDA:0,findMinimumNECConduitSize
FNDA:0,(anonymous_17)
FNDA:0,(anonymous_18)
DA:12,2
DA:13,2
DA:18,2
DA:28,6
DA:31,6
DA:32,16
DA:33,16
DA:36,6
DA:39,6
DA:40,300
DA:41,54
DA:44,6
DA:45,0
DA:46,0
DA:47,0
DA:55,0
DA:60,6
DA:61,6
DA:62,6
DA:63,6
DA:65,6
DA:66,16
DA:68,16
DA:69,6
DA:70,6
DA:71,6
DA:72,6
DA:73,6
DA:78,6
DA:79,0
DA:80,0
DA:81,0
DA:82,0
DA:83,0
DA:87,6
DA:88,60
DA:89,60
DA:99,6
DA:100,6
DA:103,6
DA:111,6
DA:162,6
DA:163,6
DA:165,6
DA:166,30
DA:167,16
DA:168,16
DA:169,16
DA:171,16
DA:183,6
DA:184,16
DA:187,6
DA:207,76
DA:208,0
DA:209,0
DA:210,76
DA:211,11
DA:212,11
DA:214,65
DA:215,65
DA:218,76
DA:219,76
DA:220,76
DA:222,76
DA:240,0
DA:241,0
DA:242,0
DA:244,0
DA:296,60
DA:309,60
DA:317,60
DA:318,60
DA:320,60
DA:326,2
DA:327,0
DA:328,0
DA:330,0
DA:336,2
DA:337,0
DA:343,2
DA:348,0
DA:349,0
DA:350,0
DA:352,0
DA:353,0
DA:354,0
DA:355,0
DA:359,0
LF:88
LH:61
BRDA:25,0,0,6
BRDA:26,1,0,6
BRDA:27,2,0,6
BRDA:44,3,0,0
BRDA:44,3,1,6
BRDA:46,4,0,0
BRDA:46,4,1,0
BRDA:68,5,0,6
BRDA:68,5,1,10
BRDA:78,6,0,0
BRDA:78,6,1,6
BRDA:167,7,0,16
BRDA:167,7,1,0
BRDA:207,8,0,0
BRDA:207,8,1,76
BRDA:210,9,0,11
BRDA:210,9,1,65
BRDA:279,10,0,0
BRDA:279,10,1,0
BRDA:280,11,0,0
BRDA:280,11,1,0
BRDA:317,12,0,60
BRDA:317,12,1,0
BRDA:318,13,0,60
BRDA:318,13,1,0
BRDA:327,14,0,0
BRDA:327,14,1,0
BRDA:354,15,0,0
BRDA:354,15,1,0
BRF:29
BRH:13
end_of_record
TN:
SF:src/utils/calculations/necWireCalculations.ts
FN:132,calculateNECWireSize
FN:173,(anonymous_1)
FN:225,(anonymous_2)
FN:286,calculateNECCorrectionFactors
FN:304,(anonymous_4)
FN:320,(anonymous_5)
FN:349,calculateNECVoltageDropForWire
FN:389,getAmpacityForTemperature
FN:405,calculatePowerLoss
FN:425,getNECWireCostFactor
FN:438,getNECWireSpecifications
FN:445,getNECWireData
FN:446,(anonymous_12)
FN:452,getNECWireSizes
FN:453,(anonymous_14)
FN:459,getNECTemperatureCorrectionFactors
FN:466,getNECConductorAdjustmentFactors
FNF:17
FNH:17
FNDA:48,calculateNECWireSize
FNDA:1008,(anonymous_1)
FNDA:227,(anonymous_2)
FNDA:48,calculateNECCorrectionFactors
FNDA:576,(anonymous_4)
FNDA:1920,(anonymous_5)
FNDA:374,calculateNECVoltageDropForWire
FNDA:1281,getAmpacityForTemperature
FNDA:46,calculatePowerLoss
FNDA:227,getNECWireCostFactor
FNDA:1,getNECWireSpecifications
FNDA:1,getNECWireData
FNDA:2,(anonymous_12)
FNDA:3,getNECWireSizes
FNDA:63,(anonymous_14)
FNDA:1,getNECTemperatureCorrectionFactors
FNDA:1,getNECConductorAdjustmentFactors
DA:9,7
DA:44,7
DA:72,7
DA:85,7
DA:103,7
DA:127,7
DA:132,7
DA:146,48
DA:148,48
DA:149,48
DA:152,48
DA:153,48
DA:154,47
DA:158,48
DA:166,48
DA:173,48
DA:174,1008
DA:175,1008
DA:178,48
DA:179,2
DA:183,46
DA:184,46
DA:185,46
DA:195,46
DA:196,101
DA:205,101
DA:206,45
DA:207,45
DA:208,45
DA:213,46
DA:222,46
DA:225,46
DA:226,227
DA:235,227
DA:245,46
DA:246,46
DA:247,46
DA:248,46
DA:249,46
DA:251,46
DA:303,48
DA:304,576
DA:305,48
DA:307,48
DA:308,160
DA:309,48
DA:310,48
DA:315,48
DA:316,0
DA:320,1920
DA:321,48
DA:323,48
DA:324,196
DA:325,48
DA:326,48
DA:331,48
DA:332,0
DA:336,48
DA:338,48
DA:360,374
DA:363,374
DA:370,374
DA:372,367
DA:375,7
DA:378,374
DA:380,374
DA:390,1281
DA:392,54
DA:394,1173
DA:396,54
DA:398,0
DA:413,46
DA:418,46
DA:419,46
DA:426,227
DA:432,227
DA:438,7
DA:439,1
DA:445,7
DA:446,2
DA:452,7
DA:453,63
DA:459,7
DA:460,1
DA:466,7
DA:467,1
LF:86
LH:83
BRDA:140,0,0,42
BRDA:141,1,0,44
BRDA:142,2,0,42
BRDA:143,3,0,0
BRDA:144,4,0,45
BRDA:152,5,0,47
BRDA:152,5,1,1
BRDA:153,6,0,47
BRDA:153,6,1,1
BRDA:178,7,0,2
BRDA:178,7,1,46
BRDA:205,8,0,45
BRDA:205,8,1,56
BRDA:248,9,0,46
BRDA:248,9,1,46
BRDA:262,10,0,46
BRDA:262,10,1,46
BRDA:262,10,2,45
BRDA:262,10,3,45
BRDA:271,11,0,45
BRDA:271,11,1,1
BRDA:308,12,0,48
BRDA:308,12,1,112
BRDA:315,13,0,0
BRDA:315,13,1,48
BRDA:324,14,0,48
BRDA:324,14,1,148
BRDA:331,15,0,0
BRDA:331,15,1,48
BRDA:336,16,0,48
BRDA:336,16,1,0
BRDA:363,17,0,18
BRDA:363,17,1,356
BRDA:370,18,0,367
BRDA:370,18,1,7
BRDA:390,19,0,54
BRDA:390,19,1,1173
BRDA:390,19,2,54
BRDA:390,19,3,0
BRDA:413,20,0,2
BRDA:413,20,1,44
BRDA:418,21,0,45
BRDA:418,21,1,1
BRDA:432,22,0,227
BRDA:432,22,1,0
BRF:45
BRH:39
end_of_record
TN:
SF:src/utils/calculations/wireCalculatorRouter.ts
FN:130,calculateWireSize
FN:210,validateWireCalculationInput
FN:283,validateNECSpecificConstraints
FN:308,validateIECSpecificConstraints
FN:328,validateBS7671SpecificConstraints
FN:343,validateDCSpecificConstraints
FN:379,isDCStandard
FN:386,getStandardDefaults
FN:487,getVoltageDropLimits
FN:522,convertWireSize
FNF:10
FNH:9
FNDA:11,calculateWireSize
FNDA:20,validateWireCalculationInput
FNDA:10,validateNECSpecificConstraints
FNDA:4,validateIECSpecificConstraints
FNDA:1,validateBS7671SpecificConstraints
FNDA:4,validateDCSpecificConstraints
FNDA:15,isDCStandard
FNDA:7,getStandardDefaults
FNDA:135,getVoltageDropLimits
FNDA:0,convertWireSize
DA:18,8
DA:19,8
DA:20,8
DA:21,8
DA:130,8
DA:131,11
DA:134,11
DA:135,11
DA:136,0
DA:140,11
DA:141,5
DA:142,6
DA:143,2
DA:144,4
DA:145,1
DA:146,3
DA:148,2
DA:162,2
DA:165,2
DA:203,1
DA:210,8
DA:211,20
DA:214,20
DA:215,2
DA:217,20
DA:218,0
DA:221,20
DA:222,1
DA:224,20
DA:225,0
DA:228,20
DA:229,1
DA:231,20
DA:232,0
DA:235,20
DA:236,0
DA:239,20
DA:240,0
DA:243,20
DA:244,0
DA:248,20
DA:249,4
DA:250,1
DA:254,20
DA:255,3
DA:256,0
DA:260,20
DA:261,3
DA:262,0
DA:267,20
DA:268,10
DA:269,10
DA:270,4
DA:271,6
DA:272,1
DA:273,5
DA:274,4
DA:277,20
DA:284,10
DA:287,10
DA:288,0
DA:292,10
DA:293,10
DA:294,1
DA:298,10
DA:299,0
DA:302,10
DA:309,4
DA:312,4
DA:313,4
DA:314,1
DA:318,4
DA:319,0
DA:322,4
DA:329,1
DA:332,1
DA:333,1
DA:334,0
DA:337,1
DA:344,4
DA:347,4
DA:348,1
DA:352,4
DA:353,1
DA:357,4
DA:358,0
DA:362,4
DA:363,4
DA:364,0
DA:368,4
DA:369,4
DA:370,0
DA:373,4
DA:379,8
DA:380,15
DA:386,8
DA:387,7
DA:398,7
DA:400,1
DA:410,1
DA:419,1
DA:428,1
DA:441,1
DA:454,1
DA:467,1
DA:480,0
DA:487,8
DA:492,135
DA:494,47
DA:497,47
DA:500,37
DA:503,1
DA:506,1
DA:509,1
DA:512,1
DA:515,0
DA:522,8
DA:525,0
DA:526,0
DA:530,0
LF:120
LH:99
BRDA:135,0,0,0
BRDA:135,0,1,11
BRDA:140,1,0,5
BRDA:140,1,1,6
BRDA:142,2,0,2
BRDA:142,2,1,4
BRDA:144,3,0,1
BRDA:144,3,1,3
BRDA:146,4,0,2
BRDA:146,4,1,1
BRDA:152,5,0,2
BRDA:152,5,1,0
BRDA:153,6,0,2
BRDA:153,6,1,0
BRDA:158,7,0,2
BRDA:158,7,1,2
BRDA:174,8,0,2
BRDA:174,8,1,2
BRDA:188,9,0,2
BRDA:188,9,1,2
BRDA:196,10,0,2
BRDA:196,10,1,0
BRDA:197,11,0,2
BRDA:197,11,1,0
BRDA:214,12,0,2
BRDA:214,12,1,18
BRDA:214,13,0,20
BRDA:214,13,1,18
BRDA:217,14,0,0
BRDA:217,14,1,20
BRDA:221,15,0,1
BRDA:221,15,1,19
BRDA:221,16,0,20
BRDA:221,16,1,19
BRDA:224,17,0,0
BRDA:224,17,1,20
BRDA:228,18,0,1
BRDA:228,18,1,19
BRDA:228,19,0,20
BRDA:228,19,1,19
BRDA:231,20,0,0
BRDA:231,20,1,20
BRDA:235,21,0,0
BRDA:235,21,1,20
BRDA:239,22,0,0
BRDA:239,22,1,20
BRDA:243,23,0,0
BRDA:243,23,1,20
BRDA:248,24,0,4
BRDA:248,24,1,16
BRDA:249,25,0,1
BRDA:249,25,1,3
BRDA:249,26,0,4
BRDA:249,26,1,4
BRDA:254,27,0,3
BRDA:254,27,1,17
BRDA:255,28,0,0
BRDA:255,28,1,3
BRDA:255,29,0,3
BRDA:255,29,1,3
BRDA:260,30,0,3
BRDA:260,30,1,17
BRDA:261,31,0,0
BRDA:261,31,1,3
BRDA:261,32,0,3
BRDA:261,32,1,3
BRDA:267,33,0,10
BRDA:267,33,1,10
BRDA:269,34,0,4
BRDA:269,34,1,6
BRDA:271,35,0,1
BRDA:271,35,1,5
BRDA:273,36,0,4
BRDA:273,36,1,1
BRDA:287,37,0,0
BRDA:287,37,1,10
BRDA:287,38,0,10
BRDA:287,38,1,0
BRDA:293,39,0,1
BRDA:293,39,1,9
BRDA:298,40,0,0
BRDA:298,40,1,10
BRDA:298,41,0,10
BRDA:298,41,1,5
BRDA:313,42,0,1
BRDA:313,42,1,3
BRDA:318,43,0,0
BRDA:318,43,1,4
BRDA:318,44,0,4
BRDA:318,44,1,0
BRDA:333,45,0,0
BRDA:333,45,1,1
BRDA:347,46,0,1
BRDA:347,46,1,3
BRDA:352,47,0,1
BRDA:352,47,1,3
BRDA:357,48,0,0
BRDA:357,48,1,4
BRDA:357,49,0,4
BRDA:357,49,1,3
BRDA:363,50,0,0
BRDA:363,50,1,4
BRDA:363,51,0,4
BRDA:363,51,1,3
BRDA:369,52,0,0
BRDA:369,52,1,4
BRDA:398,53,0,1
BRDA:398,53,1,1
BRDA:398,53,2,1
BRDA:398,53,3,1
BRDA:398,53,4,1
BRDA:398,53,5,1
BRDA:398,53,6,1
BRDA:398,53,7,0
BRDA:492,54,0,47
BRDA:492,54,1,47
BRDA:492,54,2,37
BRDA:492,54,3,1
BRDA:492,54,4,1
BRDA:492,54,5,1
BRDA:492,54,6,1
BRDA:492,54,7,0
BRDA:525,55,0,0
BRDA:525,55,1,0
BRF:124
BRH:98
end_of_record
TN:
SF:src/utils/calculations/automotive/automotiveFuseCalculator.ts
FN:31,calculateAutomotiveFuseSize
FN:120,(anonymous_1)
FN:179,(anonymous_2)
FN:198,calculateAutomotiveTemperatureDerating
FN:210,checkWireCompatibility
FN:220,getWireAmpacity
FN:246,getAutomotiveFuseTypeRecommendation
FN:265,validateAutomotiveFuseInput
FNF:8
FNH:6
FNDA:71,calculateAutomotiveFuseSize
FNDA:186,(anonymous_1)
FNDA:119,(anonymous_2)
FNDA:4,calculateAutomotiveTemperatureDerating
FNDA:0,checkWireCompatibility
FNDA:0,getWireAmpacity
FNDA:6,getAutomotiveFuseTypeRecommendation
FNDA:12,validateAutomotiveFuseInput
DA:13,3
DA:20,3
DA:31,3
DA:44,71
DA:47,71
DA:48,71
DA:49,1
DA:54,70
DA:56,70
DA:57,46
DA:58,1
DA:60,45
DA:61,24
DA:62,24
DA:63,1
DA:66,23
DA:67,23
DA:69,23
DA:78,0
DA:82,68
DA:83,68
DA:86,68
DA:90,68
DA:91,4
DA:92,4
DA:96,68
DA:97,68
DA:98,2
DA:99,2
DA:103,68
DA:104,1
DA:108,67
DA:109,67
DA:110,0
DA:114,67
DA:115,67
DA:116,0
DA:119,67
DA:120,186
DA:123,67
DA:124,67
DA:126,67
DA:127,23
DA:129,44
DA:132,67
DA:134,67
DA:135,4
DA:138,67
DA:139,2
DA:142,67
DA:145,67
DA:153,67
DA:179,119
DA:200,4
DA:203,4
DA:204,4
DA:213,0
DA:214,0
DA:222,0
DA:240,0
DA:246,3
DA:251,6
DA:252,1
DA:253,5
DA:254,3
DA:255,2
DA:256,1
DA:258,1
DA:265,3
DA:266,12
DA:269,12
DA:270,12
DA:271,1
DA:275,12
DA:276,1
DA:280,12
DA:281,12
DA:282,2
DA:284,12
DA:285,1
DA:287,0
DA:288,0
DA:289,0
DA:291,0
DA:292,0
DA:296,0
DA:297,0
DA:298,0
DA:299,0
DA:305,12
DA:306,3
DA:309,12
LF:92
LH:76
BRDA:39,0,0,66
BRDA:40,1,0,71
BRDA:42,2,0,68
BRDA:47,3,0,71
BRDA:47,3,1,12
BRDA:48,4,0,1
BRDA:48,4,1,70
BRDA:56,5,0,46
BRDA:56,5,1,24
BRDA:57,6,0,1
BRDA:57,6,1,45
BRDA:57,7,0,46
BRDA:57,7,1,45
BRDA:61,8,0,24
BRDA:61,8,1,0
BRDA:62,9,0,1
BRDA:62,9,1,23
BRDA:62,10,0,24
BRDA:62,10,1,24
BRDA:62,10,2,24
BRDA:62,10,3,23
BRDA:66,11,0,23
BRDA:66,11,1,22
BRDA:83,12,0,65
BRDA:83,12,1,3
BRDA:90,13,0,4
BRDA:90,13,1,64
BRDA:97,14,0,2
BRDA:97,14,1,66
BRDA:97,15,0,68
BRDA:97,15,1,67
BRDA:103,16,0,1
BRDA:103,16,1,67
BRDA:109,17,0,0
BRDA:109,17,1,67
BRDA:115,18,0,0
BRDA:115,18,1,67
BRDA:126,19,0,23
BRDA:126,19,1,44
BRDA:127,20,0,23
BRDA:127,20,1,22
BRDA:132,21,0,64
BRDA:132,21,1,3
BRDA:134,22,0,4
BRDA:134,22,1,63
BRDA:138,23,0,2
BRDA:138,23,1,65
BRDA:148,24,0,0
BRDA:148,24,1,67
BRDA:149,25,0,67
BRDA:149,25,1,67
BRDA:200,26,0,0
BRDA:200,26,1,4
BRDA:240,27,0,0
BRDA:240,27,1,0
BRDA:251,28,0,1
BRDA:251,28,1,5
BRDA:253,29,0,3
BRDA:253,29,1,2
BRDA:255,30,0,1
BRDA:255,30,1,1
BRDA:269,31,0,12
BRDA:269,31,1,5
BRDA:270,32,0,1
BRDA:270,32,1,11
BRDA:275,33,0,1
BRDA:275,33,1,11
BRDA:280,34,0,12
BRDA:280,34,1,0
BRDA:281,35,0,2
BRDA:281,35,1,10
BRDA:281,36,0,12
BRDA:281,36,1,10
BRDA:284,37,0,1
BRDA:284,37,1,11
BRDA:284,38,0,12
BRDA:284,38,1,10
BRDA:287,39,0,0
BRDA:287,39,1,0
BRDA:288,40,0,0
BRDA:288,40,1,0
BRDA:288,41,0,0
BRDA:288,41,1,0
BRDA:291,42,0,0
BRDA:291,42,1,0
BRDA:291,43,0,0
BRDA:291,43,1,0
BRDA:296,44,0,0
BRDA:296,44,1,0
BRDA:296,45,0,0
BRDA:296,45,1,0
BRDA:298,46,0,0
BRDA:298,46,1,0
BRDA:305,47,0,3
BRDA:305,47,1,9
BRDA:305,48,0,12
BRDA:305,48,1,3
BRDA:305,48,2,3
BRF:98
BRH:74
end_of_record
TN:
SF:src/utils/testData/electricalScenarios.ts
FN:249,(anonymous_0)
FN:259,(anonymous_1)
FN:269,(anonymous_2)
FN:306,generateRandomTestScenario
FN:324,generateLargeDataset
FNF:5
FNH:0
FNDA:0,(anonymous_0)
FNDA:0,(anonymous_1)
FNDA:0,(anonymous_2)
FNDA:0,generateRandomTestScenario
FNDA:0,generateLargeDataset
DA:19,1
DA:92,1
DA:204,1
DA:245,1
DA:251,0
DA:261,0
DA:271,0
DA:279,1
DA:295,1
DA:306,1
DA:307,0
DA:308,0
DA:311,0
DA:324,1
DA:325,0
DA:327,0
DA:328,0
DA:329,0
DA:332,0
LF:19
LH:8
BRDA:307,0,0,0
BRDA:307,0,1,0
BRDA:328,1,0,0
BRDA:328,1,1,0
BRF:4
BRH:0
end_of_record
