TN:
SF:src/App.tsx
FN:10,(anonymous_10)
FN:10,(anonymous_11)
FN:11,(anonymous_12)
FN:11,(anonymous_13)
FN:12,(anonymous_14)
FN:12,(anonymous_15)
FN:13,(anonymous_16)
FN:13,(anonymous_17)
FN:14,(anonymous_18)
FN:14,(anonymous_19)
FN:15,(anonymous_20)
FN:15,(anonymous_21)
FN:18,(anonymous_22)
FN:20,(anonymous_23)
FN:34,App
FN:39,(anonymous_25)
FN:42,(anonymous_26)
FN:45,(anonymous_27)
FN:46,(anonymous_28)
FN:52,(anonymous_29)
FNF:20
FNH:8
FNDA:1,(anonymous_10)
FNDA:1,(anonymous_11)
FNDA:0,(anonymous_12)
FNDA:0,(anonymous_13)
FNDA:0,(anonymous_14)
FNDA:0,(anonymous_15)
FNDA:0,(anonymous_16)
FNDA:0,(anonymous_17)
FNDA:0,(anonymous_18)
FNDA:0,(anonymous_19)
FNDA:0,(anonymous_20)
FNDA:0,(anonymous_21)
FNDA:0,(anonymous_22)
FNDA:0,(anonymous_23)
FNDA:18,App
FNDA:18,(anonymous_25)
FNDA:18,(anonymous_26)
FNDA:18,(anonymous_27)
FNDA:1,(anonymous_28)
FNDA:18,(anonymous_29)
DA:1,1
DA:2,1
DA:3,1
DA:4,1
DA:5,1
DA:6,1
DA:10,2
DA:11,1
DA:12,1
DA:13,1
DA:14,1
DA:15,1
DA:18,1
DA:20,0
DA:23,1
DA:35,18
DA:36,18
DA:39,18
DA:41,18
DA:42,18
DA:45,18
DA:46,18
DA:47,1
DA:52,18
DA:53,18
DA:60,18
DA:62,18
DA:66,0
DA:70,0
DA:74,0
DA:78,0
DA:82,0
DA:86,0
DA:92,18
DA:110,1
LF:35
LH:28
BRDA:60,0,0,18
BRDA:60,0,1,0
BRDA:60,0,2,0
BRDA:60,0,3,0
BRDA:60,0,4,0
BRDA:60,0,5,0
BRDA:60,0,6,0
BRDA:97,1,0,18
BRDA:97,1,1,18
BRDA:97,1,2,18
BRDA:97,1,3,18
BRF:11
BRH:5
end_of_record
TN:
SF:src/components/ConduitFillCalculator.tsx
FN:49,ConduitFillCalculator
FN:51,(anonymous_1)
FN:55,(anonymous_2)
FN:78,(anonymous_3)
FN:89,(anonymous_4)
FN:95,(anonymous_5)
FN:119,(anonymous_6)
FN:125,(anonymous_7)
FN:159,(anonymous_8)
FN:168,(anonymous_9)
FN:169,(anonymous_10)
FN:172,(anonymous_11)
FN:173,(anonymous_12)
FN:182,(anonymous_13)
FN:184,(anonymous_14)
FN:189,(anonymous_15)
FN:197,(anonymous_16)
FN:215,(anonymous_17)
FN:264,(anonymous_18)
FN:266,(anonymous_19)
FN:280,(anonymous_20)
FN:305,(anonymous_21)
FN:324,(anonymous_22)
FN:341,(anonymous_23)
FN:352,(anonymous_24)
FN:368,(anonymous_25)
FN:402,(anonymous_26)
FN:408,(anonymous_27)
FN:411,(anonymous_28)
FN:424,(anonymous_29)
FN:433,(anonymous_30)
FN:436,(anonymous_31)
FN:447,(anonymous_32)
FN:575,(anonymous_33)
FNF:34
FNH:23
FNDA:52,ConduitFillCalculator
FNDA:56,(anonymous_1)
FNDA:54,(anonymous_2)
FNDA:35,(anonymous_3)
FNDA:4,(anonymous_4)
FNDA:4,(anonymous_5)
FNDA:10,(anonymous_6)
FNDA:10,(anonymous_7)
FNDA:2,(anonymous_8)
FNDA:1,(anonymous_9)
FNDA:2,(anonymous_10)
FNDA:0,(anonymous_11)
FNDA:0,(anonymous_12)
FNDA:54,(anonymous_13)
FNDA:204,(anonymous_14)
FNDA:630,(anonymous_15)
FNDA:52,(anonymous_16)
FNDA:54,(anonymous_17)
FNDA:0,(anonymous_18)
FNDA:196,(anonymous_19)
FNDA:0,(anonymous_20)
FNDA:0,(anonymous_21)
FNDA:4,(anonymous_22)
FNDA:0,(anonymous_23)
FNDA:0,(anonymous_24)
FNDA:0,(anonymous_25)
FNDA:54,(anonymous_26)
FNDA:0,(anonymous_27)
FNDA:834,(anonymous_28)
FNDA:0,(anonymous_29)
FNDA:0,(anonymous_30)
FNDA:192,(anonymous_31)
FNDA:1,(anonymous_32)
FNDA:7,(anonymous_33)
DA:1,1
DA:2,1
DA:24,1
DA:25,1
DA:34,1
DA:35,1
DA:36,1
DA:49,1
DA:51,52
DA:52,56
DA:55,54
DA:62,52
DA:63,52
DA:64,52
DA:65,52
DA:66,52
DA:67,52
DA:70,52
DA:71,52
DA:72,52
DA:73,52
DA:74,52
DA:75,52
DA:78,52
DA:79,35
DA:81,4
DA:82,4
DA:83,4
DA:86,4
DA:89,4
DA:90,4
DA:92,0
DA:95,4
DA:96,4
DA:97,4
DA:99,4
DA:101,3
DA:102,3
DA:103,3
DA:104,1
DA:106,1
DA:107,1
DA:108,1
DA:111,4
DA:115,4
DA:119,52
DA:120,10
DA:121,10
DA:124,10
DA:125,10
DA:139,10
DA:140,8
DA:143,8
DA:150,8
DA:152,2
DA:153,2
DA:154,2
DA:155,2
DA:159,52
DA:160,2
DA:165,2
DA:168,52
DA:169,2
DA:172,52
DA:173,0
DA:174,0
DA:177,0
DA:178,0
DA:182,52
DA:183,54
DA:184,204
DA:189,630
DA:197,52
DA:198,52
DA:199,12
DA:205,40
DA:215,52
DA:216,54
DA:217,12
DA:222,42
DA:231,52
DA:233,52
DA:264,0
DA:267,196
DA:280,0
DA:305,0
DA:324,4
DA:341,0
DA:352,0
DA:368,0
DA:403,54
DA:408,0
DA:412,834
DA:424,0
DA:433,0
DA:437,192
DA:447,1
DA:576,7
LF:98
LH:84
BRDA:49,0,0,0
BRDA:52,1,0,15
BRDA:52,1,1,41
BRDA:57,2,0,12
BRDA:57,2,1,42
BRDA:59,3,0,12
BRDA:59,3,1,42
BRDA:79,4,0,4
BRDA:79,4,1,31
BRDA:90,5,0,0
BRDA:90,5,1,4
BRDA:99,6,0,3
BRDA:99,6,1,1
BRDA:99,7,0,4
BRDA:99,7,1,3
BRDA:102,8,0,3
BRDA:102,8,1,0
BRDA:104,9,0,1
BRDA:104,9,1,0
BRDA:104,10,0,1
BRDA:104,10,1,1
BRDA:107,11,0,1
BRDA:107,11,1,0
BRDA:131,12,0,1
BRDA:131,12,1,9
BRDA:152,13,0,2
BRDA:152,13,1,0
BRDA:174,14,0,0
BRDA:174,14,1,0
BRDA:183,15,0,12
BRDA:183,15,1,42
BRDA:198,16,0,12
BRDA:198,16,1,40
BRDA:216,17,0,12
BRDA:216,17,1,42
BRDA:231,18,0,12
BRDA:231,18,1,40
BRDA:328,19,0,4
BRDA:328,19,1,48
BRDA:333,20,0,52
BRDA:333,20,1,4
BRDA:482,21,0,52
BRDA:482,21,1,3
BRDA:488,22,0,52
BRDA:488,22,1,8
BRDA:494,23,0,1
BRDA:494,23,1,7
BRDA:497,24,0,8
BRDA:497,24,1,0
BRDA:498,25,0,8
BRDA:498,25,1,0
BRDA:499,26,0,8
BRDA:499,26,1,0
BRDA:514,27,0,8
BRDA:514,27,1,8
BRDA:527,28,0,1
BRDA:527,28,1,7
BRDA:532,29,0,8
BRDA:532,29,1,8
BRDA:541,30,0,8
BRDA:541,30,1,0
BRDA:542,31,0,8
BRDA:542,31,1,0
BRDA:543,32,0,8
BRDA:543,32,1,0
BRDA:549,33,0,8
BRDA:549,33,1,0
BRDA:550,34,0,8
BRDA:550,34,1,0
BRDA:551,35,0,8
BRDA:551,35,1,0
BRDA:557,36,0,8
BRDA:557,36,1,0
BRDA:558,37,0,8
BRDA:558,37,1,0
BRDA:559,38,0,8
BRDA:559,38,1,0
BRDA:569,39,0,8
BRDA:569,39,1,8
BRDA:569,39,2,7
BRDA:590,40,0,8
BRDA:590,40,1,0
BRDA:593,41,0,8
BRDA:593,41,1,0
BRDA:600,42,0,1
BRDA:600,42,1,7
BRF:86
BRH:64
end_of_record
TN:
SF:src/components/DCApplicationSelector.tsx
FN:54,DCApplicationSelector
FN:61,(anonymous_1)
FN:74,(anonymous_2)
FN:95,(anonymous_3)
FN:131,(anonymous_4)
FN:278,(anonymous_5)
FNF:6
FNH:4
FNDA:189,DCApplicationSelector
FNDA:0,(anonymous_1)
FNDA:189,(anonymous_2)
FNDA:189,(anonymous_3)
FNDA:0,(anonymous_4)
FNDA:567,(anonymous_5)
DA:1,8
DA:14,8
DA:24,8
DA:25,8
DA:34,8
DA:44,8
DA:54,8
DA:61,189
DA:62,0
DA:64,0
DA:65,0
DA:66,0
DA:70,189
DA:71,189
DA:72,189
DA:74,189
DA:75,189
DA:77,187
DA:79,0
DA:81,1
DA:83,1
DA:85,0
DA:87,0
DA:89,0
DA:91,0
DA:95,189
DA:96,189
DA:98,187
DA:100,0
DA:102,1
DA:104,1
DA:106,0
DA:108,0
DA:110,0
DA:112,0
DA:116,189
DA:131,0
DA:279,567
LF:38
LH:23
BRDA:65,0,0,0
BRDA:65,0,1,0
BRDA:75,1,0,187
BRDA:75,1,1,0
BRDA:75,1,2,1
BRDA:75,1,3,1
BRDA:75,1,4,0
BRDA:75,1,5,0
BRDA:75,1,6,0
BRDA:75,1,7,0
BRDA:96,2,0,187
BRDA:96,2,1,0
BRDA:96,2,2,1
BRDA:96,2,3,1
BRDA:96,2,4,0
BRDA:96,2,5,0
BRDA:96,2,6,0
BRDA:96,2,7,0
BRF:18
BRH:6
end_of_record
TN:
SF:src/components/DCBreakerCalculator.tsx
FN:55,DCBreakerCalculator
FN:91,(anonymous_2)
FN:97,(anonymous_3)
FN:106,(anonymous_4)
FN:113,(anonymous_5)
FN:115,(anonymous_6)
FN:122,(anonymous_7)
FN:157,(anonymous_8)
FN:171,(anonymous_9)
FN:189,(anonymous_10)
FN:209,(anonymous_11)
FN:227,(anonymous_12)
FN:247,(anonymous_13)
FN:262,(anonymous_14)
FN:283,(anonymous_15)
FN:299,(anonymous_16)
FN:314,(anonymous_17)
FN:329,(anonymous_18)
FN:346,(anonymous_19)
FN:364,(anonymous_20)
FN:379,(anonymous_21)
FN:379,(anonymous_22)
FN:392,(anonymous_23)
FN:405,(anonymous_24)
FNF:24
FNH:11
FNDA:41,DCBreakerCalculator
FNDA:0,(anonymous_2)
FNDA:2,(anonymous_3)
FNDA:2,(anonymous_4)
FNDA:0,(anonymous_5)
FNDA:0,(anonymous_6)
FNDA:5,(anonymous_7)
FNDA:5,(anonymous_8)
FNDA:16,(anonymous_9)
FNDA:0,(anonymous_10)
FNDA:0,(anonymous_11)
FNDA:1,(anonymous_12)
FNDA:0,(anonymous_13)
FNDA:0,(anonymous_14)
FNDA:0,(anonymous_15)
FNDA:0,(anonymous_16)
FNDA:0,(anonymous_17)
FNDA:0,(anonymous_18)
FNDA:1,(anonymous_19)
FNDA:0,(anonymous_20)
FNDA:1,(anonymous_21)
FNDA:1,(anonymous_22)
FNDA:0,(anonymous_23)
FNDA:1,(anonymous_24)
DA:1,1
DA:2,1
DA:3,1
DA:22,1
DA:36,1
DA:37,1
DA:55,1
DA:56,41
DA:57,41
DA:58,41
DA:59,41
DA:60,41
DA:61,41
DA:63,41
DA:75,41
DA:86,41
DA:87,41
DA:88,41
DA:91,41
DA:92,0
DA:93,0
DA:97,41
DA:98,2
DA:105,2
DA:106,2
DA:113,41
DA:114,0
DA:115,0
DA:119,0
DA:122,41
DA:123,5
DA:124,5
DA:125,5
DA:128,5
DA:149,5
DA:150,5
DA:151,0
DA:152,0
DA:153,0
DA:157,5
DA:159,5
DA:160,4
DA:162,1
DA:163,1
DA:164,1
DA:166,5
DA:171,41
DA:172,16
DA:175,41
DA:210,0
DA:211,0
DA:227,1
DA:247,0
DA:262,0
DA:283,0
DA:299,0
DA:314,0
DA:329,0
DA:346,1
DA:364,0
DA:379,1
DA:392,0
DA:405,1
LF:63
LH:45
BRDA:105,0,0,2
BRDA:105,0,1,0
BRDA:131,1,0,5
BRDA:131,1,1,0
BRDA:132,2,0,0
BRDA:132,2,1,5
BRDA:133,3,0,0
BRDA:133,3,1,5
BRDA:134,4,0,0
BRDA:134,4,1,5
BRDA:136,5,0,0
BRDA:136,5,1,5
BRDA:138,6,0,0
BRDA:138,6,1,5
BRDA:141,7,0,5
BRDA:141,7,1,5
BRDA:150,8,0,0
BRDA:150,8,1,5
BRDA:162,9,0,1
BRDA:162,9,1,0
BRDA:172,10,0,16
BRDA:172,10,1,0
BRDA:221,11,0,41
BRDA:221,11,1,41
BRDA:240,12,0,41
BRDA:240,12,1,0
BRDA:292,13,0,41
BRDA:292,13,1,0
BRDA:417,14,0,5
BRDA:417,14,1,36
BRDA:422,15,0,5
BRDA:422,15,1,36
BRDA:443,16,0,41
BRDA:443,16,1,0
BRDA:449,17,0,41
BRDA:449,17,1,4
BRDA:458,18,0,4
BRDA:458,18,1,0
BRDA:458,19,0,4
BRDA:458,19,1,4
BRDA:460,20,0,4
BRDA:460,20,1,0
BRDA:460,21,0,4
BRDA:460,21,1,4
BRDA:462,22,0,4
BRDA:462,22,1,0
BRDA:462,23,0,4
BRDA:462,23,1,4
BRDA:508,24,0,4
BRDA:508,24,1,0
BRDA:524,25,0,4
BRDA:524,25,1,4
BRDA:585,26,0,4
BRDA:585,26,1,0
BRDA:585,27,0,4
BRDA:585,27,1,4
BRDA:585,27,2,4
BRDA:585,27,3,4
BRDA:633,28,0,4
BRDA:633,28,1,0
BRF:60
BRH:41
end_of_record
TN:
SF:src/components/DCWireCalculator.tsx
FN:44,DCWireCalculator
FN:50,(anonymous_2)
FN:80,(anonymous_3)
FN:81,(anonymous_4)
FN:91,(anonymous_5)
FN:100,(anonymous_6)
FN:107,(anonymous_7)
FN:109,(anonymous_8)
FN:117,(anonymous_9)
FN:124,(anonymous_10)
FN:130,(anonymous_11)
FN:140,(anonymous_12)
FN:147,(anonymous_13)
FN:171,(anonymous_14)
FN:188,(anonymous_15)
FN:214,(anonymous_16)
FN:252,(anonymous_17)
FN:268,(anonymous_18)
FN:285,(anonymous_19)
FN:290,(anonymous_20)
FN:297,(anonymous_21)
FN:312,(anonymous_22)
FN:325,(anonymous_23)
FN:341,(anonymous_24)
FNF:24
FNH:11
FNDA:143,DCWireCalculator
FNDA:143,(anonymous_2)
FNDA:0,(anonymous_3)
FNDA:0,(anonymous_4)
FNDA:27,(anonymous_5)
FNDA:27,(anonymous_6)
FNDA:0,(anonymous_7)
FNDA:0,(anonymous_8)
FNDA:0,(anonymous_9)
FNDA:0,(anonymous_10)
FNDA:0,(anonymous_11)
FNDA:0,(anonymous_12)
FNDA:17,(anonymous_13)
FNDA:17,(anonymous_14)
FNDA:32,(anonymous_15)
FNDA:0,(anonymous_16)
FNDA:14,(anonymous_17)
FNDA:8,(anonymous_18)
FNDA:0,(anonymous_19)
FNDA:0,(anonymous_20)
FNDA:300,(anonymous_21)
FNDA:0,(anonymous_22)
FNDA:5,(anonymous_23)
FNDA:0,(anonymous_24)
DA:1,7
DA:2,7
DA:3,7
DA:20,7
DA:28,7
DA:29,7
DA:30,7
DA:44,7
DA:45,143
DA:46,143
DA:47,143
DA:50,143
DA:51,143
DA:52,143
DA:55,143
DA:57,143
DA:69,143
DA:76,143
DA:77,143
DA:78,143
DA:80,143
DA:81,0
DA:86,0
DA:87,0
DA:91,143
DA:92,27
DA:99,27
DA:100,27
DA:107,143
DA:108,0
DA:109,0
DA:113,0
DA:114,0
DA:117,143
DA:118,0
DA:121,0
DA:122,0
DA:123,0
DA:124,0
DA:130,0
DA:136,0
DA:137,0
DA:140,143
DA:141,0
DA:143,0
DA:144,0
DA:147,143
DA:148,17
DA:149,17
DA:150,17
DA:153,17
DA:163,17
DA:164,17
DA:165,0
DA:166,0
DA:167,0
DA:171,17
DA:173,17
DA:174,17
DA:176,0
DA:177,0
DA:178,0
DA:180,17
DA:185,143
DA:188,143
DA:189,32
DA:190,0
DA:191,0
DA:194,143
DA:214,0
DA:252,14
DA:268,8
DA:286,0
DA:287,0
DA:288,0
DA:290,0
DA:298,300
DA:312,0
DA:325,5
DA:341,0
LF:80
LH:47
BRDA:44,0,0,100
BRDA:52,1,0,143
BRDA:52,1,1,0
BRDA:93,2,0,14
BRDA:93,2,1,13
BRDA:93,3,0,8
BRDA:93,3,1,5
BRDA:99,4,0,27
BRDA:99,4,1,0
BRDA:122,5,0,0
BRDA:122,5,1,0
BRDA:122,6,0,0
BRDA:122,6,1,0
BRDA:164,7,0,0
BRDA:164,7,1,17
BRDA:176,8,0,0
BRDA:176,8,1,0
BRDA:189,9,0,32
BRDA:189,9,1,0
BRDA:190,10,0,0
BRDA:190,10,1,0
BRDA:222,11,0,143
BRDA:222,11,1,0
BRDA:265,12,0,143
BRDA:265,12,1,0
BRDA:275,13,0,0
BRDA:275,13,1,143
BRDA:354,14,0,17
BRDA:354,14,1,126
BRDA:359,15,0,17
BRDA:359,15,1,126
BRDA:380,16,0,143
BRDA:380,16,1,0
BRDA:386,17,0,143
BRDA:386,17,1,16
BRDA:392,18,0,16
BRDA:392,18,1,0
BRDA:395,19,0,14
BRDA:395,19,1,2
BRDA:395,20,0,16
BRDA:395,20,1,16
BRDA:397,21,0,14
BRDA:397,21,1,2
BRDA:397,22,0,16
BRDA:397,22,1,16
BRDA:399,23,0,14
BRDA:399,23,1,2
BRDA:399,24,0,16
BRDA:399,24,1,16
BRDA:474,25,0,14
BRDA:474,25,1,2
BRDA:474,26,0,16
BRDA:474,26,1,16
BRDA:481,27,0,16
BRDA:481,27,1,0
BRDA:482,28,0,14
BRDA:482,28,1,2
BRDA:483,29,0,16
BRDA:483,29,1,0
BRDA:484,30,0,14
BRDA:484,30,1,2
BRDA:492,31,0,0
BRDA:492,31,1,16
BRF:63
BRH:43
end_of_record
TN:
SF:src/components/ErrorBoundary.tsx
FN:17,(anonymous_0)
FN:22,(anonymous_1)
FN:26,(anonymous_2)
FN:31,(anonymous_3)
FN:35,(anonymous_4)
FN:39,(anonymous_5)
FNF:6
FNH:2
FNDA:18,(anonymous_0)
FNDA:0,(anonymous_1)
FNDA:0,(anonymous_2)
FNDA:0,(anonymous_3)
FNDA:0,(anonymous_4)
FNDA:18,(anonymous_5)
DA:1,1
DA:2,1
DA:3,1
DA:18,18
DA:19,18
DA:23,0
DA:27,0
DA:28,0
DA:31,18
DA:32,0
DA:35,18
DA:36,0
DA:40,18
DA:41,0
DA:42,0
DA:45,0
DA:128,18
DA:132,1
LF:18
LH:10
BRDA:40,0,0,0
BRDA:40,0,1,18
BRDA:41,1,0,0
BRDA:41,1,1,0
BRDA:69,2,0,0
BRDA:69,2,1,0
BRDA:92,3,0,0
BRDA:92,3,1,0
BRDA:92,3,2,0
BRF:9
BRH:1
end_of_record
TN:
SF:src/components/Layout.tsx
FN:44,Layout
FN:80,(anonymous_1)
FN:84,(anonymous_2)
FNF:3
FNH:2
FNDA:18,Layout
FNDA:108,(anonymous_1)
FNDA:0,(anonymous_2)
DA:2,1
DA:18,1
DA:27,1
DA:35,1
DA:44,1
DA:45,18
DA:46,18
DA:48,18
DA:81,108
DA:84,0
LF:10
LH:9
BRDA:67,0,0,0
BRDA:67,0,1,18
BRF:2
BRH:1
end_of_record
TN:
SF:src/components/StandardSelector.tsx
FN:22,StandardSelector
FN:25,(anonymous_1)
FN:28,(anonymous_2)
FN:53,(anonymous_3)
FN:61,(anonymous_4)
FN:86,(anonymous_5)
FNF:6
FNH:5
FNDA:18,StandardSelector
FNDA:18,(anonymous_1)
FNDA:126,(anonymous_2)
FNDA:0,(anonymous_3)
FNDA:54,(anonymous_4)
FNDA:72,(anonymous_5)
DA:1,1
DA:13,1
DA:14,1
DA:22,1
DA:23,18
DA:24,18
DA:25,18
DA:26,18
DA:28,18
DA:29,126
DA:30,18
DA:31,18
DA:32,18
DA:33,18
DA:34,54
DA:38,18
DA:53,0
DA:62,54
DA:63,54
DA:87,72
DA:88,72
LF:21
LH:20
BRDA:29,0,0,18
BRDA:29,0,1,18
BRDA:29,0,2,18
BRDA:29,0,3,18
BRDA:29,0,4,54
BRDA:107,1,0,18
BRDA:107,1,1,18
BRDA:116,2,0,18
BRDA:116,2,1,0
BRDA:119,3,0,0
BRDA:119,3,1,18
BRDA:126,4,0,0
BRDA:126,4,1,18
BRDA:128,5,0,18
BRDA:128,5,1,0
BRDA:130,6,0,0
BRDA:130,6,1,0
BRDA:140,7,0,0
BRDA:140,7,1,18
BRDA:158,8,0,0
BRDA:158,8,1,0
BRDA:164,9,0,0
BRDA:164,9,1,0
BRDA:166,10,0,0
BRDA:166,10,1,0
BRDA:168,11,0,0
BRDA:168,11,1,0
BRDA:170,12,0,0
BRDA:170,12,1,0
BRF:29
BRH:12
end_of_record
TN:
SF:src/components/UniversalWireCalculator.tsx
FN:41,UniversalWireCalculator
FN:73,(anonymous_1)
FN:90,(anonymous_2)
FN:99,(anonymous_3)
FN:144,(anonymous_4)
FN:145,(anonymous_5)
FN:152,(anonymous_6)
FN:161,(anonymous_7)
FN:193,(anonymous_8)
FN:210,(anonymous_9)
FN:229,(anonymous_10)
FN:249,(anonymous_11)
FN:253,(anonymous_12)
FN:258,(anonymous_13)
FN:272,(anonymous_14)
FN:286,(anonymous_15)
FN:288,(anonymous_16)
FN:302,(anonymous_17)
FN:316,(anonymous_18)
FN:331,(anonymous_19)
FN:347,(anonymous_20)
FN:405,(anonymous_21)
FN:424,(anonymous_22)
FN:443,(anonymous_23)
FN:509,(anonymous_24)
FN:541,(anonymous_25)
FNF:26
FNH:13
FNDA:128,UniversalWireCalculator
FNDA:66,(anonymous_1)
FNDA:66,(anonymous_2)
FNDA:0,(anonymous_3)
FNDA:0,(anonymous_4)
FNDA:0,(anonymous_5)
FNDA:11,(anonymous_6)
FNDA:11,(anonymous_7)
FNDA:7,(anonymous_8)
FNDA:2,(anonymous_9)
FNDA:0,(anonymous_10)
FNDA:0,(anonymous_11)
FNDA:124,(anonymous_12)
FNDA:154,(anonymous_13)
FNDA:0,(anonymous_14)
FNDA:0,(anonymous_15)
FNDA:432,(anonymous_16)
FNDA:1,(anonymous_17)
FNDA:1,(anonymous_18)
FNDA:1,(anonymous_19)
FNDA:0,(anonymous_20)
FNDA:0,(anonymous_21)
FNDA:0,(anonymous_22)
FNDA:0,(anonymous_23)
FNDA:0,(anonymous_24)
FNDA:0,(anonymous_25)
DA:1,4
DA:2,4
DA:3,4
DA:21,4
DA:22,4
DA:23,4
DA:24,4
DA:41,4
DA:42,128
DA:56,128
DA:64,128
DA:65,128
DA:66,128
DA:68,128
DA:69,128
DA:70,128
DA:73,128
DA:74,66
DA:75,66
DA:80,66
DA:82,32
DA:83,32
DA:86,34
DA:87,34
DA:90,66
DA:99,128
DA:100,0
DA:101,0
DA:104,0
DA:134,0
DA:135,0
DA:138,0
DA:139,0
DA:140,0
DA:144,128
DA:145,0
DA:152,128
DA:153,11
DA:160,11
DA:161,11
DA:168,128
DA:170,128
DA:193,7
DA:210,2
DA:230,0
DA:231,0
DA:232,0
DA:233,0
DA:249,0
DA:254,124
DA:259,154
DA:272,0
DA:286,0
DA:289,432
DA:302,1
DA:316,1
DA:331,1
DA:347,0
DA:406,0
DA:409,0
DA:410,0
DA:414,0
DA:415,0
DA:417,0
DA:418,0
DA:420,0
DA:422,0
DA:425,0
DA:428,0
DA:429,0
DA:433,0
DA:434,0
DA:436,0
DA:437,0
DA:439,0
DA:441,0
DA:444,0
DA:447,0
DA:448,0
DA:452,0
DA:453,0
DA:455,0
DA:456,0
DA:458,0
DA:460,0
DA:509,0
DA:541,0
LF:87
LH:41
BRDA:46,0,0,77
BRDA:46,0,1,51
BRDA:48,1,0,77
BRDA:48,1,1,51
BRDA:80,2,0,32
BRDA:80,2,1,34
BRDA:82,3,0,32
BRDA:82,3,1,0
BRDA:86,4,0,34
BRDA:86,4,1,0
BRDA:95,5,0,34
BRDA:95,5,1,32
BRDA:117,6,0,0
BRDA:117,6,1,0
BRDA:125,7,0,0
BRDA:125,7,1,0
BRDA:138,8,0,0
BRDA:138,8,1,0
BRDA:154,9,0,7
BRDA:154,9,1,4
BRDA:154,10,0,2
BRDA:154,10,1,2
BRDA:160,11,0,11
BRDA:160,11,1,0
BRDA:168,12,0,128
BRDA:168,12,1,128
BRDA:207,13,0,77
BRDA:207,13,1,51
BRDA:222,14,0,128
BRDA:222,14,1,77
BRDA:233,15,0,0
BRDA:233,15,1,0
BRDA:245,16,0,51
BRDA:245,16,1,77
BRDA:248,17,0,51
BRDA:248,17,1,77
BRDA:251,18,0,51
BRDA:251,18,1,77
BRDA:253,19,0,51
BRDA:253,19,1,0
BRDA:258,20,0,77
BRDA:258,20,1,0
BRDA:309,21,0,128
BRDA:309,21,1,3
BRDA:341,22,0,3
BRDA:341,22,1,0
BRDA:383,23,0,128
BRDA:383,23,1,0
BRDA:389,24,0,128
BRDA:389,24,1,0
BRDA:396,25,0,0
BRDA:396,25,1,0
BRDA:398,26,0,0
BRDA:398,26,1,0
BRDA:406,27,0,0
BRDA:406,27,1,0
BRDA:409,28,0,0
BRDA:409,28,1,0
BRDA:410,29,0,0
BRDA:410,29,1,0
BRDA:414,30,0,0
BRDA:414,30,1,0
BRDA:414,31,0,0
BRDA:414,31,1,0
BRDA:415,32,0,0
BRDA:415,32,1,0
BRDA:418,33,0,0
BRDA:418,33,1,0
BRDA:418,33,2,0
BRDA:418,33,3,0
BRDA:420,34,0,0
BRDA:420,34,1,0
BRDA:425,35,0,0
BRDA:425,35,1,0
BRDA:428,36,0,0
BRDA:428,36,1,0
BRDA:429,37,0,0
BRDA:429,37,1,0
BRDA:433,38,0,0
BRDA:433,38,1,0
BRDA:433,39,0,0
BRDA:433,39,1,0
BRDA:434,40,0,0
BRDA:434,40,1,0
BRDA:437,41,0,0
BRDA:437,41,1,0
BRDA:437,41,2,0
BRDA:437,41,3,0
BRDA:439,42,0,0
BRDA:439,42,1,0
BRDA:444,43,0,0
BRDA:444,43,1,0
BRDA:447,44,0,0
BRDA:447,44,1,0
BRDA:448,45,0,0
BRDA:448,45,1,0
BRDA:452,46,0,0
BRDA:452,46,1,0
BRDA:452,47,0,0
BRDA:452,47,1,0
BRDA:453,48,0,0
BRDA:453,48,1,0
BRDA:456,49,0,0
BRDA:456,49,1,0
BRDA:456,49,2,0
BRDA:456,49,3,0
BRDA:458,50,0,0
BRDA:458,50,1,0
BRDA:476,51,0,0
BRDA:476,51,1,0
BRDA:478,52,0,0
BRDA:478,52,1,0
BRDA:480,53,0,0
BRDA:480,53,1,0
BRDA:503,54,0,0
BRDA:503,54,1,0
BRDA:503,54,2,0
BRDA:509,55,0,0
BRDA:509,55,1,0
BRDA:509,56,0,0
BRDA:509,56,1,0
BRDA:521,57,0,0
BRDA:521,57,1,0
BRDA:521,58,0,0
BRDA:521,58,1,0
BRDA:521,59,0,0
BRDA:521,59,1,0
BRDA:523,60,0,0
BRDA:523,60,1,0
BRDA:523,61,0,0
BRDA:523,61,1,0
BRDA:523,62,0,0
BRDA:523,62,1,0
BRDA:527,63,0,0
BRDA:527,63,1,0
BRDA:527,64,0,0
BRDA:527,64,1,0
BRDA:529,65,0,0
BRDA:529,65,1,0
BRDA:529,66,0,0
BRDA:529,66,1,0
BRDA:535,67,0,0
BRDA:535,67,1,0
BRDA:535,67,2,0
BRDA:535,67,3,0
BRDA:541,68,0,0
BRDA:541,68,1,0
BRF:147
BRH:34
end_of_record
TN:
SF:src/components/VoltageDropCalculator.tsx
FN:38,VoltageDropCalculator
FN:56,(anonymous_1)
FN:63,(anonymous_2)
FN:100,(anonymous_3)
FN:141,(anonymous_4)
FN:145,(anonymous_5)
FN:155,(anonymous_6)
FN:157,(anonymous_7)
FN:162,(anonymous_8)
FN:211,(anonymous_9)
FN:215,(anonymous_10)
FN:229,(anonymous_11)
FN:242,(anonymous_12)
FN:257,(anonymous_13)
FN:261,(anonymous_14)
FN:276,(anonymous_15)
FN:292,(anonymous_16)
FNF:17
FNH:12
FNDA:32,VoltageDropCalculator
FNDA:24,(anonymous_1)
FNDA:2,(anonymous_2)
FNDA:6,(anonymous_3)
FNDA:2,(anonymous_4)
FNDA:2,(anonymous_5)
FNDA:32,(anonymous_6)
FNDA:270,(anonymous_7)
FNDA:306,(anonymous_8)
FNDA:0,(anonymous_9)
FNDA:576,(anonymous_10)
FNDA:2,(anonymous_11)
FNDA:0,(anonymous_12)
FNDA:0,(anonymous_13)
FNDA:147,(anonymous_14)
FNDA:0,(anonymous_15)
FNDA:0,(anonymous_16)
DA:1,1
DA:2,1
DA:18,1
DA:23,1
DA:26,1
DA:27,1
DA:28,1
DA:38,1
DA:41,32
DA:50,32
DA:51,32
DA:53,32
DA:56,32
DA:57,24
DA:59,2
DA:60,2
DA:63,2
DA:64,2
DA:67,2
DA:68,2
DA:70,2
DA:71,2
DA:72,0
DA:73,0
DA:74,0
DA:76,2
DA:77,0
DA:78,0
DA:79,0
DA:80,0
DA:81,0
DA:83,0
DA:84,0
DA:85,0
DA:86,0
DA:87,0
DA:89,0
DA:90,0
DA:93,2
DA:96,2
DA:100,32
DA:101,6
DA:102,6
DA:105,6
DA:126,4
DA:133,4
DA:135,2
DA:136,2
DA:137,2
DA:141,32
DA:145,2
DA:150,2
DA:151,2
DA:155,32
DA:156,32
DA:157,270
DA:162,306
DA:170,32
DA:173,32
DA:179,32
DA:180,32
DA:181,32
DA:183,32
DA:212,0
DA:216,576
DA:230,2
DA:243,0
DA:258,0
DA:262,147
DA:277,0
DA:293,0
LF:71
LH:51
BRDA:39,0,0,0
BRDA:42,1,0,15
BRDA:42,1,1,17
BRDA:44,2,0,15
BRDA:44,2,1,17
BRDA:45,3,0,15
BRDA:45,3,1,17
BRDA:57,4,0,2
BRDA:57,4,1,22
BRDA:67,5,0,2
BRDA:67,5,1,0
BRDA:67,6,0,2
BRDA:67,6,1,2
BRDA:70,7,0,0
BRDA:70,7,1,2
BRDA:71,8,0,2
BRDA:71,8,1,0
BRDA:72,9,0,0
BRDA:72,9,1,0
BRDA:73,10,0,0
BRDA:73,10,1,0
BRDA:76,11,0,2
BRDA:76,11,1,0
BRDA:77,12,0,0
BRDA:77,12,1,0
BRDA:78,13,0,0
BRDA:78,13,1,0
BRDA:79,14,0,0
BRDA:79,14,1,0
BRDA:80,15,0,0
BRDA:80,15,1,0
BRDA:80,16,0,0
BRDA:80,16,1,0
BRDA:83,17,0,0
BRDA:83,17,1,0
BRDA:84,18,0,0
BRDA:84,18,1,0
BRDA:85,19,0,0
BRDA:85,19,1,0
BRDA:86,20,0,0
BRDA:86,20,1,0
BRDA:89,21,0,0
BRDA:89,21,1,0
BRDA:90,22,0,0
BRDA:90,22,1,0
BRDA:106,23,0,6
BRDA:106,23,1,0
BRDA:111,24,0,0
BRDA:111,24,1,6
BRDA:116,25,0,2
BRDA:116,25,1,4
BRDA:118,26,0,0
BRDA:118,26,1,4
BRDA:121,27,0,4
BRDA:121,27,1,2
BRDA:135,28,0,2
BRDA:135,28,1,0
BRDA:156,29,0,15
BRDA:156,29,1,17
BRDA:171,30,0,15
BRDA:171,30,1,17
BRDA:179,31,0,15
BRDA:179,31,1,17
BRDA:180,32,0,15
BRDA:180,32,1,17
BRDA:181,33,0,15
BRDA:181,33,1,17
BRDA:247,34,0,15
BRDA:247,34,1,17
BRDA:325,35,0,32
BRDA:325,35,1,3
BRDA:331,36,0,32
BRDA:331,36,1,4
BRDA:341,37,0,4
BRDA:341,37,1,0
BRDA:344,38,0,4
BRDA:344,38,1,0
BRDA:348,39,0,4
BRDA:348,39,1,0
BRDA:378,40,0,4
BRDA:378,40,1,0
BRDA:381,41,0,4
BRDA:381,41,1,0
BRDA:387,42,0,2
BRDA:387,42,1,2
BRF:85
BRH:45
end_of_record
TN:
SF:src/components/charts/ConduitFillChart.tsx
FN:42,(anonymous_9)
FN:51,(anonymous_10)
FN:56,(anonymous_11)
FN:57,(anonymous_12)
FN:64,(anonymous_13)
FN:96,(anonymous_14)
FN:126,(anonymous_15)
FN:159,(anonymous_16)
FN:163,(anonymous_17)
FN:180,(anonymous_18)
FN:194,(anonymous_19)
FN:201,(anonymous_20)
FN:209,(anonymous_21)
FN:226,(anonymous_22)
FN:249,(anonymous_23)
FN:251,(anonymous_24)
FN:301,(anonymous_25)
FN:303,(anonymous_26)
FNF:18
FNH:11
FNDA:18,(anonymous_9)
FNDA:18,(anonymous_10)
FNDA:18,(anonymous_11)
FNDA:47,(anonymous_12)
FNDA:47,(anonymous_13)
FNDA:34,(anonymous_14)
FNDA:0,(anonymous_15)
FNDA:0,(anonymous_16)
FNDA:0,(anonymous_17)
FNDA:34,(anonymous_18)
FNDA:0,(anonymous_19)
FNDA:3,(anonymous_20)
FNDA:0,(anonymous_21)
FNDA:47,(anonymous_22)
FNDA:0,(anonymous_23)
FNDA:0,(anonymous_24)
FNDA:17,(anonymous_25)
FNDA:34,(anonymous_26)
DA:1,1
DA:2,1
DA:16,1
DA:29,1
DA:42,1
DA:48,18
DA:51,18
DA:52,18
DA:56,18
DA:57,18
DA:60,47
DA:61,47
DA:64,18
DA:65,47
DA:66,47
DA:67,47
DA:79,18
DA:85,18
DA:96,18
DA:104,34
DA:105,0
DA:107,34
DA:110,18
DA:126,0
DA:159,0
DA:163,0
DA:181,34
DA:195,0
DA:202,3
DA:209,0
DA:227,47
DA:250,0
DA:251,0
DA:253,0
DA:254,0
DA:272,0
DA:302,17
DA:303,34
DA:305,17
DA:306,0
DA:307,0
DA:314,17
DA:330,1
LF:43
LH:30
BRDA:44,0,0,17
BRDA:46,1,0,15
BRDA:60,2,0,47
BRDA:60,2,1,0
BRDA:65,3,0,47
BRDA:65,3,1,0
BRDA:104,4,0,0
BRDA:104,4,1,34
BRDA:104,5,0,34
BRDA:104,5,1,0
BRDA:107,6,0,0
BRDA:107,6,1,34
BRDA:138,7,0,17
BRDA:138,7,1,1
BRDA:138,8,0,18
BRDA:138,8,1,18
BRDA:241,9,0,18
BRDA:241,9,1,0
BRDA:253,10,0,0
BRDA:253,10,1,0
BRDA:261,11,0,0
BRDA:261,11,1,0
BRDA:265,12,0,0
BRDA:265,12,1,0
BRDA:296,13,0,18
BRDA:296,13,1,17
BRDA:305,14,0,0
BRDA:305,14,1,17
BRF:28
BRH:15
end_of_record
TN:
SF:src/components/charts/IECCableAmpacityChart.tsx
FN:59,(anonymous_9)
FN:72,(anonymous_10)
FN:94,(anonymous_11)
FN:95,(anonymous_12)
FN:133,(anonymous_13)
FN:138,(anonymous_14)
FN:141,(anonymous_15)
FN:144,(anonymous_16)
FN:156,(anonymous_17)
FN:203,(anonymous_18)
FN:250,(anonymous_19)
FN:294,(anonymous_20)
FN:320,(anonymous_21)
FN:366,(anonymous_22)
FN:383,(anonymous_23)
FN:385,(anonymous_24)
FN:400,(anonymous_25)
FN:404,(anonymous_26)
FNF:18
FNH:14
FNDA:33,(anonymous_9)
FNDA:33,(anonymous_10)
FNDA:128,(anonymous_11)
FNDA:119,(anonymous_12)
FNDA:33,(anonymous_13)
FNDA:119,(anonymous_14)
FNDA:119,(anonymous_15)
FNDA:119,(anonymous_16)
FNDA:0,(anonymous_17)
FNDA:26,(anonymous_18)
FNDA:1,(anonymous_19)
FNDA:6,(anonymous_20)
FNDA:24,(anonymous_21)
FNDA:0,(anonymous_22)
FNDA:0,(anonymous_23)
FNDA:165,(anonymous_24)
FNDA:0,(anonymous_25)
FNDA:165,(anonymous_26)
DA:7,1
DA:8,1
DA:21,1
DA:41,1
DA:42,1
DA:59,1
DA:67,33
DA:68,33
DA:69,33
DA:72,33
DA:74,33
DA:78,33
DA:82,33
DA:88,33
DA:89,33
DA:93,33
DA:94,128
DA:97,119
DA:101,119
DA:133,33
DA:134,33
DA:136,31
DA:138,119
DA:140,31
DA:141,119
DA:143,31
DA:144,119
DA:147,31
DA:156,33
DA:178,0
DA:179,0
DA:180,0
DA:200,0
DA:203,33
DA:204,26
DA:250,33
DA:251,1
DA:294,33
DA:295,6
DA:321,24
DA:356,33
DA:367,0
DA:383,0
DA:386,165
DA:400,0
DA:405,165
DA:538,1
LF:47
LH:40
BRDA:63,0,0,26
BRDA:64,1,0,29
BRDA:65,2,0,31
BRDA:74,3,0,31
BRDA:74,3,1,2
BRDA:78,4,0,33
BRDA:78,4,1,1
BRDA:82,5,0,33
BRDA:82,5,1,0
BRDA:89,6,0,33
BRDA:89,6,1,0
BRDA:90,7,0,33
BRDA:90,7,1,0
BRDA:97,8,0,115
BRDA:97,8,1,4
BRDA:104,9,0,119
BRDA:104,9,1,0
BRDA:107,10,0,119
BRDA:107,10,1,0
BRDA:134,11,0,2
BRDA:134,11,1,31
BRDA:178,12,0,0
BRDA:178,12,1,0
BRDA:178,13,0,0
BRDA:178,13,1,0
BRDA:178,13,2,0
BRDA:238,14,0,26
BRDA:238,14,1,1
BRDA:341,15,0,24
BRDA:341,15,1,0
BRDA:343,16,0,0
BRDA:343,16,1,0
BRDA:417,17,0,31
BRDA:417,17,1,2
BRDA:426,18,0,33
BRDA:426,18,1,31
BRDA:444,19,0,31
BRDA:444,19,1,2
BRDA:454,20,0,33
BRDA:454,20,1,26
BRDA:455,21,0,33
BRDA:455,21,1,1
BRDA:456,22,0,33
BRDA:456,22,1,6
BRDA:477,23,0,33
BRDA:477,23,1,1
BRDA:487,24,0,33
BRDA:487,24,1,1
BRDA:498,25,0,33
BRDA:498,25,1,0
BRDA:517,26,0,33
BRDA:517,26,1,0
BRF:52
BRH:37
end_of_record
TN:
SF:src/components/charts/NECWireAmpacityChart.tsx
FN:60,(anonymous_9)
FN:73,(anonymous_10)
FN:88,(anonymous_11)
FN:106,(anonymous_12)
FN:107,(anonymous_13)
FN:148,(anonymous_14)
FN:153,(anonymous_15)
FN:155,(anonymous_16)
FN:158,(anonymous_17)
FN:170,(anonymous_18)
FN:219,(anonymous_19)
FN:266,(anonymous_20)
FN:310,(anonymous_21)
FN:336,(anonymous_22)
FN:384,(anonymous_23)
FN:401,(anonymous_24)
FN:422,(anonymous_25)
FN:426,(anonymous_26)
FNF:18
FNH:12
FNDA:33,(anonymous_9)
FNDA:198,(anonymous_10)
FNDA:33,(anonymous_11)
FNDA:99,(anonymous_12)
FNDA:1,(anonymous_13)
FNDA:33,(anonymous_14)
FNDA:1,(anonymous_15)
FNDA:1,(anonymous_16)
FNDA:1,(anonymous_17)
FNDA:0,(anonymous_18)
FNDA:28,(anonymous_19)
FNDA:0,(anonymous_20)
FNDA:5,(anonymous_21)
FNDA:0,(anonymous_22)
FNDA:0,(anonymous_23)
FNDA:0,(anonymous_24)
FNDA:0,(anonymous_25)
FNDA:165,(anonymous_26)
DA:8,1
DA:9,1
DA:22,1
DA:42,1
DA:43,1
DA:60,1
DA:68,33
DA:69,33
DA:70,33
DA:73,33
DA:74,198
DA:75,198
DA:76,165
DA:77,132
DA:78,96
DA:79,96
DA:80,96
DA:81,96
DA:82,96
DA:83,96
DA:84,96
DA:88,33
DA:90,33
DA:94,33
DA:100,33
DA:101,33
DA:105,33
DA:106,99
DA:109,1
DA:111,0
DA:112,0
DA:114,0
DA:115,0
DA:117,1
DA:121,1
DA:122,0
DA:125,1
DA:127,1
DA:148,33
DA:149,33
DA:151,1
DA:153,1
DA:154,1
DA:155,1
DA:157,1
DA:158,1
DA:161,1
DA:170,33
DA:191,0
DA:192,0
DA:193,0
DA:216,0
DA:219,33
DA:220,28
DA:266,33
DA:267,0
DA:310,33
DA:311,5
DA:337,0
DA:374,33
DA:385,0
DA:402,0
DA:422,0
DA:427,165
DA:604,1
LF:65
LH:51
BRDA:64,0,0,28
BRDA:65,1,0,32
BRDA:66,2,0,32
BRDA:74,3,0,0
BRDA:74,3,1,198
BRDA:75,4,0,33
BRDA:75,4,1,165
BRDA:76,5,0,33
BRDA:76,5,1,132
BRDA:77,6,0,36
BRDA:77,6,1,96
BRDA:78,7,0,0
BRDA:78,7,1,96
BRDA:79,8,0,0
BRDA:79,8,1,96
BRDA:80,9,0,0
BRDA:80,9,1,96
BRDA:81,10,0,0
BRDA:81,10,1,96
BRDA:82,11,0,0
BRDA:82,11,1,96
BRDA:83,12,0,0
BRDA:83,12,1,96
BRDA:90,13,0,2
BRDA:90,13,1,31
BRDA:94,14,0,33
BRDA:94,14,1,0
BRDA:101,15,0,33
BRDA:101,15,1,0
BRDA:102,16,0,33
BRDA:102,16,1,0
BRDA:109,17,0,0
BRDA:109,17,1,0
BRDA:109,17,2,1
BRDA:121,18,0,0
BRDA:121,18,1,1
BRDA:149,19,0,32
BRDA:149,19,1,1
BRDA:191,20,0,0
BRDA:191,20,1,0
BRDA:191,21,0,0
BRDA:191,21,1,0
BRDA:191,21,2,0
BRDA:254,22,0,28
BRDA:254,22,1,1
BRDA:359,23,0,0
BRDA:359,23,1,0
BRDA:361,24,0,0
BRDA:361,24,1,0
BRDA:439,25,0,31
BRDA:439,25,1,2
BRDA:448,26,0,33
BRDA:448,26,1,1
BRDA:466,27,0,31
BRDA:466,27,1,2
BRDA:476,28,0,33
BRDA:476,28,1,28
BRDA:477,29,0,33
BRDA:477,29,1,0
BRDA:478,30,0,33
BRDA:478,30,1,5
BRDA:499,31,0,33
BRDA:499,31,1,0
BRDA:518,32,0,33
BRDA:518,32,1,0
BRDA:536,33,0,2
BRDA:536,33,1,31
BRDA:544,34,0,31
BRDA:544,34,1,2
BRDA:561,35,0,33
BRDA:561,35,1,32
BRF:71
BRH:46
end_of_record
TN:
SF:src/components/charts/VoltageDropChart.tsx
FN:24,(anonymous_9)
FN:35,(anonymous_10)
FN:37,(anonymous_11)
FN:60,(anonymous_12)
FN:76,(anonymous_13)
FN:81,(anonymous_14)
FN:92,(anonymous_15)
FN:101,(anonymous_16)
FN:114,(anonymous_17)
FN:138,(anonymous_18)
FN:151,(anonymous_19)
FN:180,(anonymous_20)
FN:222,(anonymous_21)
FN:252,(anonymous_22)
FNF:14
FNH:11
FNDA:175,(anonymous_9)
FNDA:3675,(anonymous_10)
FNDA:3675,(anonymous_11)
FNDA:31,(anonymous_12)
FNDA:31,(anonymous_13)
FNDA:175,(anonymous_14)
FNDA:3675,(anonymous_15)
FNDA:600,(anonymous_16)
FNDA:30,(anonymous_17)
FNDA:31,(anonymous_18)
FNDA:0,(anonymous_19)
FNDA:0,(anonymous_20)
FNDA:0,(anonymous_21)
FNDA:175,(anonymous_22)
DA:1,1
DA:2,1
DA:13,1
DA:24,1
DA:33,175
DA:35,3675
DA:37,3675
DA:60,1
DA:71,31
DA:76,31
DA:78,31
DA:81,31
DA:82,175
DA:92,175
DA:93,3675
DA:94,630
DA:96,3675
DA:101,600
DA:114,31
DA:115,30
DA:121,30
DA:125,31
DA:138,31
DA:139,31
DA:141,31
DA:143,0
DA:145,0
DA:147,0
DA:151,31
DA:152,0
DA:154,0
DA:156,0
DA:158,0
DA:160,0
DA:164,31
DA:181,0
DA:222,0
DA:253,175
DA:282,1
LF:39
LH:29
BRDA:66,0,0,28
BRDA:67,1,0,28
BRDA:68,2,0,31
BRDA:69,3,0,28
BRDA:93,4,0,630
BRDA:93,4,1,3045
BRDA:121,5,0,30
BRDA:121,5,1,2
BRDA:139,6,0,31
BRDA:139,6,1,0
BRDA:139,6,2,0
BRDA:139,6,3,0
BRDA:152,7,0,0
BRDA:152,7,1,0
BRDA:152,7,2,0
BRDA:152,7,3,0
BRDA:232,8,0,31
BRDA:232,8,1,31
BRDA:232,8,2,31
BRDA:242,9,0,31
BRDA:242,9,1,0
BRDA:271,10,0,31
BRDA:271,10,1,31
BRDA:271,10,2,31
BRF:24
BRH:16
end_of_record
TN:
SF:src/pages/BS7671ReferenceChartsPage.tsx
FN:18,(anonymous_0)
FNF:1
FNH:0
FNDA:0,(anonymous_0)
DA:7,0
DA:16,0
DA:18,0
DA:19,0
DA:87,0
LF:5
LH:0
BRF:0
BRH:0
end_of_record
TN:
SF:src/pages/IECReferenceChartsPage.tsx
FN:34,(anonymous_1)
FN:40,(anonymous_2)
FN:49,(anonymous_3)
FN:120,(anonymous_4)
FN:136,(anonymous_5)
FN:152,(anonymous_6)
FN:156,(anonymous_7)
FNF:7
FNH:4
FNDA:116,(anonymous_1)
FNDA:29,(anonymous_2)
FNDA:5,(anonymous_3)
FNDA:0,(anonymous_4)
FNDA:0,(anonymous_5)
FNDA:0,(anonymous_6)
FNDA:290,(anonymous_7)
DA:7,1
DA:8,1
DA:25,1
DA:26,1
DA:34,1
DA:35,116
DA:40,1
DA:41,29
DA:42,29
DA:45,29
DA:47,29
DA:49,29
DA:50,5
DA:53,29
DA:66,29
DA:121,0
DA:137,0
DA:153,0
DA:157,290
DA:314,1
LF:20
LH:17
BRDA:36,0,0,116
BRDA:36,0,1,29
BRDA:169,1,0,29
BRDA:169,1,1,0
BRF:4
BRH:3
end_of_record
TN:
SF:src/pages/NECReferenceChartsPage.tsx
FN:34,(anonymous_1)
FN:40,(anonymous_2)
FN:50,(anonymous_3)
FN:115,(anonymous_4)
FN:131,(anonymous_5)
FN:148,(anonymous_6)
FN:150,(anonymous_7)
FNF:7
FNH:4
FNDA:156,(anonymous_1)
FNDA:39,(anonymous_2)
FNDA:8,(anonymous_3)
FNDA:0,(anonymous_4)
FNDA:0,(anonymous_5)
FNDA:0,(anonymous_6)
FNDA:195,(anonymous_7)
DA:7,1
DA:8,1
DA:25,1
DA:26,1
DA:34,1
DA:35,156
DA:40,1
DA:41,39
DA:42,39
DA:45,39
DA:48,39
DA:50,39
DA:51,8
DA:54,39
DA:62,39
DA:116,0
DA:132,0
DA:148,0
DA:151,195
DA:308,1
LF:20
LH:17
BRDA:36,0,0,156
BRDA:36,0,1,39
BRDA:163,1,0,39
BRDA:163,1,1,0
BRF:4
BRH:3
end_of_record
TN:
SF:src/standards/index.ts
FN:126,(anonymous_0)
FN:134,(anonymous_1)
FN:139,(anonymous_2)
FN:140,(anonymous_3)
FN:145,(anonymous_4)
FN:146,(anonymous_5)
FN:151,(anonymous_6)
FN:152,(anonymous_7)
FN:157,(anonymous_8)
FN:162,(anonymous_9)
FNF:10
FNH:7
FNDA:0,(anonymous_0)
FNDA:18,(anonymous_1)
FNDA:18,(anonymous_2)
FNDA:126,(anonymous_3)
FNDA:18,(anonymous_4)
FNDA:126,(anonymous_5)
FNDA:0,(anonymous_6)
FNDA:0,(anonymous_7)
FNDA:212,(anonymous_8)
FNDA:475,(anonymous_9)
DA:3,10
DA:126,10
DA:127,0
DA:128,0
DA:129,0
DA:131,0
DA:134,10
DA:135,18
DA:139,10
DA:140,18
DA:141,126
DA:145,10
DA:146,18
DA:147,126
DA:151,10
DA:152,0
DA:153,0
DA:157,10
DA:158,212
DA:159,212
DA:162,10
DA:163,475
DA:164,475
LF:23
LH:17
BRDA:128,0,0,0
BRDA:128,0,1,0
BRDA:159,1,0,212
BRDA:159,1,1,0
BRDA:164,2,0,475
BRDA:164,2,1,0
BRF:6
BRH:2
end_of_record
TN:
SF:src/standards/dc/applications.ts
FN:140,(anonymous_0)
FN:151,(anonymous_1)
FN:158,(anonymous_2)
FN:169,(anonymous_3)
FNF:4
FNH:2
FNDA:227,(anonymous_0)
FNDA:0,(anonymous_1)
FNDA:17,(anonymous_2)
FNDA:0,(anonymous_3)
DA:9,14
DA:140,14
DA:141,227
DA:142,227
DA:143,0
DA:145,227
DA:151,14
DA:152,0
DA:158,14
DA:162,17
DA:163,17
DA:169,14
DA:174,0
DA:178,0
DA:179,0
DA:180,0
DA:181,0
DA:182,0
DA:183,0
DA:186,0
LF:20
LH:10
BRDA:142,0,0,0
BRDA:142,0,1,227
BRDA:160,1,0,0
BRDA:163,2,0,17
BRDA:163,2,1,0
BRDA:178,3,0,0
BRDA:178,3,1,0
BRDA:179,4,0,0
BRDA:179,4,1,0
BRDA:180,5,0,0
BRDA:180,5,1,0
BRDA:181,6,0,0
BRDA:181,6,1,0
BRDA:182,7,0,0
BRDA:182,7,1,0
BRDA:183,8,0,0
BRDA:183,8,1,0
BRF:17
BRH:2
end_of_record
TN:
SF:src/standards/dc/wireTables.ts
FN:182,(anonymous_0)
FN:182,(anonymous_1)
FN:198,(anonymous_2)
FN:198,(anonymous_3)
FN:238,(anonymous_4)
FN:240,(anonymous_5)
FN:251,(anonymous_6)
FN:251,(anonymous_7)
FN:267,(anonymous_8)
FN:269,(anonymous_9)
FN:281,getWireTableByApplication
FN:303,getWireByGauge
FN:305,(anonymous_12)
FN:311,getSuitableWires
FN:318,(anonymous_14)
FN:324,(anonymous_15)
FN:361,getTemperatureCorrectionFactor
FN:369,(anonymous_17)
FNF:18
FNH:13
FNDA:126,(anonymous_0)
FNDA:117,(anonymous_1)
FNDA:126,(anonymous_2)
FNDA:99,(anonymous_3)
FNDA:126,(anonymous_4)
FNDA:18,(anonymous_5)
FNDA:126,(anonymous_6)
FNDA:99,(anonymous_7)
FNDA:126,(anonymous_8)
FNDA:27,(anonymous_9)
FNDA:21,getWireTableByApplication
FNDA:0,getWireByGauge
FNDA:0,(anonymous_12)
FNDA:0,getSuitableWires
FNDA:0,(anonymous_14)
FNDA:0,(anonymous_15)
FNDA:21,getTemperatureCorrectionFactor
FNDA:248,(anonymous_17)
DA:9,9
DA:181,9
DA:182,126
DA:197,9
DA:198,126
DA:213,9
DA:239,126
DA:240,18
DA:250,9
DA:251,126
DA:266,9
DA:268,126
DA:269,27
DA:281,9
DA:282,21
DA:284,11
DA:286,2
DA:288,4
DA:290,2
DA:292,2
DA:294,0
DA:296,0
DA:303,9
DA:304,0
DA:305,0
DA:311,9
DA:316,0
DA:318,0
DA:319,0
DA:323,0
DA:326,0
DA:327,0
DA:328,0
DA:335,9
DA:361,9
DA:365,21
DA:366,21
DA:369,248
DA:371,21
DA:372,21
DA:375,21
DA:376,78
DA:377,21
DA:378,21
DA:379,21
DA:380,21
DA:383,21
DA:384,21
DA:388,0
LF:49
LH:37
BRDA:190,0,0,117
BRDA:190,0,1,0
BRDA:206,1,0,99
BRDA:206,1,1,0
BRDA:239,2,0,126
BRDA:239,2,1,18
BRDA:239,2,2,18
BRDA:259,3,0,99
BRDA:259,3,1,0
BRDA:268,4,0,126
BRDA:268,4,1,27
BRDA:268,4,2,27
BRDA:282,5,0,11
BRDA:282,5,1,2
BRDA:282,5,2,4
BRDA:282,5,3,2
BRDA:282,5,4,2
BRDA:282,5,5,0
BRDA:282,5,6,0
BRDA:314,6,0,0
BRDA:319,7,0,0
BRDA:319,7,1,0
BRDA:321,8,0,0
BRDA:321,8,1,0
BRDA:326,9,0,0
BRDA:326,9,1,0
BRDA:326,10,0,0
BRDA:326,10,1,0
BRDA:327,11,0,0
BRDA:327,11,1,0
BRDA:327,12,0,0
BRDA:327,12,1,0
BRDA:366,13,0,0
BRDA:366,13,1,21
BRDA:371,14,0,0
BRDA:371,14,1,21
BRDA:372,15,0,0
BRDA:372,15,1,21
BRDA:376,16,0,21
BRDA:376,16,1,57
BRDA:376,17,0,78
BRDA:376,17,1,78
BRF:42
BRH:21
end_of_record
TN:
SF:src/standards/dc/automotive/automotiveVoltages.ts
FN:208,getAutomotiveVoltageSystem
FN:209,(anonymous_1)
FN:219,getAutomotiveEfficiency
FN:226,getAutomotiveSafetyFactors
FN:236,calculateAutomotiveCurrent
FN:248,getTypicalAutomotiveLoads
FN:260,getAutomotiveVoltageRecommendations
FN:292,compareAutomotiveVoltageSystems
FN:300,(anonymous_8)
FN:313,calculateFuseRating
FN:324,(anonymous_10)
FNF:11
FNH:11
FNDA:300,getAutomotiveVoltageSystem
FNDA:583,(anonymous_1)
FNDA:113,getAutomotiveEfficiency
FNDA:102,getAutomotiveSafetyFactors
FNDA:77,calculateAutomotiveCurrent
FNDA:5,getTypicalAutomotiveLoads
FNDA:6,getAutomotiveVoltageRecommendations
FNDA:5,compareAutomotiveVoltageSystems
FNDA:20,(anonymous_8)
FNDA:20,calculateFuseRating
FNDA:182,(anonymous_10)
DA:31,4
DA:208,4
DA:209,583
DA:210,300
DA:211,2
DA:213,298
DA:219,4
DA:220,113
DA:226,4
DA:230,102
DA:236,4
DA:241,77
DA:242,77
DA:248,4
DA:254,5
DA:260,4
DA:264,6
DA:267,6
DA:268,4
DA:272,6
DA:273,5
DA:277,6
DA:278,4
DA:282,6
DA:283,5
DA:286,6
DA:292,4
DA:300,20
DA:314,20
DA:315,20
DA:316,20
DA:318,20
DA:319,4
DA:323,16
DA:324,182
DA:326,16
LF:36
LH:36
BRDA:210,0,0,2
BRDA:210,0,1,298
BRDA:241,1,0,77
BRDA:241,1,1,48
BRDA:267,2,0,4
BRDA:267,2,1,2
BRDA:267,3,0,6
BRDA:267,3,1,5
BRDA:272,4,0,5
BRDA:272,4,1,1
BRDA:272,5,0,6
BRDA:272,5,1,5
BRDA:277,6,0,4
BRDA:277,6,1,2
BRDA:277,7,0,6
BRDA:277,7,1,5
BRDA:282,8,0,5
BRDA:282,8,1,1
BRDA:282,9,0,6
BRDA:282,9,1,6
BRDA:318,10,0,4
BRDA:318,10,1,16
BRDA:326,11,0,16
BRDA:326,11,1,0
BRF:24
BRH:23
end_of_record
TN:
SF:src/standards/dc/automotive/iso8820Standards.ts
FN:466,getAutomotiveFuseSpecifications
FN:472,(anonymous_1)
FN:481,getPrimaryAutomotiveFuseRecommendation
FN:491,(anonymous_3)
FN:511,getAvailableAutomotiveFuseRatings
FN:516,(anonymous_5)
FN:519,(anonymous_6)
FN:519,(anonymous_7)
FN:525,getNextAutomotiveFuseRating
FN:531,(anonymous_9)
FN:538,getAutomotiveFuseColor
FN:539,(anonymous_11)
FNF:12
FNH:12
FNDA:159,getAutomotiveFuseSpecifications
FNDA:5565,(anonymous_1)
FNDA:81,getPrimaryAutomotiveFuseRecommendation
FNDA:151,(anonymous_3)
FNDA:161,getAvailableAutomotiveFuseRatings
FNDA:5635,(anonymous_5)
FNDA:5193,(anonymous_6)
FNDA:2735,(anonymous_7)
FNDA:80,getNextAutomotiveFuseRating
FNDA:703,(anonymous_9)
FNDA:12,getAutomotiveFuseColor
FNDA:203,(anonymous_11)
DA:33,4
DA:466,4
DA:471,159
DA:472,5565
DA:481,4
DA:486,81
DA:488,81
DA:491,80
DA:493,151
DA:494,136
DA:497,136
DA:498,136
DA:501,72
DA:502,72
DA:504,72
DA:511,4
DA:515,161
DA:516,5635
DA:519,5193
DA:525,4
DA:530,80
DA:531,703
DA:532,80
DA:538,4
DA:539,203
DA:540,12
LF:26
LH:26
BRDA:472,0,0,5565
BRDA:472,0,1,472
BRDA:472,0,2,472
BRDA:488,1,0,1
BRDA:488,1,1,80
BRDA:493,2,0,15
BRDA:493,2,1,136
BRDA:493,3,0,151
BRDA:493,3,1,20
BRDA:493,3,2,15
BRDA:494,4,0,0
BRDA:494,4,1,136
BRDA:494,5,0,136
BRDA:494,5,1,5
BRDA:494,5,2,5
BRDA:497,6,0,0
BRDA:497,6,1,136
BRDA:497,7,0,136
BRDA:497,7,1,136
BRDA:497,7,2,0
BRDA:498,8,0,64
BRDA:498,8,1,72
BRDA:498,9,0,136
BRDA:498,9,1,136
BRDA:498,9,2,136
BRDA:501,10,0,0
BRDA:501,10,1,72
BRDA:501,11,0,72
BRDA:501,11,1,0
BRDA:501,11,2,0
BRDA:502,12,0,0
BRDA:502,12,1,72
BRDA:502,13,0,72
BRDA:502,13,1,0
BRDA:502,13,2,0
BRDA:516,14,0,5635
BRDA:516,14,1,5635
BRDA:532,15,0,80
BRDA:532,15,1,1
BRDA:539,16,0,203
BRDA:539,16,1,15
BRDA:540,17,0,12
BRDA:540,17,1,1
BRF:43
BRH:34
end_of_record
TN:
SF:src/standards/dc/common/applicationTypes.ts
FN:44,isValidVoltageForApplication
FN:52,isValidTemperatureForApplication
FNF:2
FNH:0
FNDA:0,isValidVoltageForApplication
FNDA:0,isValidTemperatureForApplication
DA:9,0
DA:20,0
DA:31,0
DA:44,0
DA:45,0
DA:46,0
DA:52,0
DA:53,0
DA:54,0
LF:9
LH:0
BRDA:46,0,0,0
BRDA:46,0,1,0
BRDA:54,1,0,0
BRDA:54,1,1,0
BRF:4
BRH:0
end_of_record
TN:
SF:src/standards/dc/common/standardBreakerRatings.ts
FN:20,getNextStandardBreakerSize
FN:23,(anonymous_1)
FN:30,isStandardBreakerSize
FNF:3
FNH:2
FNDA:45,getNextStandardBreakerSize
FNDA:732,(anonymous_1)
FNDA:0,isStandardBreakerSize
DA:7,3
DA:13,3
DA:20,3
DA:21,45
DA:23,732
DA:24,45
DA:30,3
DA:31,0
LF:8
LH:7
BRDA:21,0,0,0
BRDA:21,0,1,45
BRDA:24,1,0,45
BRDA:24,1,1,2
BRF:4
BRH:3
end_of_record
TN:
SF:src/standards/dc/iec/iecBreakerStandards.ts
FN:634,getIECBreakerSpecifications
FN:639,(anonymous_1)
FN:648,getPrimaryIECBreakerRecommendation
FN:657,(anonymous_3)
FN:707,getAvailableIECBreakerRatings
FN:710,(anonymous_5)
FN:715,(anonymous_6)
FN:716,(anonymous_7)
FNF:8
FNH:8
FNDA:69,getIECBreakerSpecifications
FNDA:3450,(anonymous_1)
FNDA:31,getPrimaryIECBreakerRecommendation
FNDA:24,(anonymous_3)
FNDA:35,getAvailableIECBreakerRatings
FNDA:1750,(anonymous_5)
FNDA:842,(anonymous_6)
FNDA:1009,(anonymous_7)
DA:12,3
DA:634,3
DA:638,69
DA:640,3450
DA:648,3
DA:652,31
DA:654,31
DA:657,29
DA:658,24
DA:663,2
DA:664,22
DA:669,2
DA:671,20
DA:676,0
DA:677,20
DA:682,6
DA:684,14
DA:689,5
DA:690,9
DA:695,0
DA:697,9
DA:698,9
DA:700,9
DA:707,3
DA:710,35
DA:711,1750
DA:714,35
DA:715,842
DA:716,1009
LF:29
LH:27
BRDA:640,0,0,3450
BRDA:640,0,1,176
BRDA:654,1,0,2
BRDA:654,1,1,29
BRDA:658,2,0,2
BRDA:658,2,1,22
BRDA:659,3,0,24
BRDA:659,3,1,6
BRDA:659,3,2,2
BRDA:664,4,0,2
BRDA:664,4,1,20
BRDA:665,5,0,22
BRDA:665,5,1,4
BRDA:665,5,2,4
BRDA:671,6,0,0
BRDA:671,6,1,20
BRDA:672,7,0,20
BRDA:672,7,1,11
BRDA:672,7,2,0
BRDA:677,8,0,6
BRDA:677,8,1,14
BRDA:678,9,0,20
BRDA:678,9,1,11
BRDA:678,9,2,11
BRDA:684,10,0,5
BRDA:684,10,1,9
BRDA:685,11,0,14
BRDA:685,11,1,5
BRDA:685,11,2,5
BRDA:690,12,0,0
BRDA:690,12,1,9
BRDA:691,13,0,9
BRDA:691,13,1,0
BRDA:691,13,2,0
BRDA:697,14,0,0
BRDA:697,14,1,9
BRDA:697,15,0,9
BRDA:697,15,1,9
BRDA:698,16,0,0
BRDA:698,16,1,9
BRDA:698,17,0,9
BRDA:698,17,1,0
BRF:42
BRH:34
end_of_record
TN:
SF:src/standards/dc/iec/iecSafetyFactors.ts
FN:95,getIECSafetyFactor
FN:109,getIECStandardReference
FN:117,calculateIECSolarProtectionCurrent
FN:131,calculateIECBatteryProtectionCurrent
FN:148,getIECTemperatureDerating
FN:152,(anonymous_5)
FN:153,(anonymous_6)
FNF:7
FNH:5
FNDA:24,getIECSafetyFactor
FNDA:0,getIECStandardReference
FNDA:2,calculateIECSolarProtectionCurrent
FNDA:0,calculateIECBatteryProtectionCurrent
FNDA:3,getIECTemperatureDerating
FNDA:30,(anonymous_5)
FNDA:16,(anonymous_6)
DA:9,2
DA:60,2
DA:70,2
DA:78,2
DA:95,2
DA:99,24
DA:100,24
DA:101,0
DA:103,24
DA:109,2
DA:110,0
DA:111,0
DA:117,2
DA:121,2
DA:125,2
DA:131,2
DA:136,0
DA:138,0
DA:139,0
DA:142,0
DA:148,2
DA:149,3
DA:152,30
DA:153,16
DA:155,3
LF:25
LH:18
BRDA:100,0,0,0
BRDA:100,0,1,24
BRDA:103,1,0,23
BRDA:103,1,1,1
BRDA:111,2,0,0
BRDA:111,2,1,0
BRDA:119,3,0,0
BRDA:121,4,0,2
BRDA:121,4,1,0
BRDA:134,5,0,0
BRDA:138,6,0,0
BRDA:138,6,1,0
BRDA:149,7,0,0
BRDA:149,7,1,3
BRDA:153,8,0,3
BRDA:153,8,1,0
BRDA:155,9,0,3
BRDA:155,9,1,0
BRF:18
BRH:7
end_of_record
TN:
SF:src/standards/dc/nec/necBreakerStandards.ts
FN:383,getNECBreakerSpecifications
FN:388,(anonymous_1)
FN:397,getPrimaryNECBreakerRecommendation
FN:406,(anonymous_3)
FN:446,getAvailableNECBreakerRatings
FN:449,(anonymous_5)
FN:454,(anonymous_6)
FN:455,(anonymous_7)
FNF:8
FNH:8
FNDA:65,getNECBreakerSpecifications
FNDA:1950,(anonymous_1)
FNDA:30,getPrimaryNECBreakerRecommendation
FNDA:13,(anonymous_3)
FNDA:33,getAvailableNECBreakerRatings
FNDA:990,(anonymous_5)
FNDA:530,(anonymous_6)
FNDA:705,(anonymous_7)
DA:12,3
DA:383,3
DA:387,65
DA:389,1950
DA:397,3
DA:401,30
DA:403,30
DA:406,28
DA:407,13
DA:412,2
DA:413,11
DA:418,0
DA:420,11
DA:425,11
DA:426,0
DA:431,0
DA:433,0
DA:434,0
DA:436,0
DA:437,0
DA:439,0
DA:446,3
DA:449,33
DA:450,990
DA:453,33
DA:454,530
DA:455,705
LF:27
LH:19
BRDA:389,0,0,1950
BRDA:389,0,1,119
BRDA:403,1,0,2
BRDA:403,1,1,28
BRDA:407,2,0,2
BRDA:407,2,1,11
BRDA:408,3,0,13
BRDA:408,3,1,2
BRDA:408,3,2,2
BRDA:413,4,0,0
BRDA:413,4,1,11
BRDA:414,5,0,11
BRDA:414,5,1,0
BRDA:414,5,2,0
BRDA:420,6,0,11
BRDA:420,6,1,0
BRDA:421,7,0,11
BRDA:421,7,1,11
BRDA:421,7,2,11
BRDA:426,8,0,0
BRDA:426,8,1,0
BRDA:427,9,0,0
BRDA:427,9,1,0
BRDA:427,9,2,0
BRDA:433,10,0,0
BRDA:433,10,1,0
BRDA:433,11,0,0
BRDA:433,11,1,0
BRDA:434,12,0,0
BRDA:434,12,1,0
BRDA:434,13,0,0
BRDA:434,13,1,0
BRDA:436,14,0,0
BRDA:436,14,1,0
BRDA:436,15,0,0
BRDA:436,15,1,0
BRDA:437,16,0,0
BRDA:437,16,1,0
BRDA:437,17,0,0
BRDA:437,17,1,0
BRF:40
BRH:15
end_of_record
TN:
SF:src/standards/dc/nec/necSafetyFactors.ts
FN:78,getNECSafetyFactor
FN:92,getNECStandardReference
FN:100,calculateNECSolarProtectionCurrent
FNF:3
FNH:2
FNDA:23,getNECSafetyFactor
FNDA:0,getNECStandardReference
FNDA:2,calculateNECSolarProtectionCurrent
DA:9,2
DA:60,2
DA:68,2
DA:78,2
DA:82,23
DA:83,23
DA:84,0
DA:86,23
DA:92,2
DA:93,0
DA:94,0
DA:100,2
DA:101,2
LF:13
LH:10
BRDA:83,0,0,0
BRDA:83,0,1,23
BRDA:86,1,0,22
BRDA:86,1,1,1
BRDA:94,2,0,0
BRDA:94,2,1,0
BRF:6
BRH:3
end_of_record
TN:
SF:src/standards/iec/applicationStandards.ts
FNF:0
FNH:0
DA:9,2
DA:201,2
DA:333,2
DA:344,2
LF:4
LH:4
BRF:0
BRH:0
end_of_record
TN:
SF:src/standards/iec/cableTables.ts
FNF:0
FNH:0
DA:3,1
DA:24,1
DA:40,1
DA:49,1
DA:67,1
LF:5
LH:5
BRF:0
BRH:0
end_of_record
TN:
SF:src/standards/iec/conduitFillTables.ts
FNF:0
FNH:0
DA:9,2
DA:40,2
DA:49,2
LF:3
LH:3
BRF:0
BRH:0
end_of_record
TN:
SF:src/standards/iec/conduitTables.ts
FN:8,(anonymous_0)
FN:9,(anonymous_1)
FN:10,(anonymous_2)
FN:11,(anonymous_3)
FN:12,(anonymous_4)
FN:13,(anonymous_5)
FN:17,(anonymous_6)
FN:18,(anonymous_7)
FN:19,(anonymous_8)
FN:20,(anonymous_9)
FN:21,(anonymous_10)
FNF:11
FNH:0
FNDA:0,(anonymous_0)
FNDA:0,(anonymous_1)
FNDA:0,(anonymous_2)
FNDA:0,(anonymous_3)
FNDA:0,(anonymous_4)
FNDA:0,(anonymous_5)
FNDA:0,(anonymous_6)
FNDA:0,(anonymous_7)
FNDA:0,(anonymous_8)
FNDA:0,(anonymous_9)
FNDA:0,(anonymous_10)
DA:7,0
DA:8,0
DA:9,0
DA:10,0
DA:11,0
DA:12,0
DA:13,0
DA:17,0
DA:18,0
DA:19,0
DA:20,0
DA:21,0
LF:12
LH:0
BRF:0
BRH:0
end_of_record
TN:
SF:src/standards/iec/index.ts
FN:8,(anonymous_0)
FN:9,(anonymous_1)
FN:10,(anonymous_2)
FN:15,(anonymous_3)
FN:16,(anonymous_4)
FN:17,(anonymous_5)
FN:22,(anonymous_6)
FN:23,(anonymous_7)
FN:24,(anonymous_8)
FN:25,(anonymous_9)
FN:29,(anonymous_10)
FN:30,(anonymous_11)
FN:31,(anonymous_12)
FN:32,(anonymous_13)
FN:33,(anonymous_14)
FNF:15
FNH:7
FNDA:25,(anonymous_0)
FNDA:224,(anonymous_1)
FNDA:0,(anonymous_2)
FNDA:27,(anonymous_3)
FNDA:4,(anonymous_4)
FNDA:12,(anonymous_5)
FNDA:12,(anonymous_6)
FNDA:14,(anonymous_7)
FNDA:0,(anonymous_8)
FNDA:0,(anonymous_9)
FNDA:0,(anonymous_10)
FNDA:0,(anonymous_11)
FNDA:0,(anonymous_12)
FNDA:0,(anonymous_13)
FNDA:0,(anonymous_14)
DA:7,2
DA:8,27
DA:9,226
DA:10,2
DA:14,2
DA:15,29
DA:16,6
DA:17,14
DA:21,2
DA:22,14
DA:23,16
DA:24,2
DA:25,2
DA:29,2
DA:30,2
DA:31,2
DA:32,2
DA:33,2
LF:18
LH:18
BRF:0
BRH:0
end_of_record
TN:
SF:src/standards/iec/wireTables.ts
FNF:0
FNH:0
DA:9,2
DA:34,2
DA:56,2
LF:3
LH:3
BRF:0
BRH:0
end_of_record
TN:
SF:src/standards/nec/applicationStandards.ts
FNF:0
FNH:0
DA:9,3
DA:202,3
DA:336,3
DA:344,3
DA:353,3
LF:5
LH:5
BRF:0
BRH:0
end_of_record
TN:
SF:src/standards/nec/conduitFillTables.ts
FNF:0
FNH:0
DA:9,3
DA:72,3
DA:81,3
LF:3
LH:3
BRF:0
BRH:0
end_of_record
TN:
SF:src/standards/nec/index.ts
FN:8,(anonymous_0)
FN:9,(anonymous_1)
FN:10,(anonymous_2)
FN:15,(anonymous_3)
FN:16,(anonymous_4)
FN:17,(anonymous_5)
FN:18,(anonymous_6)
FN:19,(anonymous_7)
FN:24,(anonymous_8)
FN:25,(anonymous_9)
FN:26,(anonymous_10)
FN:27,(anonymous_11)
FN:28,(anonymous_12)
FN:33,(anonymous_13)
FN:37,(anonymous_14)
FN:38,(anonymous_15)
FN:39,(anonymous_16)
FNF:17
FNH:4
FNDA:6,(anonymous_0)
FNDA:0,(anonymous_1)
FNDA:0,(anonymous_2)
FNDA:33,(anonymous_3)
FNDA:0,(anonymous_4)
FNDA:0,(anonymous_5)
FNDA:0,(anonymous_6)
FNDA:0,(anonymous_7)
FNDA:16,(anonymous_8)
FNDA:12,(anonymous_9)
FNDA:0,(anonymous_10)
FNDA:0,(anonymous_11)
FNDA:0,(anonymous_12)
FNDA:0,(anonymous_13)
FNDA:0,(anonymous_14)
FNDA:0,(anonymous_15)
FNDA:0,(anonymous_16)
DA:7,3
DA:8,9
DA:9,3
DA:10,3
DA:14,3
DA:15,36
DA:16,3
DA:17,3
DA:18,3
DA:19,3
DA:23,3
DA:24,19
DA:25,15
DA:26,3
DA:27,3
DA:28,3
DA:32,3
DA:33,3
DA:36,3
DA:37,3
DA:38,3
DA:39,3
LF:22
LH:22
BRF:0
BRH:0
end_of_record
TN:
SF:src/standards/nec/tables.ts
FN:7,(anonymous_0)
FN:7,(anonymous_1)
FN:8,(anonymous_2)
FN:9,(anonymous_3)
FN:10,(anonymous_4)
FNF:5
FNH:1
FNDA:17,(anonymous_0)
FNDA:0,(anonymous_1)
FNDA:0,(anonymous_2)
FNDA:0,(anonymous_3)
FNDA:0,(anonymous_4)
DA:7,18
DA:8,1
DA:9,1
DA:10,1
DA:13,1
DA:14,1
LF:6
LH:6
BRF:0
BRH:0
end_of_record
TN:
SF:src/standards/nec/wireTables.ts
FNF:0
FNH:0
DA:9,3
DA:31,3
DA:46,3
DA:54,3
DA:68,3
LF:5
LH:5
BRF:0
BRH:0
end_of_record
TN:
SF:src/test-utils/mui-testing.ts
FN:12,(anonymous_0)
FN:19,(anonymous_1)
FN:30,(anonymous_2)
FN:37,(anonymous_3)
FN:46,(anonymous_4)
FN:56,(anonymous_5)
FN:64,(anonymous_6)
FN:72,(anonymous_7)
FN:84,(anonymous_8)
FN:91,(anonymous_9)
FN:105,(anonymous_10)
FN:106,(anonymous_11)
FNF:12
FNH:2
FNDA:0,(anonymous_0)
FNDA:0,(anonymous_1)
FNDA:0,(anonymous_2)
FNDA:0,(anonymous_3)
FNDA:30,(anonymous_4)
FNDA:30,(anonymous_5)
FNDA:0,(anonymous_6)
FNDA:0,(anonymous_7)
FNDA:0,(anonymous_8)
FNDA:0,(anonymous_9)
FNDA:0,(anonymous_10)
FNDA:0,(anonymous_11)
DA:6,4
DA:12,4
DA:13,0
DA:16,0
DA:19,0
DA:21,0
DA:22,0
DA:30,4
DA:31,0
DA:34,0
DA:37,0
DA:38,0
DA:39,0
DA:46,4
DA:47,30
DA:49,30
DA:50,30
DA:56,4
DA:57,30
DA:58,30
DA:64,4
DA:65,0
DA:68,0
DA:71,0
DA:72,0
DA:73,0
DA:78,0
DA:84,4
DA:85,0
DA:88,0
DA:91,0
DA:93,0
DA:94,0
DA:99,0
DA:105,4
DA:106,0
DA:107,0
DA:108,0
DA:109,0
DA:110,0
DA:111,0
DA:113,0
LF:42
LH:13
BRDA:49,0,0,30
BRDA:49,0,1,30
BRDA:50,1,0,30
BRDA:50,1,1,0
BRDA:107,2,0,0
BRDA:107,2,1,0
BRDA:109,3,0,0
BRDA:109,3,1,0
BRDA:110,4,0,0
BRDA:110,4,1,0
BRF:10
BRH:3
end_of_record
TN:
SF:src/utils/calculations.ts
FNF:0
FNH:0
DA:2,0
LF:1
LH:0
BRF:0
BRH:0
end_of_record
TN:
SF:src/utils/conversions.ts
FN:36,awgToMm2
FN:37,(anonymous_1)
FN:44,mm2ToAwg
FN:45,(anonymous_3)
FN:52,getClosestMm2
FN:59,getClosestAwg
FN:78,feetToMeters
FN:85,metersToFeet
FN:92,fahrenheitToCelsius
FN:99,celsiusToFahrenheit
FN:106,formatWireSize
FN:117,getVoltageOptions
FN:166,getTemperatureOptions
FN:186,getInstallationMethods
FNF:14
FNH:3
FNDA:0,awgToMm2
FNDA:0,(anonymous_1)
FNDA:0,mm2ToAwg
FNDA:0,(anonymous_3)
FNDA:0,getClosestMm2
FNDA:0,getClosestAwg
FNDA:2,feetToMeters
FNDA:0,metersToFeet
FNDA:0,fahrenheitToCelsius
FNDA:0,celsiusToFahrenheit
FNDA:0,formatWireSize
FNDA:226,getVoltageOptions
FNDA:0,getTemperatureOptions
FNDA:128,getInstallationMethods
DA:12,5
DA:36,5
DA:37,0
DA:38,0
DA:44,5
DA:45,0
DA:46,0
DA:52,5
DA:53,0
DA:59,5
DA:61,0
DA:62,0
DA:64,0
DA:65,0
DA:66,0
DA:67,0
DA:68,0
DA:72,0
DA:78,5
DA:79,2
DA:85,5
DA:86,0
DA:92,5
DA:93,0
DA:99,5
DA:100,0
DA:106,5
DA:107,0
DA:108,0
DA:110,0
DA:117,5
DA:118,226
DA:120,128
DA:125,15
DA:130,0
DA:135,32
DA:141,26
DA:147,10
DA:153,15
DA:159,0
DA:166,5
DA:167,0
DA:169,0
DA:172,0
DA:177,0
DA:179,0
DA:186,5
DA:187,128
DA:189,77
DA:197,0
DA:210,20
DA:215,16
DA:221,6
DA:227,9
DA:232,0
LF:55
LH:27
BRDA:38,0,0,0
BRDA:38,0,1,0
BRDA:46,1,0,0
BRDA:46,1,1,0
BRDA:66,2,0,0
BRDA:66,2,1,0
BRDA:107,3,0,0
BRDA:107,3,1,0
BRDA:107,4,0,0
BRDA:107,4,1,0
BRDA:118,5,0,128
BRDA:118,5,1,15
BRDA:118,5,2,0
BRDA:118,5,3,32
BRDA:118,5,4,26
BRDA:118,5,5,10
BRDA:118,5,6,15
BRDA:118,5,7,0
BRDA:167,6,0,0
BRDA:167,6,1,0
BRDA:167,6,2,0
BRDA:167,6,3,0
BRDA:167,6,4,0
BRDA:167,6,5,0
BRDA:167,6,6,0
BRDA:167,6,7,0
BRDA:187,7,0,77
BRDA:187,7,1,0
BRDA:187,7,2,0
BRDA:187,7,3,20
BRDA:187,7,4,16
BRDA:187,7,5,6
BRDA:187,7,6,9
BRDA:187,7,7,0
BRF:34
BRH:11
end_of_record
TN:
SF:src/utils/inputHelpers.ts
FN:20,handleNumberInput
FN:103,getNumericValue
FN:122,createNumberInputHandler
FN:126,(anonymous_3)
FN:138,validateNumberInput
FN:182,formatDisplayValue
FNF:6
FNH:6
FNDA:83,handleNumberInput
FNDA:93,getNumericValue
FNDA:2,createNumberInputHandler
FNDA:2,(anonymous_3)
FNDA:8,validateNumberInput
FNDA:8,formatDisplayValue
DA:20,11
DA:30,83
DA:33,83
DA:34,7
DA:38,76
DA:41,76
DA:42,0
DA:46,76
DA:47,2
DA:51,74
DA:54,74
DA:55,12
DA:59,74
DA:60,7
DA:64,74
DA:66,2
DA:70,74
DA:71,74
DA:72,5
DA:76,69
DA:79,69
DA:80,0
DA:84,69
DA:85,7
DA:88,62
DA:89,1
DA:94,61
DA:103,11
DA:104,93
DA:105,2
DA:108,91
DA:109,87
DA:110,87
DA:113,4
DA:122,11
DA:126,2
DA:127,2
DA:128,2
DA:138,11
DA:142,8
DA:144,8
DA:145,2
DA:146,1
DA:148,1
DA:152,6
DA:153,6
DA:154,6
DA:155,1
DA:159,5
DA:161,5
DA:162,0
DA:165,5
DA:166,1
DA:169,4
DA:170,1
DA:173,3
DA:182,11
DA:186,8
DA:188,8
DA:189,3
DA:192,5
DA:193,2
DA:196,3
DA:197,3
DA:198,1
DA:200,2
DA:203,0
LF:67
LH:63
BRDA:22,0,0,26
BRDA:27,1,0,35
BRDA:28,2,0,39
BRDA:29,3,0,42
BRDA:33,4,0,7
BRDA:33,4,1,76
BRDA:33,5,0,83
BRDA:33,5,1,76
BRDA:33,5,2,76
BRDA:34,6,0,6
BRDA:34,6,1,1
BRDA:41,7,0,0
BRDA:41,7,1,76
BRDA:42,8,0,0
BRDA:42,8,1,0
BRDA:46,9,0,2
BRDA:46,9,1,74
BRDA:46,10,0,76
BRDA:46,10,1,75
BRDA:54,11,0,12
BRDA:54,11,1,62
BRDA:59,12,0,7
BRDA:59,12,1,67
BRDA:64,13,0,2
BRDA:64,13,1,72
BRDA:64,14,0,74
BRDA:64,14,1,4
BRDA:71,15,0,5
BRDA:71,15,1,69
BRDA:79,16,0,0
BRDA:79,16,1,69
BRDA:84,17,0,7
BRDA:84,17,1,62
BRDA:84,18,0,69
BRDA:84,18,1,47
BRDA:88,19,0,1
BRDA:88,19,1,61
BRDA:88,20,0,62
BRDA:88,20,1,2
BRDA:103,21,0,12
BRDA:104,22,0,2
BRDA:104,22,1,91
BRDA:108,23,0,87
BRDA:108,23,1,4
BRDA:108,24,0,91
BRDA:108,24,1,89
BRDA:110,25,0,1
BRDA:110,25,1,86
BRDA:124,26,0,0
BRDA:140,27,0,3
BRDA:142,28,0,6
BRDA:144,29,0,2
BRDA:144,29,1,6
BRDA:144,30,0,8
BRDA:144,30,1,6
BRDA:144,30,2,6
BRDA:145,31,0,1
BRDA:145,31,1,1
BRDA:152,32,0,6
BRDA:152,32,1,0
BRDA:152,33,0,6
BRDA:152,33,1,6
BRDA:154,34,0,1
BRDA:154,34,1,5
BRDA:161,35,0,0
BRDA:161,35,1,5
BRDA:165,36,0,1
BRDA:165,36,1,4
BRDA:165,37,0,5
BRDA:165,37,1,2
BRDA:169,38,0,1
BRDA:169,38,1,3
BRDA:169,39,0,4
BRDA:169,39,1,2
BRDA:184,40,0,6
BRDA:186,41,0,7
BRDA:188,42,0,3
BRDA:188,42,1,5
BRDA:188,43,0,8
BRDA:188,43,1,6
BRDA:188,43,2,6
BRDA:189,44,0,1
BRDA:189,44,1,2
BRDA:192,45,0,2
BRDA:192,45,1,3
BRDA:196,46,0,3
BRDA:196,46,1,0
BRDA:197,47,0,1
BRDA:197,47,1,2
BRF:89
BRH:81
end_of_record
TN:
SF:src/utils/necTables.ts
FNF:0
FNH:0
DA:2,1
LF:1
LH:1
BRF:0
BRH:0
end_of_record
TN:
SF:src/utils/wireConversion.ts
FN:34,(anonymous_0)
FN:41,awgToMm2
FN:48,mm2ToAwg
FN:53,(anonymous_3)
FN:67,getMetricWireSizes
FN:77,findMinimumMetricWireSize
FN:80,(anonymous_6)
FN:88,convertAwgWireToMetric
FN:111,formatWireSize
FNF:9
FNH:1
FNDA:207,(anonymous_0)
FNDA:0,awgToMm2
FNDA:0,mm2ToAwg
FNDA:0,(anonymous_3)
FNDA:0,getMetricWireSizes
FNDA:0,findMinimumMetricWireSize
FNDA:0,(anonymous_6)
FNDA:0,convertAwgWireToMetric
FNDA:0,formatWireSize
DA:6,9
DA:33,9
DA:34,9
DA:35,207
DA:41,9
DA:42,0
DA:48,9
DA:50,0
DA:51,0
DA:53,0
DA:54,0
DA:55,0
DA:56,0
DA:57,0
DA:61,0
DA:67,9
DA:68,0
DA:77,9
DA:78,0
DA:79,0
DA:80,0
DA:88,9
DA:97,0
DA:98,0
DA:100,0
DA:111,9
DA:115,0
LF:27
LH:10
BRDA:42,0,0,0
BRDA:42,0,1,0
BRDA:55,1,0,0
BRDA:55,1,1,0
BRDA:80,2,0,0
BRDA:80,2,1,0
BRDA:115,3,0,0
BRDA:115,3,1,0
BRF:8
BRH:0
end_of_record
TN:
SF:src/utils/calculations/bs7671WireCalculations.ts
FN:474,calculateBS7671WireSize
FN:531,(anonymous_1)
FN:586,(anonymous_2)
FN:662,calculateBS7671CorrectionFactors
FN:684,(anonymous_4)
FN:704,(anonymous_5)
FN:745,calculateBS7671VoltageDropForCable
FN:803,calculatePowerLoss
FN:824,getBS7671CableCostFactor
FN:853,applyUKDiversityFactor
FN:864,getBS7671CableSpecifications
FN:871,getBS7671CableData
FN:874,(anonymous_12)
FN:880,getBS7671CableSizes
FN:881,(anonymous_14)
FN:887,getBS7671TemperatureCorrectionFactors
FN:894,getBS7671GroupingFactors
FN:901,getBS7671InstallationMethodFactors
FN:911,getUKDiversityFactors
FNF:19
FNH:17
FNDA:36,calculateBS7671WireSize
FNDA:720,(anonymous_1)
FNDA:180,(anonymous_2)
FNDA:36,calculateBS7671CorrectionFactors
FNDA:432,(anonymous_4)
FNDA:684,(anonymous_5)
FNDA:266,calculateBS7671VoltageDropForCable
FNDA:36,calculatePowerLoss
FNDA:180,getBS7671CableCostFactor
FNDA:0,applyUKDiversityFactor
FNDA:1,getBS7671CableSpecifications
FNDA:1,getBS7671CableData
FNDA:5,(anonymous_12)
FNDA:1,getBS7671CableSizes
FNDA:20,(anonymous_14)
FNDA:1,getBS7671TemperatureCorrectionFactors
FNDA:1,getBS7671GroupingFactors
FNDA:1,getBS7671InstallationMethodFactors
FNDA:0,getUKDiversityFactors
DA:8,7
DA:51,7
DA:316,7
DA:354,7
DA:381,7
DA:458,7
DA:469,7
DA:474,7
DA:490,36
DA:492,36
DA:493,36
DA:496,36
DA:497,36
DA:500,36
DA:501,1
DA:507,36
DA:508,4
DA:514,36
DA:524,36
DA:531,36
DA:532,720
DA:533,720
DA:536,36
DA:537,0
DA:543,36
DA:544,36
DA:545,36
DA:555,36
DA:556,50
DA:565,50
DA:566,36
DA:567,36
DA:568,36
DA:573,36
DA:583,36
DA:586,36
DA:587,180
DA:596,180
DA:606,36
DA:607,36
DA:609,36
DA:611,36
DA:613,36
DA:616,36
DA:617,1
DA:622,36
DA:681,36
DA:682,36
DA:684,432
DA:685,36
DA:687,36
DA:688,129
DA:689,36
DA:690,36
DA:695,36
DA:696,0
DA:700,36
DA:701,36
DA:702,36
DA:704,684
DA:705,36
DA:707,36
DA:708,124
DA:709,36
DA:710,36
DA:715,36
DA:716,0
DA:723,36
DA:726,36
DA:727,36
DA:729,0
DA:730,0
DA:734,36
DA:763,266
DA:767,266
DA:774,266
DA:776,230
DA:777,230
DA:784,36
DA:785,36
DA:792,266
DA:794,266
DA:812,36
DA:817,36
DA:818,36
DA:825,180
DA:847,180
DA:853,7
DA:857,0
DA:858,0
DA:864,7
DA:865,1
DA:871,7
DA:874,5
DA:880,7
DA:881,20
DA:887,7
DA:888,1
DA:894,7
DA:895,1
DA:901,7
DA:905,1
DA:911,7
DA:912,0
LF:104
LH:96
BRDA:484,0,0,29
BRDA:485,1,0,31
BRDA:486,2,0,36
BRDA:488,3,0,36
BRDA:500,4,0,1
BRDA:500,4,1,35
BRDA:507,5,0,4
BRDA:507,5,1,32
BRDA:507,6,0,36
BRDA:507,6,1,6
BRDA:536,7,0,0
BRDA:536,7,1,36
BRDA:565,8,0,36
BRDA:565,8,1,14
BRDA:611,9,0,36
BRDA:611,9,1,36
BRDA:616,10,0,1
BRDA:616,10,1,35
BRDA:616,11,0,36
BRDA:616,11,1,36
BRDA:634,12,0,36
BRDA:634,12,1,36
BRDA:634,12,2,36
BRDA:634,12,3,36
BRDA:688,13,0,36
BRDA:688,13,1,93
BRDA:695,14,0,0
BRDA:695,14,1,36
BRDA:701,15,0,36
BRDA:701,15,1,0
BRDA:708,16,0,36
BRDA:708,16,1,88
BRDA:715,17,0,0
BRDA:715,17,1,36
BRDA:723,18,0,36
BRDA:723,18,1,0
BRDA:727,19,0,0
BRDA:727,19,1,36
BRDA:727,20,0,36
BRDA:727,20,1,36
BRDA:729,21,0,0
BRDA:729,21,1,0
BRDA:767,22,0,0
BRDA:767,22,1,266
BRDA:774,23,0,230
BRDA:774,23,1,36
BRDA:812,24,0,0
BRDA:812,24,1,36
BRDA:817,25,0,31
BRDA:817,25,1,5
BRDA:847,26,0,180
BRDA:847,26,1,0
BRDA:857,27,0,0
BRDA:857,27,1,0
BRF:54
BRH:41
end_of_record
TN:
SF:src/utils/calculations/conduitFillRouter.ts
FN:23,calculateConduitFill
FN:45,validateConduitFillInput
FN:67,(anonymous_2)
FN:128,validateNECSpecificConstraints
FN:139,(anonymous_4)
FN:147,(anonymous_5)
FN:159,validateIECSpecificConstraints
FN:170,(anonymous_7)
FN:178,(anonymous_8)
FN:190,getApplicationRequirements
FN:224,getInstallationMethodFactors
FN:256,calculateEnvironmentalCompliance
FN:291,(anonymous_12)
FN:310,(anonymous_13)
FN:312,(anonymous_14)
FN:336,getConduitFillRecommendations
FN:347,(anonymous_16)
FN:362,findOptimalConduitSize
FNF:18
FNH:18
FNDA:13,calculateConduitFill
FNDA:35,validateConduitFillInput
FNDA:44,(anonymous_2)
FNDA:24,validateNECSpecificConstraints
FNDA:33,(anonymous_4)
FNDA:33,(anonymous_5)
FNDA:9,validateIECSpecificConstraints
FNDA:9,(anonymous_7)
FNDA:9,(anonymous_8)
FNDA:28,getApplicationRequirements
FNDA:26,getInstallationMethodFactors
FNDA:11,calculateEnvironmentalCompliance
FNDA:21,(anonymous_12)
FNDA:24,(anonymous_13)
FNDA:15,(anonymous_14)
FNDA:2,getConduitFillRecommendations
FNDA:3,(anonymous_16)
FNDA:3,findOptimalConduitSize
DA:14,2
DA:15,2
DA:16,2
DA:17,2
DA:23,2
DA:24,13
DA:27,13
DA:28,13
DA:29,1
DA:33,12
DA:34,6
DA:35,6
DA:36,5
DA:38,1
DA:45,2
DA:46,35
DA:49,35
DA:50,2
DA:53,35
DA:54,1
DA:57,35
DA:58,1
DA:61,35
DA:62,1
DA:66,35
DA:67,35
DA:68,44
DA:69,1
DA:71,44
DA:72,1
DA:74,44
DA:75,1
DA:77,44
DA:78,1
DA:84,35
DA:85,24
DA:86,11
DA:87,9
DA:91,35
DA:92,2
DA:93,1
DA:98,35
DA:99,2
DA:100,1
DA:105,35
DA:109,35
DA:110,2
DA:114,35
DA:118,35
DA:119,2
DA:122,35
DA:129,24
DA:132,24
DA:133,24
DA:134,2
DA:138,24
DA:139,24
DA:140,33
DA:141,2
DA:146,24
DA:147,24
DA:148,33
DA:149,2
DA:153,24
DA:160,9
DA:163,9
DA:164,9
DA:165,1
DA:169,9
DA:170,9
DA:171,9
DA:172,1
DA:177,9
DA:178,9
DA:179,9
DA:180,1
DA:184,9
DA:190,2
DA:201,28
DA:205,28
DA:207,28
DA:209,0
DA:218,28
DA:224,2
DA:234,26
DA:238,26
DA:240,26
DA:242,0
DA:250,26
DA:256,2
DA:275,11
DA:276,11
DA:278,11
DA:279,11
DA:282,11
DA:283,11
DA:285,11
DA:286,0
DA:287,0
DA:291,11
DA:292,21
DA:295,11
DA:296,0
DA:297,0
DA:301,11
DA:304,11
DA:305,11
DA:306,11
DA:309,11
DA:310,24
DA:312,15
DA:315,11
DA:317,11
DA:336,2
DA:347,2
DA:348,3
DA:355,3
DA:362,2
DA:372,3
DA:380,3
LF:120
LH:114
BRDA:24,0,0,13
BRDA:24,0,1,1
BRDA:28,1,0,1
BRDA:28,1,1,12
BRDA:33,2,0,6
BRDA:33,2,1,6
BRDA:35,3,0,5
BRDA:35,3,1,1
BRDA:49,4,0,2
BRDA:49,4,1,33
BRDA:49,5,0,35
BRDA:49,5,1,35
BRDA:53,6,0,1
BRDA:53,6,1,34
BRDA:57,7,0,1
BRDA:57,7,1,34
BRDA:61,8,0,1
BRDA:61,8,1,34
BRDA:66,9,0,35
BRDA:66,9,1,0
BRDA:68,10,0,1
BRDA:68,10,1,43
BRDA:71,11,0,1
BRDA:71,11,1,43
BRDA:71,12,0,44
BRDA:71,12,1,43
BRDA:74,13,0,1
BRDA:74,13,1,43
BRDA:77,14,0,1
BRDA:77,14,1,43
BRDA:84,15,0,24
BRDA:84,15,1,11
BRDA:86,16,0,9
BRDA:86,16,1,2
BRDA:91,17,0,2
BRDA:91,17,1,33
BRDA:92,18,0,1
BRDA:92,18,1,1
BRDA:92,19,0,2
BRDA:92,19,1,2
BRDA:98,20,0,2
BRDA:98,20,1,33
BRDA:99,21,0,1
BRDA:99,21,1,1
BRDA:99,22,0,2
BRDA:99,22,1,2
BRDA:109,23,0,2
BRDA:109,23,1,33
BRDA:118,24,0,2
BRDA:118,24,1,33
BRDA:133,25,0,2
BRDA:133,25,1,22
BRDA:140,26,0,2
BRDA:140,26,1,31
BRDA:148,27,0,2
BRDA:148,27,1,31
BRDA:164,28,0,1
BRDA:164,28,1,8
BRDA:171,29,0,1
BRDA:171,29,1,8
BRDA:179,30,0,1
BRDA:179,30,1,8
BRDA:192,31,0,0
BRDA:201,32,0,16
BRDA:201,32,1,12
BRDA:207,33,0,0
BRDA:207,33,1,28
BRDA:214,34,0,0
BRDA:214,34,1,0
BRDA:226,35,0,4
BRDA:234,36,0,12
BRDA:234,36,1,14
BRDA:240,37,0,0
BRDA:240,37,1,26
BRDA:246,38,0,0
BRDA:246,38,1,0
BRDA:259,39,0,0
BRDA:260,40,0,0
BRDA:261,41,0,0
BRDA:283,42,0,11
BRDA:283,42,1,11
BRDA:285,43,0,0
BRDA:285,43,1,11
BRDA:291,44,0,11
BRDA:291,44,1,5
BRDA:295,45,0,0
BRDA:295,45,1,11
BRDA:306,46,0,11
BRDA:306,46,1,0
BRDA:309,47,0,6
BRDA:309,47,1,5
BRDA:315,48,0,11
BRDA:315,48,1,11
BRDA:315,48,2,11
BRDA:344,49,0,1
BRDA:345,50,0,1
BRDA:370,51,0,1
BRF:97
BRH:83
end_of_record
TN:
SF:src/utils/calculations/dc.ts
FN:22,calculateDCVoltageDrop
FN:64,calculateDCWireSize
FN:99,(anonymous_2)
FN:183,calculateBatteryChargingWire
FN:210,calculateSolarWire
FN:245,validateDCInput
FNF:6
FNH:6
FNDA:130,calculateDCVoltageDrop
FNDA:21,calculateDCWireSize
FNDA:254,(anonymous_2)
FNDA:2,calculateBatteryChargingWire
FNDA:2,calculateSolarWire
FNDA:12,validateDCInput
DA:5,9
DA:6,9
DA:7,9
DA:22,9
DA:35,130
DA:38,130
DA:44,130
DA:45,130
DA:48,130
DA:51,130
DA:53,130
DA:64,9
DA:75,21
DA:78,21
DA:83,21
DA:86,21
DA:90,21
DA:93,21
DA:96,21
DA:99,21
DA:100,254
DA:101,254
DA:104,21
DA:105,0
DA:109,21
DA:110,21
DA:112,21
DA:113,105
DA:122,105
DA:123,16
DA:124,16
DA:125,16
DA:128,89
DA:129,89
DA:130,89
DA:135,21
DA:144,21
DA:147,21
DA:148,21
DA:149,21
DA:150,21
DA:153,21
DA:154,21
DA:155,0
DA:156,0
DA:157,0
DA:160,21
DA:183,9
DA:193,2
DA:204,2
DA:210,9
DA:220,2
DA:222,2
DA:234,2
DA:245,9
DA:246,12
DA:248,12
DA:249,1
DA:252,12
DA:253,1
DA:256,12
DA:257,0
DA:260,12
DA:261,1
DA:264,12
DA:265,12
DA:266,1
DA:269,12
LF:68
LH:63
BRDA:38,0,0,1
BRDA:38,0,1,129
BRDA:71,1,0,4
BRDA:73,2,0,0
BRDA:74,3,0,12
BRDA:86,4,0,21
BRDA:86,4,1,17
BRDA:104,5,0,0
BRDA:104,5,1,21
BRDA:122,6,0,16
BRDA:122,6,1,89
BRDA:128,7,0,89
BRDA:128,7,1,0
BRDA:154,8,0,0
BRDA:154,8,1,21
BRDA:175,9,0,13
BRDA:175,9,1,8
BRDA:248,10,0,1
BRDA:248,10,1,11
BRDA:252,11,0,1
BRDA:252,11,1,11
BRDA:256,12,0,0
BRDA:256,12,1,12
BRDA:260,13,0,1
BRDA:260,13,1,11
BRDA:260,14,0,12
BRDA:260,14,1,8
BRDA:260,14,2,8
BRDA:265,15,0,1
BRDA:265,15,1,11
BRF:30
BRH:25
end_of_record
TN:
SF:src/utils/calculations/dcBreakerRouter.ts
FN:22,calculateDCBreakerSize
FN:46,shouldUseAutomotiveFuse
FN:95,getAutomotiveEfficiencyEstimate
FN:109,validateDCBreakerInput
FN:218,calculateSolarBreakerFromPanels
FN:247,getBreakerRecommendations
FN:253,(anonymous_6)
FNF:7
FNH:7
FNDA:48,calculateDCBreakerSize
FNDA:48,shouldUseAutomotiveFuse
FNDA:18,getAutomotiveEfficiencyEstimate
FNDA:21,validateDCBreakerInput
FNDA:5,calculateSolarBreakerFromPanels
FNDA:3,getBreakerRecommendations
FNDA:6,(anonymous_6)
DA:11,2
DA:12,2
DA:13,2
DA:22,2
DA:25,48
DA:28,48
DA:29,41
DA:32,7
DA:33,6
DA:34,1
DA:35,1
DA:37,0
DA:48,48
DA:49,48
DA:50,1
DA:54,47
DA:55,47
DA:56,47
DA:57,1
DA:62,46
DA:63,28
DA:64,18
DA:70,18
DA:73,18
DA:75,0
DA:79,46
DA:80,46
DA:82,46
DA:85,46
DA:86,46
DA:89,46
DA:97,18
DA:103,18
DA:109,2
DA:112,21
DA:115,21
DA:116,18
DA:117,18
DA:118,13
DA:123,8
DA:124,6
DA:125,0
DA:127,6
DA:128,0
DA:130,2
DA:131,1
DA:132,0
DA:134,1
DA:135,0
DA:137,1
DA:138,0
DA:140,1
DA:141,0
DA:144,1
DA:145,1
DA:146,1
DA:147,0
DA:153,1
DA:157,8
DA:158,0
DA:159,0
DA:164,0
DA:168,0
DA:169,0
DA:173,0
DA:179,8
DA:180,2
DA:184,1
DA:191,8
DA:200,8
DA:201,1
DA:207,8
DA:208,1
DA:211,8
DA:218,2
DA:224,5
DA:226,4
DA:228,4
DA:229,1
DA:231,3
DA:235,1
DA:236,1
DA:238,0
DA:247,2
DA:253,3
DA:254,6
DA:261,6
LF:87
LH:71
BRDA:25,0,0,48
BRDA:25,0,1,1
BRDA:28,1,0,41
BRDA:28,1,1,7
BRDA:32,2,0,6
BRDA:32,2,1,1
BRDA:34,3,0,1
BRDA:34,3,1,0
BRDA:49,4,0,1
BRDA:49,4,1,47
BRDA:55,5,0,47
BRDA:55,5,1,11
BRDA:56,6,0,1
BRDA:56,6,1,46
BRDA:62,7,0,28
BRDA:62,7,1,18
BRDA:63,8,0,28
BRDA:63,8,1,0
BRDA:64,9,0,18
BRDA:64,9,1,0
BRDA:65,10,0,18
BRDA:65,10,1,18
BRDA:65,10,2,18
BRDA:79,11,0,44
BRDA:79,11,1,2
BRDA:80,12,0,6
BRDA:80,12,1,40
BRDA:82,13,0,0
BRDA:82,13,1,46
BRDA:82,14,0,46
BRDA:82,14,1,0
BRDA:115,15,0,18
BRDA:115,15,1,3
BRDA:117,16,0,13
BRDA:117,16,1,5
BRDA:123,17,0,6
BRDA:123,17,1,2
BRDA:124,18,0,0
BRDA:124,18,1,6
BRDA:124,19,0,6
BRDA:124,19,1,6
BRDA:127,20,0,0
BRDA:127,20,1,6
BRDA:127,21,0,6
BRDA:127,21,1,6
BRDA:130,22,0,1
BRDA:130,22,1,1
BRDA:131,23,0,0
BRDA:131,23,1,1
BRDA:131,24,0,1
BRDA:131,24,1,1
BRDA:134,25,0,0
BRDA:134,25,1,1
BRDA:134,26,0,1
BRDA:134,26,1,1
BRDA:137,27,0,0
BRDA:137,27,1,1
BRDA:137,28,0,1
BRDA:137,28,1,1
BRDA:140,29,0,0
BRDA:140,29,1,1
BRDA:140,30,0,1
BRDA:140,30,1,1
BRDA:144,31,0,1
BRDA:144,31,1,0
BRDA:144,32,0,1
BRDA:144,32,1,1
BRDA:146,33,0,0
BRDA:146,33,1,1
BRDA:157,34,0,0
BRDA:157,34,1,8
BRDA:159,35,0,0
BRDA:159,35,1,0
BRDA:164,36,0,0
BRDA:164,36,1,0
BRDA:165,37,0,0
BRDA:165,37,1,0
BRDA:168,38,0,0
BRDA:168,38,1,0
BRDA:179,39,0,2
BRDA:179,39,1,6
BRDA:180,40,0,1
BRDA:180,40,1,1
BRDA:181,41,0,2
BRDA:181,41,1,1
BRDA:181,41,2,0
BRDA:200,42,0,1
BRDA:200,42,1,7
BRDA:207,43,0,1
BRDA:207,43,1,7
BRDA:207,44,0,8
BRDA:207,44,1,3
BRDA:221,45,0,1
BRDA:222,46,0,2
BRDA:224,47,0,4
BRDA:224,47,1,1
BRDA:228,48,0,1
BRDA:228,48,1,3
BRDA:235,49,0,1
BRDA:235,49,1,0
BRDA:250,50,0,1
BRDA:251,51,0,1
BRF:102
BRH:78
end_of_record
TN:
SF:src/utils/calculations/dcPowerUtils.ts
FN:32,calculateCurrentFromPower
FN:56,calculatePowerFromCurrent
FN:80,getApplicationEfficiency
FN:87,getLoadPowerFactor
FN:94,calculateSolarArrayCurrent
FN:115,calculateBatteryChargingCurrent
FN:143,validatePowerInputs
FN:174,calculatePowerLoss
FN:214,getRecommendedWireGauge
FNF:9
FNH:9
FNDA:31,calculateCurrentFromPower
FNDA:9,calculatePowerFromCurrent
FNDA:54,getApplicationEfficiency
FNDA:9,getLoadPowerFactor
FNDA:4,calculateSolarArrayCurrent
FNDA:3,calculateBatteryChargingCurrent
FNDA:11,validatePowerInputs
FNDA:3,calculatePowerLoss
FNDA:26,getRecommendedWireGauge
DA:9,4
DA:20,4
DA:32,4
DA:38,31
DA:39,2
DA:42,29
DA:43,1
DA:47,28
DA:50,28
DA:56,4
DA:62,9
DA:63,2
DA:66,7
DA:67,1
DA:71,6
DA:74,6
DA:80,4
DA:81,54
DA:87,4
DA:88,9
DA:94,4
DA:100,4
DA:102,4
DA:104,3
DA:107,1
DA:108,1
DA:115,4
DA:122,3
DA:125,3
DA:131,4
DA:136,3
DA:137,3
DA:143,4
DA:144,11
DA:146,11
DA:147,3
DA:150,11
DA:151,1
DA:154,11
DA:155,3
DA:158,11
DA:159,1
DA:163,11
DA:164,11
DA:165,3
DA:168,11
DA:174,4
DA:184,3
DA:187,3
DA:190,3
DA:192,3
DA:202,4
DA:207,4
DA:208,4
DA:214,4
DA:218,26
DA:220,14
DA:221,13
DA:222,12
DA:223,9
DA:224,8
DA:225,7
DA:226,6
DA:227,5
DA:228,4
DA:229,3
DA:230,2
DA:231,1
DA:234,12
DA:235,11
DA:236,10
DA:237,9
DA:238,8
DA:239,7
DA:240,6
DA:241,5
DA:242,4
DA:243,3
DA:244,2
DA:245,1
LF:80
LH:80
BRDA:35,0,0,17
BRDA:36,1,0,23
BRDA:38,2,0,2
BRDA:38,2,1,29
BRDA:42,3,0,1
BRDA:42,3,1,28
BRDA:59,4,0,7
BRDA:60,5,0,8
BRDA:62,6,0,2
BRDA:62,6,1,7
BRDA:66,7,0,1
BRDA:66,7,1,6
BRDA:81,8,0,54
BRDA:81,8,1,1
BRDA:88,9,0,9
BRDA:88,9,1,1
BRDA:98,10,0,1
BRDA:102,11,0,3
BRDA:102,11,1,1
BRDA:117,12,0,0
BRDA:119,13,0,2
BRDA:133,14,0,1
BRDA:134,15,0,2
BRDA:146,16,0,3
BRDA:146,16,1,8
BRDA:150,17,0,1
BRDA:150,17,1,10
BRDA:154,18,0,3
BRDA:154,18,1,8
BRDA:158,19,0,1
BRDA:158,19,1,10
BRDA:164,20,0,3
BRDA:164,20,1,8
BRDA:205,21,0,3
BRDA:216,22,0,1
BRDA:218,23,0,14
BRDA:218,23,1,12
BRDA:220,24,0,1
BRDA:220,24,1,13
BRDA:221,25,0,1
BRDA:221,25,1,12
BRDA:222,26,0,3
BRDA:222,26,1,9
BRDA:223,27,0,1
BRDA:223,27,1,8
BRDA:224,28,0,1
BRDA:224,28,1,7
BRDA:225,29,0,1
BRDA:225,29,1,6
BRDA:226,30,0,1
BRDA:226,30,1,5
BRDA:227,31,0,1
BRDA:227,31,1,4
BRDA:228,32,0,1
BRDA:228,32,1,3
BRDA:229,33,0,1
BRDA:229,33,1,2
BRDA:230,34,0,1
BRDA:230,34,1,1
BRDA:234,35,0,1
BRDA:234,35,1,11
BRDA:235,36,0,1
BRDA:235,36,1,10
BRDA:236,37,0,1
BRDA:236,37,1,9
BRDA:237,38,0,1
BRDA:237,38,1,8
BRDA:238,39,0,1
BRDA:238,39,1,7
BRDA:239,40,0,1
BRDA:239,40,1,6
BRDA:240,41,0,1
BRDA:240,41,1,5
BRDA:241,42,0,1
BRDA:241,42,1,4
BRDA:242,43,0,1
BRDA:242,43,1,3
BRDA:243,44,0,1
BRDA:243,44,1,2
BRDA:244,45,0,1
BRDA:244,45,1,1
BRF:81
BRH:80
end_of_record
TN:
SF:src/utils/calculations/iecBreakerCalculations.ts
FN:29,calculateIECBreakerSize
FN:145,(anonymous_1)
FN:185,checkIECCompliance
FN:227,checkIECWireCompatibility
FNF:4
FNH:4
FNDA:24,calculateIECBreakerSize
FNDA:33,(anonymous_1)
FNDA:22,checkIECCompliance
FNDA:2,checkIECWireCompatibility
DA:13,2
DA:14,2
DA:19,2
DA:24,2
DA:29,2
DA:47,24
DA:50,24
DA:53,24
DA:60,24
DA:62,2
DA:63,2
DA:65,2
DA:74,22
DA:76,21
DA:77,21
DA:79,1
DA:83,23
DA:84,23
DA:87,23
DA:89,2
DA:91,2
DA:92,1
DA:93,1
DA:94,1
DA:95,1
DA:96,1
DA:97,1
DA:98,0
DA:99,0
DA:100,0
DA:101,0
DA:102,0
DA:107,23
DA:108,23
DA:109,3
DA:110,3
DA:111,3
DA:115,23
DA:116,1
DA:117,1
DA:121,23
DA:122,4
DA:124,4
DA:125,4
DA:127,0
DA:128,0
DA:133,23
DA:134,23
DA:137,23
DA:140,23
DA:143,23
DA:144,23
DA:145,33
DA:147,23
DA:148,1
DA:152,22
DA:153,22
DA:154,22
DA:155,22
DA:157,22
DA:190,22
DA:193,2
DA:197,3
DA:201,11
DA:205,0
DA:209,4
DA:213,1
DA:217,1
DA:220,0
DA:229,2
DA:249,2
DA:250,2
DA:251,2
DA:253,1
LF:74
LH:65
BRDA:37,0,0,20
BRDA:42,1,0,22
BRDA:44,2,0,23
BRDA:46,3,0,24
BRDA:53,4,0,24
BRDA:53,4,1,24
BRDA:60,5,0,2
BRDA:60,5,1,22
BRDA:60,6,0,24
BRDA:60,6,1,3
BRDA:60,6,2,3
BRDA:74,7,0,21
BRDA:74,7,1,1
BRDA:74,8,0,22
BRDA:74,8,1,21
BRDA:87,9,0,2
BRDA:87,9,1,21
BRDA:91,10,0,1
BRDA:91,10,1,1
BRDA:94,11,0,1
BRDA:94,11,1,0
BRDA:94,12,0,1
BRDA:94,12,1,1
BRDA:98,13,0,0
BRDA:98,13,1,0
BRDA:98,14,0,0
BRDA:98,14,1,0
BRDA:98,14,2,0
BRDA:108,15,0,3
BRDA:108,15,1,20
BRDA:115,16,0,1
BRDA:115,16,1,22
BRDA:115,17,0,23
BRDA:115,17,1,3
BRDA:121,18,0,4
BRDA:121,18,1,19
BRDA:122,19,0,4
BRDA:122,19,1,0
BRDA:147,20,0,1
BRDA:147,20,1,22
BRDA:155,21,0,2
BRDA:155,21,1,20
BRDA:164,22,0,3
BRDA:164,22,1,19
BRDA:190,23,0,2
BRDA:190,23,1,3
BRDA:190,23,2,11
BRDA:190,23,3,0
BRDA:190,23,4,4
BRDA:190,23,5,1
BRDA:190,23,6,1
BRDA:190,23,7,0
BRDA:197,24,0,3
BRDA:197,24,1,3
BRDA:201,25,0,11
BRDA:201,25,1,11
BRDA:205,26,0,0
BRDA:205,26,1,0
BRDA:213,27,0,1
BRDA:213,27,1,1
BRDA:251,28,0,1
BRDA:251,28,1,1
BRF:62
BRH:51
end_of_record
TN:
SF:src/utils/calculations/iecConduitFill.ts
FN:45,calculateIECConduitFill
FN:65,calculateIECConduitFill_New
FN:82,(anonymous_2)
FN:85,(anonymous_3)
FN:92,(anonymous_4)
FN:93,(anonymous_5)
FN:98,(anonymous_6)
FN:151,(anonymous_7)
FN:235,calculateIECWireBreakdown
FN:259,(anonymous_9)
FN:269,getIECWireSpecification
FN:278,(anonymous_11)
FN:284,calculateIECFillData
FN:325,calculateSpecificIECConduitFill
FN:394,calculateCostFactor
FN:425,getIECConduitSpecifications
FN:429,(anonymous_16)
FN:437,getIECWireSpecifications
FN:448,findMinimumIECConduitSize
FN:454,(anonymous_19)
FN:455,(anonymous_20)
FN:470,getIECBundlingFactor
FN:473,(anonymous_22)
FN:488,generateIECConduitFillComparisonData
FN:501,(anonymous_24)
FN:504,(anonymous_25)
FN:517,(anonymous_26)
FN:520,(anonymous_27)
FN:569,calculateIECConduitFill_Legacy
FN:574,(anonymous_29)
FN:587,(anonymous_30)
FN:593,(anonymous_31)
FN:596,(anonymous_32)
FN:613,(anonymous_33)
FN:643,(anonymous_34)
FN:653,(anonymous_35)
FN:660,findRecommendedConduitSize
FN:664,(anonymous_37)
FN:670,calculateSpecificConduitFill
FN:681,(anonymous_39)
FN:687,generateConduitFillComparisonData
FN:698,(anonymous_41)
FNF:42
FNH:37
FNDA:14,calculateIECConduitFill
FNDA:5,calculateIECConduitFill_New
FNDA:6,(anonymous_2)
FNDA:6,(anonymous_3)
FNDA:120,(anonymous_4)
FNDA:55,(anonymous_5)
FNDA:0,(anonymous_6)
FNDA:60,(anonymous_7)
FNDA:22,calculateIECWireBreakdown
FNDA:26,(anonymous_9)
FNDA:27,getIECWireSpecification
FNDA:148,(anonymous_11)
FNDA:222,calculateIECFillData
FNDA:0,calculateSpecificIECConduitFill
FNDA:60,calculateCostFactor
FNDA:3,getIECConduitSpecifications
FNDA:48,(anonymous_16)
FNDA:4,getIECWireSpecifications
FNDA:0,findMinimumIECConduitSize
FNDA:0,(anonymous_19)
FNDA:0,(anonymous_20)
FNDA:6,getIECBundlingFactor
FNDA:84,(anonymous_22)
FNDA:2,generateIECConduitFillComparisonData
FNDA:2,(anonymous_24)
FNDA:2,(anonymous_25)
FNDA:48,(anonymous_26)
FNDA:24,(anonymous_27)
FNDA:15,calculateIECConduitFill_Legacy
FNDA:19,(anonymous_29)
FNDA:360,(anonymous_30)
FNDA:18,(anonymous_31)
FNDA:19,(anonymous_32)
FNDA:22,(anonymous_33)
FNDA:204,(anonymous_34)
FNDA:143,(anonymous_35)
FNDA:4,findRecommendedConduitSize
FNDA:20,(anonymous_37)
FNDA:2,calculateSpecificConduitFill
FNDA:15,(anonymous_39)
FNDA:2,generateConduitFillComparisonData
FNDA:2,(anonymous_41)
DA:14,2
DA:22,2
DA:45,2
DA:49,14
DA:55,9
DA:59,5
DA:77,5
DA:80,5
DA:81,5
DA:82,6
DA:85,6
DA:88,5
DA:91,5
DA:92,120
DA:93,55
DA:96,5
DA:97,0
DA:98,0
DA:100,0
DA:101,0
DA:109,0
DA:116,5
DA:117,5
DA:118,5
DA:119,5
DA:121,5
DA:122,6
DA:128,6
DA:129,5
DA:130,5
DA:131,5
DA:132,5
DA:133,5
DA:138,5
DA:139,0
DA:140,0
DA:145,0
DA:146,0
DA:147,0
DA:151,5
DA:152,60
DA:157,60
DA:167,5
DA:171,5
DA:177,5
DA:185,5
DA:238,22
DA:239,22
DA:241,22
DA:242,27
DA:243,27
DA:244,26
DA:245,26
DA:247,26
DA:259,22
DA:260,26
DA:263,22
DA:274,27
DA:278,148
DA:298,222
DA:299,36
DA:300,36
DA:301,186
DA:302,0
DA:303,0
DA:305,186
DA:306,186
DA:309,222
DA:311,222
DA:312,222
DA:314,222
DA:332,0
DA:333,0
DA:337,0
DA:342,0
DA:396,60
DA:411,60
DA:416,60
DA:417,60
DA:419,60
DA:425,2
DA:428,3
DA:429,48
DA:431,1
DA:437,2
DA:440,4
DA:448,2
DA:453,0
DA:454,0
DA:455,0
DA:457,0
DA:458,0
DA:459,0
DA:460,0
DA:464,0
DA:470,2
DA:471,6
DA:473,84
DA:475,6
DA:476,46
DA:477,5
DA:482,1
DA:488,2
DA:499,2
DA:500,2
DA:501,2
DA:504,2
DA:508,2
DA:509,0
DA:510,2
DA:511,0
DA:513,2
DA:516,2
DA:517,48
DA:520,2
DA:521,24
DA:522,24
DA:523,24
DA:525,24
DA:569,2
DA:573,15
DA:574,19
DA:586,15
DA:587,360
DA:590,15
DA:591,15
DA:592,15
DA:593,18
DA:596,19
DA:599,15
DA:600,2
DA:601,24
DA:612,2
DA:613,22
DA:617,13
DA:618,156
DA:626,156
DA:634,156
DA:643,204
DA:652,13
DA:653,143
DA:660,2
DA:663,4
DA:664,20
DA:670,2
DA:675,2
DA:680,2
DA:681,15
DA:687,2
DA:698,2
DA:704,2
LF:151
LH:125
BRDA:49,0,0,9
BRDA:49,0,1,5
BRDA:50,1,0,14
BRDA:50,1,1,14
BRDA:50,1,2,13
BRDA:50,1,3,9
BRDA:50,1,4,9
BRDA:74,2,0,5
BRDA:75,3,0,5
BRDA:76,4,0,5
BRDA:96,5,0,0
BRDA:96,5,1,5
BRDA:100,6,0,0
BRDA:100,6,1,0
BRDA:128,7,0,5
BRDA:128,7,1,1
BRDA:138,8,0,0
BRDA:138,8,1,5
BRDA:243,9,0,26
BRDA:243,9,1,1
BRDA:274,10,0,3
BRDA:274,10,1,24
BRDA:298,11,0,36
BRDA:298,11,1,186
BRDA:301,12,0,0
BRDA:301,12,1,186
BRDA:380,13,0,0
BRDA:380,13,1,0
BRDA:381,14,0,0
BRDA:381,14,1,0
BRDA:416,15,0,60
BRDA:416,15,1,0
BRDA:417,16,0,60
BRDA:417,16,1,0
BRDA:428,17,0,2
BRDA:428,17,1,1
BRDA:438,18,0,1
BRDA:440,19,0,1
BRDA:440,19,1,3
BRDA:459,20,0,0
BRDA:459,20,1,0
BRDA:476,21,0,5
BRDA:476,21,1,41
BRDA:490,22,0,0
BRDA:508,23,0,0
BRDA:508,23,1,2
BRDA:510,24,0,0
BRDA:510,24,1,2
BRDA:599,25,0,2
BRDA:599,25,1,13
BRDA:626,26,0,156
BRDA:626,26,1,0
BRDA:664,27,0,4
BRDA:664,27,1,1
BRDA:681,28,0,2
BRDA:681,28,1,1
BRDA:689,29,0,0
BRF:57
BRH:39
end_of_record
TN:
SF:src/utils/calculations/iecWireCalculations.ts
FN:474,calculateIECWireSize
FN:517,(anonymous_1)
FN:572,(anonymous_2)
FN:640,calculateIECCorrectionFactors
FN:662,(anonymous_4)
FN:682,(anonymous_5)
FN:723,calculateIECVoltageDropForCable
FN:781,calculatePowerLoss
FN:802,getIECCableCostFactor
FN:834,getIECCableSpecifications
FN:841,getIECCableData
FN:844,(anonymous_11)
FN:850,getIECCableSizes
FN:851,(anonymous_13)
FN:857,getIECTemperatureCorrectionFactors
FN:864,getIECGroupingFactors
FN:871,getIECInstallationMethodFactors
FNF:17
FNH:17
FNDA:46,calculateIECWireSize
FNDA:1058,(anonymous_1)
FNDA:227,(anonymous_2)
FNDA:46,calculateIECCorrectionFactors
FNDA:736,(anonymous_4)
FNDA:874,(anonymous_5)
FNDA:400,calculateIECVoltageDropForCable
FNDA:46,calculatePowerLoss
FNDA:227,getIECCableCostFactor
FNDA:1,getIECCableSpecifications
FNDA:1,getIECCableData
FNDA:6,(anonymous_11)
FNDA:3,getIECCableSizes
FNDA:69,(anonymous_13)
FNDA:1,getIECTemperatureCorrectionFactors
FNDA:1,getIECGroupingFactors
FNDA:1,getIECInstallationMethodFactors
DA:8,7
DA:49,7
DA:330,7
DA:381,7
DA:405,7
DA:469,7
DA:474,7
DA:490,46
DA:492,46
DA:493,46
DA:496,46
DA:497,46
DA:500,46
DA:510,46
DA:517,46
DA:518,1058
DA:519,1058
DA:522,46
DA:523,0
DA:529,46
DA:530,46
DA:531,46
DA:541,46
DA:542,127
DA:551,127
DA:552,45
DA:553,45
DA:554,45
DA:559,46
DA:569,46
DA:572,46
DA:573,227
DA:582,227
DA:592,46
DA:593,46
DA:595,46
DA:597,46
DA:599,46
DA:601,46
DA:659,46
DA:660,46
DA:662,736
DA:663,46
DA:665,46
DA:666,247
DA:667,46
DA:668,46
DA:673,46
DA:674,0
DA:678,46
DA:679,46
DA:680,46
DA:682,874
DA:683,46
DA:685,46
DA:686,159
DA:687,46
DA:688,46
DA:693,46
DA:694,0
DA:701,46
DA:704,46
DA:705,46
DA:707,0
DA:708,0
DA:712,46
DA:741,400
DA:745,400
DA:752,400
DA:754,352
DA:755,352
DA:762,48
DA:763,48
DA:770,400
DA:772,400
DA:790,46
DA:795,46
DA:796,46
DA:803,227
DA:828,227
DA:834,7
DA:835,1
DA:841,7
DA:844,6
DA:850,7
DA:851,69
DA:857,7
DA:858,1
DA:864,7
DA:865,1
DA:871,7
DA:875,1
LF:92
LH:87
BRDA:484,0,0,38
BRDA:485,1,0,41
BRDA:486,2,0,40
BRDA:488,3,0,46
BRDA:522,4,0,0
BRDA:522,4,1,46
BRDA:551,5,0,45
BRDA:551,5,1,82
BRDA:597,6,0,46
BRDA:597,6,1,46
BRDA:613,7,0,46
BRDA:613,7,1,46
BRDA:613,7,2,45
BRDA:613,7,3,45
BRDA:666,8,0,46
BRDA:666,8,1,201
BRDA:673,9,0,0
BRDA:673,9,1,46
BRDA:679,10,0,46
BRDA:679,10,1,0
BRDA:686,11,0,46
BRDA:686,11,1,113
BRDA:693,12,0,0
BRDA:693,12,1,46
BRDA:701,13,0,46
BRDA:701,13,1,0
BRDA:705,14,0,0
BRDA:705,14,1,46
BRDA:705,15,0,46
BRDA:705,15,1,46
BRDA:707,16,0,0
BRDA:707,16,1,0
BRDA:745,17,0,20
BRDA:745,17,1,380
BRDA:752,18,0,352
BRDA:752,18,1,48
BRDA:790,19,0,2
BRDA:790,19,1,44
BRDA:795,20,0,39
BRDA:795,20,1,7
BRDA:828,21,0,227
BRDA:828,21,1,0
BRF:42
BRH:33
end_of_record
TN:
SF:src/utils/calculations/necBreakerCalculations.ts
FN:29,calculateNECBreakerSize
FN:136,(anonymous_1)
FN:176,checkNECCompliance
FN:212,checkNECWireCompatibility
FNF:4
FNH:4
FNDA:23,calculateNECBreakerSize
FNDA:29,(anonymous_1)
FNDA:21,checkNECCompliance
FNDA:1,checkNECWireCompatibility
DA:13,2
DA:14,2
DA:19,2
DA:24,2
DA:29,2
DA:47,23
DA:50,23
DA:53,23
DA:60,23
DA:62,3
DA:63,3
DA:65,3
DA:74,20
DA:76,19
DA:77,19
DA:79,1
DA:83,22
DA:84,22
DA:87,22
DA:88,3
DA:89,1
DA:90,1
DA:91,2
DA:92,1
DA:93,1
DA:94,1
DA:95,1
DA:96,0
DA:97,0
DA:98,0
DA:99,0
DA:104,22
DA:105,22
DA:106,1
DA:107,1
DA:108,1
DA:112,22
DA:113,1
DA:114,1
DA:118,22
DA:119,2
DA:120,2
DA:124,22
DA:125,22
DA:128,22
DA:131,22
DA:134,22
DA:135,22
DA:136,29
DA:138,22
DA:139,1
DA:143,21
DA:144,21
DA:145,21
DA:146,21
DA:148,21
DA:181,21
DA:184,3
DA:188,3
DA:192,12
DA:196,0
DA:202,3
DA:205,0
DA:214,1
DA:229,1
DA:230,1
DA:232,1
LF:67
LH:61
BRDA:37,0,0,21
BRDA:42,1,0,22
BRDA:44,2,0,22
BRDA:46,3,0,23
BRDA:53,4,0,23
BRDA:53,4,1,23
BRDA:60,5,0,3
BRDA:60,5,1,20
BRDA:60,6,0,23
BRDA:60,6,1,4
BRDA:60,6,2,4
BRDA:74,7,0,19
BRDA:74,7,1,1
BRDA:74,8,0,20
BRDA:74,8,1,19
BRDA:87,9,0,3
BRDA:87,9,1,19
BRDA:88,10,0,1
BRDA:88,10,1,2
BRDA:91,11,0,1
BRDA:91,11,1,1
BRDA:91,12,0,2
BRDA:91,12,1,1
BRDA:95,13,0,0
BRDA:95,13,1,1
BRDA:95,14,0,1
BRDA:95,14,1,0
BRDA:95,14,2,0
BRDA:105,15,0,1
BRDA:105,15,1,21
BRDA:112,16,0,1
BRDA:112,16,1,21
BRDA:112,17,0,22
BRDA:112,17,1,3
BRDA:118,18,0,2
BRDA:118,18,1,20
BRDA:118,19,0,22
BRDA:118,19,1,2
BRDA:138,20,0,1
BRDA:138,20,1,21
BRDA:146,21,0,1
BRDA:146,21,1,20
BRDA:155,22,0,1
BRDA:155,22,1,20
BRDA:181,23,0,3
BRDA:181,23,1,3
BRDA:181,23,2,12
BRDA:181,23,3,0
BRDA:181,23,4,2
BRDA:181,23,5,3
BRDA:181,23,6,3
BRDA:181,23,7,0
BRDA:188,24,0,3
BRDA:188,24,1,3
BRDA:192,25,0,12
BRDA:192,25,1,12
BRDA:196,26,0,0
BRDA:196,26,1,0
BRDA:230,27,0,0
BRDA:230,27,1,1
BRF:60
BRH:52
end_of_record
TN:
SF:src/utils/calculations/necConduitFill.ts
FN:18,calculateNECConduitFill
FN:32,(anonymous_1)
FN:33,(anonymous_2)
FN:40,(anonymous_3)
FN:41,(anonymous_4)
FN:45,(anonymous_5)
FN:87,(anonymous_6)
FN:161,calculateNECWireBreakdown
FN:166,(anonymous_8)
FN:183,(anonymous_9)
FN:193,calculateNECFillData
FN:233,calculateSpecificNECConduitFill
FN:294,calculateCostFactor
FN:326,getNECConduitSpecifications
FN:328,(anonymous_14)
FN:336,getNECWireSpecifications
FN:343,findMinimumNECConduitSize
FN:349,(anonymous_17)
FN:350,(anonymous_18)
FNF:19
FNH:11
FNDA:6,calculateNECConduitFill
FNDA:16,(anonymous_1)
FNDA:16,(anonymous_2)
FNDA:300,(anonymous_3)
FNDA:54,(anonymous_4)
FNDA:0,(anonymous_5)
FNDA:60,(anonymous_6)
FNDA:6,calculateNECWireBreakdown
FNDA:30,(anonymous_8)
FNDA:16,(anonymous_9)
FNDA:76,calculateNECFillData
FNDA:0,calculateSpecificNECConduitFill
FNDA:60,calculateCostFactor
FNDA:0,getNECConduitSpecifications
FNDA:0,(anonymous_14)
FNDA:0,getNECWireSpecifications
FNDA:0,findMinimumNECConduitSize
FNDA:0,(anonymous_17)
FNDA:0,(anonymous_18)
DA:12,2
DA:13,2
DA:18,2
DA:28,6
DA:31,6
DA:32,16
DA:33,16
DA:36,6
DA:39,6
DA:40,300
DA:41,54
DA:44,6
DA:45,0
DA:46,0
DA:47,0
DA:55,0
DA:60,6
DA:61,6
DA:62,6
DA:63,6
DA:65,6
DA:66,16
DA:68,16
DA:69,6
DA:70,6
DA:71,6
DA:72,6
DA:73,6
DA:78,6
DA:79,0
DA:80,0
DA:81,0
DA:82,0
DA:83,0
DA:87,6
DA:88,60
DA:89,60
DA:99,6
DA:100,6
DA:103,6
DA:111,6
DA:162,6
DA:163,6
DA:165,6
DA:166,30
DA:167,16
DA:168,16
DA:169,16
DA:171,16
DA:183,6
DA:184,16
DA:187,6
DA:207,76
DA:208,0
DA:209,0
DA:210,76
DA:211,11
DA:212,11
DA:214,65
DA:215,65
DA:218,76
DA:219,76
DA:220,76
DA:222,76
DA:240,0
DA:241,0
DA:242,0
DA:244,0
DA:296,60
DA:309,60
DA:317,60
DA:318,60
DA:320,60
DA:326,2
DA:327,0
DA:328,0
DA:330,0
DA:336,2
DA:337,0
DA:343,2
DA:348,0
DA:349,0
DA:350,0
DA:352,0
DA:353,0
DA:354,0
DA:355,0
DA:359,0
LF:88
LH:61
BRDA:25,0,0,6
BRDA:26,1,0,6
BRDA:27,2,0,6
BRDA:44,3,0,0
BRDA:44,3,1,6
BRDA:46,4,0,0
BRDA:46,4,1,0
BRDA:68,5,0,6
BRDA:68,5,1,10
BRDA:78,6,0,0
BRDA:78,6,1,6
BRDA:167,7,0,16
BRDA:167,7,1,0
BRDA:207,8,0,0
BRDA:207,8,1,76
BRDA:210,9,0,11
BRDA:210,9,1,65
BRDA:279,10,0,0
BRDA:279,10,1,0
BRDA:280,11,0,0
BRDA:280,11,1,0
BRDA:317,12,0,60
BRDA:317,12,1,0
BRDA:318,13,0,60
BRDA:318,13,1,0
BRDA:327,14,0,0
BRDA:327,14,1,0
BRDA:354,15,0,0
BRDA:354,15,1,0
BRF:29
BRH:13
end_of_record
TN:
SF:src/utils/calculations/necWireCalculations.ts
FN:417,calculateNECWireSize
FN:460,(anonymous_1)
FN:515,(anonymous_2)
FN:586,calculateNECCorrectionFactors
FN:606,(anonymous_4)
FN:624,(anonymous_5)
FN:655,calculateNECVoltageDropForWire
FN:704,getAmpacityForTemperature
FN:723,calculatePowerLoss
FN:744,getNECWireCostFactor
FN:774,getNECWireSpecifications
FN:781,getNECWireData
FN:782,(anonymous_12)
FN:788,getNECWireSizes
FN:789,(anonymous_14)
FN:795,getNECTemperatureCorrectionFactors
FN:802,getNECConductorAdjustmentFactors
FNF:17
FNH:17
FNDA:48,calculateNECWireSize
FNDA:1008,(anonymous_1)
FNDA:227,(anonymous_2)
FNDA:48,calculateNECCorrectionFactors
FNDA:576,(anonymous_4)
FNDA:1920,(anonymous_5)
FNDA:374,calculateNECVoltageDropForWire
FNDA:1281,getAmpacityForTemperature
FNDA:46,calculatePowerLoss
FNDA:227,getNECWireCostFactor
FNDA:1,getNECWireSpecifications
FNDA:1,getNECWireData
FNDA:2,(anonymous_12)
FNDA:3,getNECWireSizes
FNDA:63,(anonymous_14)
FNDA:1,getNECTemperatureCorrectionFactors
FNDA:1,getNECConductorAdjustmentFactors
DA:8,7
DA:47,7
DA:285,7
DA:334,7
DA:379,7
DA:412,7
DA:417,7
DA:433,48
DA:435,48
DA:436,48
DA:439,48
DA:440,48
DA:441,47
DA:445,48
DA:454,48
DA:460,48
DA:461,1008
DA:462,1008
DA:465,48
DA:466,2
DA:472,46
DA:473,46
DA:474,46
DA:484,46
DA:485,101
DA:494,101
DA:495,45
DA:496,45
DA:497,45
DA:502,46
DA:512,46
DA:515,46
DA:516,227
DA:525,227
DA:535,46
DA:539,46
DA:541,46
DA:543,46
DA:545,46
DA:547,46
DA:603,48
DA:604,48
DA:606,576
DA:607,48
DA:609,48
DA:610,160
DA:611,48
DA:612,48
DA:617,48
DA:618,0
DA:622,48
DA:624,1920
DA:625,48
DA:627,48
DA:628,196
DA:629,48
DA:630,48
DA:635,48
DA:636,0
DA:642,48
DA:644,48
DA:673,374
DA:677,374
DA:684,374
DA:686,367
DA:689,7
DA:693,374
DA:695,374
DA:708,1281
DA:710,54
DA:712,1173
DA:714,54
DA:716,0
DA:732,46
DA:737,46
DA:738,46
DA:745,227
DA:768,227
DA:774,7
DA:775,1
DA:781,7
DA:782,2
DA:788,7
DA:789,63
DA:795,7
DA:796,1
DA:802,7
DA:803,1
LF:88
LH:85
BRDA:427,0,0,42
BRDA:428,1,0,44
BRDA:429,2,0,42
BRDA:430,3,0,0
BRDA:431,4,0,45
BRDA:439,5,0,47
BRDA:439,5,1,1
BRDA:440,6,0,47
BRDA:440,6,1,1
BRDA:465,7,0,2
BRDA:465,7,1,46
BRDA:494,8,0,45
BRDA:494,8,1,56
BRDA:543,9,0,46
BRDA:543,9,1,46
BRDA:559,10,0,46
BRDA:559,10,1,46
BRDA:559,10,2,45
BRDA:559,10,3,45
BRDA:571,11,0,45
BRDA:571,11,1,1
BRDA:610,12,0,48
BRDA:610,12,1,112
BRDA:617,13,0,0
BRDA:617,13,1,48
BRDA:628,14,0,48
BRDA:628,14,1,148
BRDA:635,15,0,0
BRDA:635,15,1,48
BRDA:642,16,0,48
BRDA:642,16,1,0
BRDA:677,17,0,18
BRDA:677,17,1,356
BRDA:684,18,0,367
BRDA:684,18,1,7
BRDA:708,19,0,54
BRDA:708,19,1,1173
BRDA:708,19,2,54
BRDA:708,19,3,0
BRDA:732,20,0,2
BRDA:732,20,1,44
BRDA:737,21,0,45
BRDA:737,21,1,1
BRDA:768,22,0,227
BRDA:768,22,1,0
BRF:45
BRH:39
end_of_record
TN:
SF:src/utils/calculations/wireCalculatorRouter.ts
FN:130,calculateWireSize
FN:210,validateWireCalculationInput
FN:283,validateNECSpecificConstraints
FN:308,validateIECSpecificConstraints
FN:328,validateBS7671SpecificConstraints
FN:343,validateDCSpecificConstraints
FN:379,isDCStandard
FN:386,getStandardDefaults
FN:487,getVoltageDropLimits
FN:522,convertWireSize
FNF:10
FNH:9
FNDA:8,calculateWireSize
FNDA:17,validateWireCalculationInput
FNDA:8,validateNECSpecificConstraints
FNDA:3,validateIECSpecificConstraints
FNDA:1,validateBS7671SpecificConstraints
FNDA:4,validateDCSpecificConstraints
FNDA:15,isDCStandard
FNDA:7,getStandardDefaults
FNDA:135,getVoltageDropLimits
FNDA:0,convertWireSize
DA:18,7
DA:19,7
DA:20,7
DA:21,7
DA:130,7
DA:131,8
DA:134,8
DA:135,8
DA:136,0
DA:140,8
DA:141,3
DA:142,5
DA:143,1
DA:144,4
DA:145,1
DA:146,3
DA:148,2
DA:162,2
DA:165,2
DA:203,1
DA:210,7
DA:211,17
DA:214,17
DA:215,2
DA:217,17
DA:218,0
DA:221,17
DA:222,1
DA:224,17
DA:225,0
DA:228,17
DA:229,1
DA:231,17
DA:232,0
DA:235,17
DA:236,0
DA:239,17
DA:240,0
DA:243,17
DA:244,0
DA:248,17
DA:249,1
DA:250,1
DA:254,17
DA:255,0
DA:256,0
DA:260,17
DA:261,0
DA:262,0
DA:267,17
DA:268,8
DA:269,9
DA:270,3
DA:271,6
DA:272,1
DA:273,5
DA:274,4
DA:277,17
DA:284,8
DA:287,8
DA:288,0
DA:292,8
DA:293,8
DA:294,1
DA:298,8
DA:299,0
DA:302,8
DA:309,3
DA:312,3
DA:313,3
DA:314,1
DA:318,3
DA:319,0
DA:322,3
DA:329,1
DA:332,1
DA:333,1
DA:334,0
DA:337,1
DA:344,4
DA:347,4
DA:348,1
DA:352,4
DA:353,1
DA:357,4
DA:358,0
DA:362,4
DA:363,4
DA:364,0
DA:368,4
DA:369,4
DA:370,0
DA:373,4
DA:379,7
DA:380,15
DA:386,7
DA:387,7
DA:398,7
DA:400,1
DA:410,1
DA:419,1
DA:428,1
DA:441,1
DA:454,1
DA:467,1
DA:480,0
DA:487,7
DA:492,135
DA:494,47
DA:497,47
DA:500,37
DA:503,1
DA:506,1
DA:509,1
DA:512,1
DA:515,0
DA:522,7
DA:525,0
DA:526,0
DA:530,0
LF:120
LH:97
BRDA:135,0,0,0
BRDA:135,0,1,8
BRDA:140,1,0,3
BRDA:140,1,1,5
BRDA:142,2,0,1
BRDA:142,2,1,4
BRDA:144,3,0,1
BRDA:144,3,1,3
BRDA:146,4,0,2
BRDA:146,4,1,1
BRDA:152,5,0,2
BRDA:152,5,1,0
BRDA:153,6,0,2
BRDA:153,6,1,0
BRDA:158,7,0,2
BRDA:158,7,1,2
BRDA:174,8,0,2
BRDA:174,8,1,2
BRDA:188,9,0,2
BRDA:188,9,1,2
BRDA:196,10,0,2
BRDA:196,10,1,0
BRDA:197,11,0,2
BRDA:197,11,1,0
BRDA:214,12,0,2
BRDA:214,12,1,15
BRDA:214,13,0,17
BRDA:214,13,1,15
BRDA:217,14,0,0
BRDA:217,14,1,17
BRDA:221,15,0,1
BRDA:221,15,1,16
BRDA:221,16,0,17
BRDA:221,16,1,16
BRDA:224,17,0,0
BRDA:224,17,1,17
BRDA:228,18,0,1
BRDA:228,18,1,16
BRDA:228,19,0,17
BRDA:228,19,1,16
BRDA:231,20,0,0
BRDA:231,20,1,17
BRDA:235,21,0,0
BRDA:235,21,1,17
BRDA:239,22,0,0
BRDA:239,22,1,17
BRDA:243,23,0,0
BRDA:243,23,1,17
BRDA:248,24,0,1
BRDA:248,24,1,16
BRDA:249,25,0,1
BRDA:249,25,1,0
BRDA:249,26,0,1
BRDA:249,26,1,1
BRDA:254,27,0,0
BRDA:254,27,1,17
BRDA:255,28,0,0
BRDA:255,28,1,0
BRDA:255,29,0,0
BRDA:255,29,1,0
BRDA:260,30,0,0
BRDA:260,30,1,17
BRDA:261,31,0,0
BRDA:261,31,1,0
BRDA:261,32,0,0
BRDA:261,32,1,0
BRDA:267,33,0,8
BRDA:267,33,1,9
BRDA:269,34,0,3
BRDA:269,34,1,6
BRDA:271,35,0,1
BRDA:271,35,1,5
BRDA:273,36,0,4
BRDA:273,36,1,1
BRDA:287,37,0,0
BRDA:287,37,1,8
BRDA:287,38,0,8
BRDA:287,38,1,0
BRDA:293,39,0,1
BRDA:293,39,1,7
BRDA:298,40,0,0
BRDA:298,40,1,8
BRDA:298,41,0,8
BRDA:298,41,1,3
BRDA:313,42,0,1
BRDA:313,42,1,2
BRDA:318,43,0,0
BRDA:318,43,1,3
BRDA:318,44,0,3
BRDA:318,44,1,0
BRDA:333,45,0,0
BRDA:333,45,1,1
BRDA:347,46,0,1
BRDA:347,46,1,3
BRDA:352,47,0,1
BRDA:352,47,1,3
BRDA:357,48,0,0
BRDA:357,48,1,4
BRDA:357,49,0,4
BRDA:357,49,1,3
BRDA:363,50,0,0
BRDA:363,50,1,4
BRDA:363,51,0,4
BRDA:363,51,1,3
BRDA:369,52,0,0
BRDA:369,52,1,4
BRDA:398,53,0,1
BRDA:398,53,1,1
BRDA:398,53,2,1
BRDA:398,53,3,1
BRDA:398,53,4,1
BRDA:398,53,5,1
BRDA:398,53,6,1
BRDA:398,53,7,0
BRDA:492,54,0,47
BRDA:492,54,1,47
BRDA:492,54,2,37
BRDA:492,54,3,1
BRDA:492,54,4,1
BRDA:492,54,5,1
BRDA:492,54,6,1
BRDA:492,54,7,0
BRDA:525,55,0,0
BRDA:525,55,1,0
BRF:124
BRH:89
end_of_record
TN:
SF:src/utils/calculations/automotive/automotiveFuseCalculator.ts
FN:30,calculateAutomotiveFuseSize
FN:161,(anonymous_1)
FN:226,(anonymous_2)
FN:245,calculateAutomotiveTemperatureDerating
FN:259,checkWireCompatibility
FN:272,getWireAmpacity
FN:298,getAutomotiveFuseTypeRecommendation
FN:317,validateAutomotiveFuseInput
FNF:8
FNH:6
FNDA:77,calculateAutomotiveFuseSize
FNDA:202,(anonymous_1)
FNDA:129,(anonymous_2)
FNDA:4,calculateAutomotiveTemperatureDerating
FNDA:0,checkWireCompatibility
FNDA:0,getWireAmpacity
FNDA:6,getAutomotiveFuseTypeRecommendation
FNDA:23,validateAutomotiveFuseInput
DA:13,3
DA:20,3
DA:30,3
DA:45,77
DA:48,77
DA:49,77
DA:50,1
DA:67,76
DA:69,76
DA:70,47
DA:71,1
DA:75,46
DA:76,29
DA:77,29
DA:78,1
DA:82,28
DA:83,28
DA:89,28
DA:99,0
DA:103,74
DA:104,74
DA:109,74
DA:113,74
DA:114,4
DA:116,4
DA:120,74
DA:121,74
DA:122,2
DA:123,2
DA:127,74
DA:128,1
DA:134,73
DA:139,73
DA:140,0
DA:146,73
DA:151,73
DA:152,0
DA:157,73
DA:161,202
DA:164,73
DA:165,73
DA:167,73
DA:168,28
DA:170,45
DA:173,73
DA:175,73
DA:176,4
DA:179,73
DA:180,2
DA:183,73
DA:186,73
DA:197,73
DA:226,129
DA:249,4
DA:252,4
DA:253,4
DA:265,0
DA:266,0
DA:274,0
DA:292,0
DA:298,3
DA:303,6
DA:304,1
DA:305,5
DA:306,3
DA:307,2
DA:308,1
DA:310,1
DA:317,3
DA:320,23
DA:323,23
DA:324,23
DA:325,3
DA:331,23
DA:332,1
DA:338,23
DA:339,15
DA:340,2
DA:342,15
DA:343,3
DA:345,8
DA:346,7
DA:347,1
DA:349,7
DA:350,1
DA:354,7
DA:355,5
DA:356,5
DA:358,3
DA:366,23
DA:370,3
DA:375,23
LF:92
LH:85
BRDA:40,0,0,72
BRDA:41,1,0,77
BRDA:43,2,0,74
BRDA:48,3,0,77
BRDA:48,3,1,12
BRDA:49,4,0,1
BRDA:49,4,1,76
BRDA:69,5,0,47
BRDA:69,5,1,29
BRDA:70,6,0,1
BRDA:70,6,1,46
BRDA:70,7,0,47
BRDA:70,7,1,46
BRDA:76,8,0,29
BRDA:76,8,1,0
BRDA:77,9,0,1
BRDA:77,9,1,28
BRDA:77,10,0,29
BRDA:77,10,1,29
BRDA:77,10,2,29
BRDA:77,10,3,28
BRDA:82,11,0,28
BRDA:82,11,1,27
BRDA:104,12,0,71
BRDA:104,12,1,3
BRDA:113,13,0,4
BRDA:113,13,1,70
BRDA:121,14,0,2
BRDA:121,14,1,72
BRDA:121,15,0,74
BRDA:121,15,1,73
BRDA:127,16,0,1
BRDA:127,16,1,73
BRDA:139,17,0,0
BRDA:139,17,1,73
BRDA:151,18,0,0
BRDA:151,18,1,73
BRDA:167,19,0,28
BRDA:167,19,1,45
BRDA:168,20,0,28
BRDA:168,20,1,27
BRDA:173,21,0,70
BRDA:173,21,1,3
BRDA:175,22,0,4
BRDA:175,22,1,69
BRDA:179,23,0,2
BRDA:179,23,1,71
BRDA:189,24,0,0
BRDA:189,24,1,73
BRDA:193,25,0,73
BRDA:193,25,1,73
BRDA:249,26,0,0
BRDA:249,26,1,4
BRDA:292,27,0,0
BRDA:292,27,1,0
BRDA:303,28,0,1
BRDA:303,28,1,5
BRDA:305,29,0,3
BRDA:305,29,1,2
BRDA:307,30,0,1
BRDA:307,30,1,1
BRDA:323,31,0,23
BRDA:323,31,1,8
BRDA:324,32,0,3
BRDA:324,32,1,20
BRDA:331,33,0,1
BRDA:331,33,1,22
BRDA:338,34,0,15
BRDA:338,34,1,8
BRDA:339,35,0,2
BRDA:339,35,1,13
BRDA:339,36,0,15
BRDA:339,36,1,13
BRDA:342,37,0,3
BRDA:342,37,1,12
BRDA:342,38,0,15
BRDA:342,38,1,13
BRDA:345,39,0,7
BRDA:345,39,1,1
BRDA:346,40,0,1
BRDA:346,40,1,6
BRDA:346,41,0,7
BRDA:346,41,1,6
BRDA:349,42,0,1
BRDA:349,42,1,6
BRDA:349,43,0,7
BRDA:349,43,1,6
BRDA:354,44,0,5
BRDA:354,44,1,2
BRDA:354,45,0,7
BRDA:354,45,1,6
BRDA:356,46,0,3
BRDA:356,46,1,2
BRDA:366,47,0,3
BRDA:366,47,1,20
BRDA:367,48,0,23
BRDA:367,48,1,3
BRDA:367,48,2,3
BRF:98
BRH:91
end_of_record
TN:
SF:src/utils/testData/electricalScenarios.ts
FN:249,(anonymous_0)
FN:259,(anonymous_1)
FN:269,(anonymous_2)
FN:306,generateRandomTestScenario
FN:324,generateLargeDataset
FNF:5
FNH:0
FNDA:0,(anonymous_0)
FNDA:0,(anonymous_1)
FNDA:0,(anonymous_2)
FNDA:0,generateRandomTestScenario
FNDA:0,generateLargeDataset
DA:19,1
DA:92,1
DA:204,1
DA:245,1
DA:251,0
DA:261,0
DA:271,0
DA:279,1
DA:295,1
DA:306,1
DA:307,0
DA:308,0
DA:311,0
DA:324,1
DA:325,0
DA:327,0
DA:328,0
DA:329,0
DA:332,0
LF:19
LH:8
BRDA:307,0,0,0
BRDA:307,0,1,0
BRDA:328,1,0,0
BRDA:328,1,1,0
BRF:4
BRH:0
end_of_record
